http://www.dds6qkxpwdeubwucdiaord2xgbbeyds25rbsgr73tbfpqpt4a6vjwsyd.onion/wiki/AppArmor AppArmor
https://www.svobod7mjzb3hwxhgcnx7ui2ffd4p5zulftzkzdlmpaztuuoxnlpwhyd.onion/p/6404.html?utm_source=rferl-russian&utm_medium=banner&utm_campaign=Signs-of-Life_banner_GR-1c Документальное кино - Радио Свобода
http://www.w5j6stm77zs6652pgsij4awcjeel3eco7kvipheu6mtr623eyyehj4yd.onion/wiki/Open-source_Hardware Open-source Hardware - Kicksecure
http://www.w5j6stm77zs6652pgsij4awcjeel3eco7kvipheu6mtr623eyyehj4yd.onion/wiki/Computer_Security_Introduction Computer Security Introduction - Kicksecure
http://metagerv65pwclop2rsfzg4jwowpavpwd6grhhlvdgsswvo6ii4akgyd.onion/meta/settings?fokus=web&url=http%3A%2F%2Fmetagerv65pwclop2rsfzg4jwowpavpwd6grhhlvdgsswvo6ii4akgyd.onion%2Fabout Sucheinstellungen (Web)
http://metagerv65pwclop2rsfzg4jwowpavpwd6grhhlvdgsswvo6ii4akgyd.onion/meta/settings?fokus=produkte&amp;url=http%3A%2F%2Fmetagerv65pwclop2rsfzg4jwowpavpwd6grhhlvdgsswvo6ii4akgyd.onion Sucheinstellungen (Produkte)
http://www.w5j6stm77zs6652pgsij4awcjeel3eco7kvipheu6mtr623eyyehj4yd.onion/wiki/Linux_Kernel_Runtime_Guard_LKRG Linux Kernel Runtime Guard (LKRG) for Debian, Whonix, Qubes, Kicksecure
http://metagerv65pwclop2rsfzg4jwowpavpwd6grhhlvdgsswvo6ii4akgyd.onion/meta/settings?fokus=bilder&url=http%3A%2F%2Fmetagerv65pwclop2rsfzg4jwowpavpwd6grhhlvdgsswvo6ii4akgyd.onion%2Fabout Sucheinstellungen (Bilder)
https://hi-in.facebookwkhpilnemxj7asaniu7vnjjbiltxjqhye3mhbshg7kx5tfyd.onion/login/identify/?ctx=recover&ars=facebook_login&from_login_screen=0 पासवर्ड भूल गए | लॉग इन नहीं कर सकते | Facebook
http://eux4gt4qcaiesps5w5rppxcenoe5shapwycums5yuiikmc4mpc74gpyd.onion/profile.php?8,34 AnonGTS :: Unsorted
http://eux4gt4qcaiesps5w5rppxcenoe5shapwycums5yuiikmc4mpc74gpyd.onion/read.php?5,76,6263#msg-6263 ZZZ - (150+ comics | updated 2021/07/28)
http://metagerv65pwclop2rsfzg4jwowpavpwd6grhhlvdgsswvo6ii4akgyd.onion/meta/settings?fokus=web&amp;url=http%3A%2F%2Fmetagerv65pwclop2rsfzg4jwowpavpwd6grhhlvdgsswvo6ii4akgyd.onion Sucheinstellungen (Web)
http://eux4gt4qcaiesps5w5rppxcenoe5shapwycums5yuiikmc4mpc74gpyd.onion/search.php?8 AnonGTS :: Unsorted :: Search
http://www.w5j6stm77zs6652pgsij4awcjeel3eco7kvipheu6mtr623eyyehj4yd.onion/wiki/Keyboard_Layout Keyboard Layout
http://www.w5j6stm77zs6652pgsij4awcjeel3eco7kvipheu6mtr623eyyehj4yd.onion/wiki/Dev/git#Search_the_Source_Code Dev/git - Kicksecure
http://bbcnewsd73hkzno2ini43t4gblxvycyac5aw4gnv7t2rccijh7745uqd.onion BBC - Home
http://forums.kaizushih5iec2mxohpvbt5uaapqdnbluaasa2cmsrrjtwrbx46cnaid.onion/index.php?action=profile;u=6 Log in
http://hssza6r6fbui4x452ayv3dkeynvjlkzllezxf3aizxppmcfmz2mg7uad.onion/product-tag/prepaid/ prepaid – Cash Cow
http://forums.kaizushih5iec2mxohpvbt5uaapqdnbluaasa2cmsrrjtwrbx46cnaid.onion/index.php?action=printpage;topic=4.0 Print Page - I just created this forum
http://forums.kaizushih5iec2mxohpvbt5uaapqdnbluaasa2cmsrrjtwrbx46cnaid.onion/index.php?topic=4.0;prev_next=next#new I just created this forum
http://forums.kaizushih5iec2mxohpvbt5uaapqdnbluaasa2cmsrrjtwrbx46cnaid.onion/index.php?topic=4.0;prev_next=prev#new I just created this forum
http://eux4gt4qcaiesps5w5rppxcenoe5shapwycums5yuiikmc4mpc74gpyd.onion/read.php?25,405,14354#msg-14354 Axel-Rosered - (100+ files | updated 2022/01/05)
http://eux4gt4qcaiesps5w5rppxcenoe5shapwycums5yuiikmc4mpc74gpyd.onion/profile.php?15,1701 AnonGTS :: Manga and Hentai
http://metagerv65pwclop2rsfzg4jwowpavpwd6grhhlvdgsswvo6ii4akgyd.onion/meta/settings?fokus=produkte&url=http%3A%2F%2Fmetagerv65pwclop2rsfzg4jwowpavpwd6grhhlvdgsswvo6ii4akgyd.onion%2Fdatenschutz Sucheinstellungen (Produkte)
http://metagerv65pwclop2rsfzg4jwowpavpwd6grhhlvdgsswvo6ii4akgyd.onion/meta/settings?fokus=web&url=http%3A%2F%2Fmetagerv65pwclop2rsfzg4jwowpavpwd6grhhlvdgsswvo6ii4akgyd.onion%2Fdatenschutz Sucheinstellungen (Web)
http://forums.kaizushih5iec2mxohpvbt5uaapqdnbluaasa2cmsrrjtwrbx46cnaid.onion/index.php?msg=33 Please turn this forum into a DN version of LinkedIn
http://forums.kaizushih5iec2mxohpvbt5uaapqdnbluaasa2cmsrrjtwrbx46cnaid.onion/index.php?msg=28 Please turn this forum into a DN version of LinkedIn
http://metagerv65pwclop2rsfzg4jwowpavpwd6grhhlvdgsswvo6ii4akgyd.onion/impressum Impressum - MetaGer
http://metagerv65pwclop2rsfzg4jwowpavpwd6grhhlvdgsswvo6ii4akgyd.onion/zitat-suche Zitatsuche MetaGer
http://metagerv65pwclop2rsfzg4jwowpavpwd6grhhlvdgsswvo6ii4akgyd.onion/widget MetaGer Widget
http://eux4gt4qcaiesps5w5rppxcenoe5shapwycums5yuiikmc4mpc74gpyd.onion/read.php?15,189,8210#msg-8210 Microne Magazine
http://forums.kaizushih5iec2mxohpvbt5uaapqdnbluaasa2cmsrrjtwrbx46cnaid.onion/index.php?topic=4.0 I just created this forum
http://eux4gt4qcaiesps5w5rppxcenoe5shapwycums5yuiikmc4mpc74gpyd.onion/read.php?15,189,8210#REPLY Microne Magazine
http://metagerv65pwclop2rsfzg4jwowpavpwd6grhhlvdgsswvo6ii4akgyd.onion/meta/settings?fokus=web&url=http%3A%2F%2Fmetagerv65pwclop2rsfzg4jwowpavpwd6grhhlvdgsswvo6ii4akgyd.onion%2Fspende Sucheinstellungen (Web)
http://hssza6r6fbui4x452ayv3dkeynvjlkzllezxf3aizxppmcfmz2mg7uad.onion/store/asiana Asiana – Products – Cash Cow
http://stormu36id5e62n2i7kq3v7batuy34dimpijx5euklgl5bwi65eaycyd.onion/nodes.txt" target="_blank" rel="noopener">http://stormu36id5e62n2i7kq3v7batuy34dimpijx5euklgl5bwi65eaycyd.onion 404 - Page Not Found
http://forums.kaizushih5iec2mxohpvbt5uaapqdnbluaasa2cmsrrjtwrbx46cnaid.onion/index.php?msg=30 Please turn this forum into a DN version of LinkedIn
http://eux4gt4qcaiesps5w5rppxcenoe5shapwycums5yuiikmc4mpc74gpyd.onion/read.php?25,6396,6738,quote=1#REPLY Jag27/Otto Maddox (30+ files | updated 2020/03/21)
https://ar.wikipedia.org/w/index.php?title=%D8%AE%D8%A7%D8%B5:%D8%B3%D8%AC%D9%84&page=%D9%86%D8%B7%D8%A7%D9%82_%D8%A3%D9%86%D9%8A%D9%88%D9%86_(.onion كل السجلات العامة - ويكيبيديا
http://metagerv65pwclop2rsfzg4jwowpavpwd6grhhlvdgsswvo6ii4akgyd.onion/meta/settings?fokus=science&url=http%3A%2F%2Fmetagerv65pwclop2rsfzg4jwowpavpwd6grhhlvdgsswvo6ii4akgyd.onion%2Fdatenschutz Sucheinstellungen (Wissenschaft)
http://metagerv65pwclop2rsfzg4jwowpavpwd6grhhlvdgsswvo6ii4akgyd.onion/meta/settings?fokus=science&url=http%3A%2F%2Fmetagerv65pwclop2rsfzg4jwowpavpwd6grhhlvdgsswvo6ii4akgyd.onion%2Fspende Sucheinstellungen (Wissenschaft)
http://hssza6r6fbui4x452ayv3dkeynvjlkzllezxf3aizxppmcfmz2mg7uad.onion/product/5000-value-moneygram-transfer/ $5000 value Moneygram transfer – Cash Cow
http://stormwayszuh4juycoy4kwoww5gvcu2c4tdtpkup667pdwe4qenzwayd.onion/configs/ecc/ed448/ Index of /configs/ecc/ed448
http://stormwayszuh4juycoy4kwoww5gvcu2c4tdtpkup667pdwe4qenzwayd.onion/configs/ecc/ed25519/ Index of /configs/ecc/ed25519
http://hssza6r6fbui4x452ayv3dkeynvjlkzllezxf3aizxppmcfmz2mg7uad.onion/product/2200-2500-usd-or-equivalent-in-other-currency-transfer/ 2200-2500 USD or equivalent in other currency transfer. – Cash Cow
http://eux4gt4qcaiesps5w5rppxcenoe5shapwycums5yuiikmc4mpc74gpyd.onion/read.php?25,1641418281,older">Older Topic</a></div><div id="thread-options" class="nav"><a class="icon icon-printer" href="http://eux4gt4qcaiesps5w5rppxcenoe5shapwycums5yuiikmc4mpc74gpyd.onion/read.php?25,405,printview,page=3" target="_blank">Print View</a></div><a name="REPLY"></a><div class="information">Sorry, only registered users may post in this forum.<p><a href="http://eux4gt4qcaiesps5w5rppxcenoe5shapwycums5yuiikmc4mpc74gpyd.onion AnonGTS :: Weight Gain/Inflation
http://metagerv65pwclop2rsfzg4jwowpavpwd6grhhlvdgsswvo6ii4akgyd.onion/meta/settings?fokus=nachrichten&url=http%3A%2F%2Fmetagerv65pwclop2rsfzg4jwowpavpwd6grhhlvdgsswvo6ii4akgyd.onion%2Fspende Sucheinstellungen (News/Politik)
http://eux4gt4qcaiesps5w5rppxcenoe5shapwycums5yuiikmc4mpc74gpyd.onion/profile.php?26,46">ForeverFree</a> </div></div><div class="nav"><a class="icon icon-folder" href="http://eux4gt4qcaiesps5w5rppxcenoe5shapwycums5yuiikmc4mpc74gpyd.onion AnonGTS
http://metagerv65pwclop2rsfzg4jwowpavpwd6grhhlvdgsswvo6ii4akgyd.onion/meta/settings?fokus=nachrichten&url=http%3A%2F%2Fmetagerv65pwclop2rsfzg4jwowpavpwd6grhhlvdgsswvo6ii4akgyd.onion%2Fdatenschutz Sucheinstellungen (News/Politik)
http://eux4gt4qcaiesps5w5rppxcenoe5shapwycums5yuiikmc4mpc74gpyd.onion/profile.php?26,9748 AnonGTS :: Miscellaneous Art
http://forums.kaizushih5iec2mxohpvbt5uaapqdnbluaasa2cmsrrjtwrbx46cnaid.onion/index.php?topic=4.msg4#new" title="I just created this forum">I just created this foru...</a> by <a href="http://forums.kaizushih5iec2mxohpvbt5uaapqdnbluaasa2cmsrrjtwrbx46cnaid.onion I just created this forum
http://stormwayszuh4juycoy4kwoww5gvcu2c4tdtpkup667pdwe4qenzwayd.onion/blog/port-striping-v2#v2 Port striping v2 | cryptostorm blog
http://hssza6r6fbui4x452ayv3dkeynvjlkzllezxf3aizxppmcfmz2mg7uad.onion/product/1400-paypal-transfer/ $1400 paypal transfer – Cash Cow
http://hssza6r6fbui4x452ayv3dkeynvjlkzllezxf3aizxppmcfmz2mg7uad.onion/product/8500-10-000-usd-or-equivalent-in-other-currency-transfer/ 8500-10.000 USD or equivalent in other currency transfer. – Cash Cow
http://hssza6r6fbui4x452ayv3dkeynvjlkzllezxf3aizxppmcfmz2mg7uad.onion/store/undo-privacy Undo-Privacy – Products – Cash Cow
http://forums.kaizushih5iec2mxohpvbt5uaapqdnbluaasa2cmsrrjtwrbx46cnaid.onion/index.php?action=printpage;topic=11.0 Print Page - Libre certainly is the new Dread, if not worse.
http://forums.kaizushih5iec2mxohpvbt5uaapqdnbluaasa2cmsrrjtwrbx46cnaid.onion/index.php?topic=4.0;prev_next=prev#new">Previous topic</a> - <a href="http://forums.kaizushih5iec2mxohpvbt5uaapqdnbluaasa2cmsrrjtwrbx46cnaid.onion I just created this forum
http://hssza6r6fbui4x452ayv3dkeynvjlkzllezxf3aizxppmcfmz2mg7uad.onion/product/50g-lemon-haze/ 50g Lemon Haze – Cash Cow
http://forums.kaizushih5iec2mxohpvbt5uaapqdnbluaasa2cmsrrjtwrbx46cnaid.onion/index.php?topic=11.0;prev_next=prev#new Rules and Getting Verified
http://forums.kaizushih5iec2mxohpvbt5uaapqdnbluaasa2cmsrrjtwrbx46cnaid.onion/index.php?topic=11.0;prev_next=next#new Interview
http://forums.kaizushih5iec2mxohpvbt5uaapqdnbluaasa2cmsrrjtwrbx46cnaid.onion/index.php?topic=6.msg33#new Please turn this forum into a DN version of LinkedIn
http://forums.kaizushih5iec2mxohpvbt5uaapqdnbluaasa2cmsrrjtwrbx46cnaid.onion/index.php?action=stats KLOS Community Forum - Statistics Center
http://www.rferlo2zxgv23tct66v45s5mecftol5vod3hf4rqbipfp46fqu2q56ad.onion Radio Free Europe/Radio Liberty
http://eux4gt4qcaiesps5w5rppxcenoe5shapwycums5yuiikmc4mpc74gpyd.onion/read.php?8,1576590634,older Help with a Login
http://hssza6r6fbui4x452ayv3dkeynvjlkzllezxf3aizxppmcfmz2mg7uad.onion/product/10xus-full-dump-set/ 10xUSD full dump set – Cash Cow
http://eux4gt4qcaiesps5w5rppxcenoe5shapwycums5yuiikmc4mpc74gpyd.onion/read.php?11,14082,14203#REPLY GTSX3D New comics
http://eux4gt4qcaiesps5w5rppxcenoe5shapwycums5yuiikmc4mpc74gpyd.onion/read.php?8,1424,1426,quote=1#REPLY GTS Videos
http://hssza6r6fbui4x452ayv3dkeynvjlkzllezxf3aizxppmcfmz2mg7uad.onion/product/1000-usd-cashapp-transfer/ $1000 USD CashApp transfer. – Cash Cow
http://eux4gt4qcaiesps5w5rppxcenoe5shapwycums5yuiikmc4mpc74gpyd.onion/profile.php?5,2918 AnonGTS :: Drawings and Comics
http://hssza6r6fbui4x452ayv3dkeynvjlkzllezxf3aizxppmcfmz2mg7uad.onion/store/crypta Crypta – Products – Cash Cow
https://ar.wikipedia.org/w/index.php?action=edit&section=0&title=%D9%86%D8%B7%D8%A7%D9%82_%D8%A3%D9%86%D9%8A%D9%88%D9%86_%28.onion%29&venoscript=1 عرض مصدر نطاق أنيون (.onion) - ويكيبيديا
http://forums.kaizushih5iec2mxohpvbt5uaapqdnbluaasa2cmsrrjtwrbx46cnaid.onion/index.php?topic=11.0;prev_next=prev#new">Previous topic</a> - <a href="http://forums.kaizushih5iec2mxohpvbt5uaapqdnbluaasa2cmsrrjtwrbx46cnaid.onion Rules and Getting Verified
http://hssza6r6fbui4x452ayv3dkeynvjlkzllezxf3aizxppmcfmz2mg7uad.onion/product/2000-apple-gift-card/ $2000 Apple gift card – Cash Cow
http://hssza6r6fbui4x452ayv3dkeynvjlkzllezxf3aizxppmcfmz2mg7uad.onion/product/1000-value-moneygram-transfer/ $1000 value Moneygram transfer – Cash Cow
http://stormwayszuh4juycoy4kwoww5gvcu2c4tdtpkup667pdwe4qenzwayd.onion/obfs4proxy countryaccountcreatedstoriesresultsrunningprocesswritingobjectsvisiblewelcomearticleunknownnetworkcompanydynamicbrowserprivacyproblemServicerespectdisplayrequestreservewebsitehistoryfriendsoptionsworkingversionmillionchannelwindow.addressvisitedweathercorrectproductedirectforwardyou canremovedsubjectcontrolarchivecurrentreadinglibrarylimitedmanagerfurthersummarymachineminutesprivatecontextprogramsocietynumberswrittenenabledtriggersourcesloadingelementpartnerfinallyperfectmeaningsystemskeepingculture",journalprojectsurfaces"expiresreviewsbalanceEnglishContentthroughPlease opinioncontactaverageprimaryvillageSpanishgallerydeclinemeetingmissionpopularqualitymeasuregeneralspeciessessionsectionwriterscounterinitialreportsfiguresmembersholdingdisputeearlierexpressdigitalpictureAnothermarriedtrafficleadingchangedcentralvictoryimages/reasonsstudiesfeaturelistingmust beschoolsVersionusuallyepisodeplayinggrowingobviousoverlaypresentactions</ul>
wrapperalreadycertainrealitystorageanotherdesktopofferedpatternunusualDigitalcapitalWebsitefailureconnectreducedAndroiddecadesregular & animalsreleaseAutomatgettingmethodsnothingPopularcaptionletterscapturesciencelicensechangesEngland=1&History = new CentralupdatedSpecialNetworkrequirecommentwarningCollegetoolbarremainsbecauseelectedDeutschfinanceworkersquicklybetweenexactlysettingdiseaseSocietyweaponsexhibit<!--Controlclassescoveredoutlineattacksdevices(windowpurposetitle="Mobile killingshowingItaliandroppedheavilyeffects-1']);
confirmCurrentadvancesharingopeningdrawingbillionorderedGermanyrelated</form>includewhetherdefinedSciencecatalogArticlebuttonslargestuniformjourneysidebarChicagoholidayGeneralpassage,"animatefeelingarrivedpassingnaturalroughly.
The but notdensityBritainChineselack oftributeIreland" data-factorsreceivethat isLibraryhusbandin factaffairsCharlesradicalbroughtfindinglanding:lang="return leadersplannedpremiumpackageAmericaEdition]"Messageneed tovalue="complexlookingstationbelievesmaller-mobilerecordswant tokind ofFirefoxyou aresimilarstudiedmaximumheadingrapidlyclimatekingdomemergedamountsfoundedpioneerformuladynastyhow to SupportrevenueeconomyResultsbrothersoldierlargelycalling."AccountEdward segmentRobert effortsPacificlearnedup withheight:we haveAngelesnations_searchappliedacquiremassivegranted: falsetreatedbiggestbenefitdrivingStudiesminimumperhapsmorningsellingis usedreversevariant role="missingachievepromotestudentsomeoneextremerestorebottom:evolvedall thesitemapenglishway to  AugustsymbolsCompanymattersmusicalagainstserving})();
paymenttroubleconceptcompareparentsplayersregionsmonitor ''The winningexploreadaptedGalleryproduceabilityenhancecareers). The collectSearch ancientexistedfooter handlerprintedconsoleEasternexportswindowsChannelillegalneutralsuggest_headersigning.html">settledwesterncausing-webkitclaimedJusticechaptervictimsThomas mozillapromisepartieseditionoutside:false,hundredOlympic_buttonauthorsreachedchronicdemandssecondsprotectadoptedprepareneithergreatlygreateroverallimprovecommandspecialsearch.worshipfundingthoughthighestinsteadutilityquarterCulturetestingclearlyexposedBrowserliberal} catchProjectexamplehide();FloridaanswersallowedEmperordefenseseriousfreedomSeveral-buttonFurtherout of != nulltrainedDenmarkvoid(0)/all.jspreventRequestStephen
When observe</h2>
Modern provide" alt="borders.
For 
Many artistspoweredperformfictiontype ofmedicalticketsopposedCouncilwitnessjusticeGeorge Belgium...</a>twitternotablywaitingwarfare Other rankingphrasesmentionsurvivescholar</p>
 Countryignoredloss ofjust asGeorgiastrange<head><stopped1']);
islandsnotableborder:list ofcarried100,000</h3>
 severalbecomesselect wedding00.htmlmonarchoff theteacherhighly biologylife ofor evenrise of»plusonehunting(thoughDouglasjoiningcirclesFor theAncientVietnamvehiclesuch ascrystalvalue =Windowsenjoyeda smallassumed<a id="foreign All rihow theDisplayretiredhoweverhidden;battlesseekingcabinetwas notlook atconductget theJanuaryhappensturninga:hoverOnline French lackingtypicalextractenemieseven ifgeneratdecidedare not/searchbeliefs-image:locatedstatic.login">convertviolententeredfirst">circuitFinlandchemistshe was10px;">as suchdivided</span>will beline ofa greatmystery/index.fallingdue to railwaycollegemonsterdescentit withnuclearJewish protestBritishflowerspredictreformsbutton who waslectureinstantsuicidegenericperiodsmarketsSocial fishingcombinegraphicwinners<br /><by the NaturalPrivacycookiesoutcomeresolveSwedishbrieflyPersianso muchCenturydepictscolumnshousingscriptsnext tobearingmappingrevisedjQuery(-width:title">tooltipSectiondesignsTurkishyounger.match(})();
burningoperatedegreessource=Richardcloselyplasticentries</tr>
color:#ul id="possessrollingphysicsfailingexecutecontestlink toDefault<br />
: true,chartertourismclassicproceedexplain</h1>
online.?xml vehelpingdiamonduse theairlineend -->).attr(readershosting#ffffffrealizeVincentsignals src="/ProductdespitediversetellingPublic held inJoseph theatreaffects<style>a largedoesn'tlater, ElementfaviconcreatorHungaryAirportsee theso thatMichaelSystemsPrograms, and  width=e"tradingleft">
personsGolden Affairsgrammarformingdestroyidea ofcase ofoldest this is.src = cartoonregistrCommonsMuslimsWhat isin manymarkingrevealsIndeed,equally/show_aoutdoorescape(Austriageneticsystem,In the sittingHe alsoIslandsAcademy
		<!--Daniel bindingblock">imposedutilizeAbraham(except{width:putting).html(|| [];
DATA[ *kitchenmountedactual dialectmainly _blank'installexpertsif(typeIt also© ">Termsborn inOptionseasterntalkingconcerngained ongoingjustifycriticsfactoryits ownassaultinvitedlastinghis ownhref="/" rel="developconcertdiagramdollarsclusterphp?id=alcohol);})();using a><span>vesselsrevivalAddressamateurandroidallegedillnesswalkingcentersqualifymatchesunifiedextinctDefensedied in
	<!-- customslinkingLittle Book ofeveningmin.js?are thekontakttoday's.html" target=wearingAll Rig;
})();raising Also, crucialabout">declare-->
<scfirefoxas muchappliesindex, s, but type = 
<!--towardsRecordsPrivateForeignPremierchoicesVirtualreturnsCommentPoweredinline;povertychamberLiving volumesAnthonylogin" RelatedEconomyreachescuttinggravitylife inChapter-shadowNotable</td>
 returnstadiumwidgetsvaryingtravelsheld bywho arework infacultyangularwho hadairporttown of
Some 'click'chargeskeywordit willcity of(this);Andrew unique checkedor more300px; return;rsion="pluginswithin herselfStationFederalventurepublishsent totensionactresscome tofingersDuke ofpeople,exploitwhat isharmonya major":"httpin his menu">
monthlyofficercouncilgainingeven inSummarydate ofloyaltyfitnessand wasemperorsupremeSecond hearingRussianlongestAlbertalateralset of small">.appenddo withfederalbank ofbeneathDespiteCapitalgrounds), and percentit fromclosingcontainInsteadfifteenas well.yahoo.respondfighterobscurereflectorganic= Math.editingonline paddinga wholeonerroryear ofend of barrierwhen itheader home ofresumedrenamedstrong>heatingretainscloudfrway of March 1knowingin partBetweenlessonsclosestvirtuallinks">crossedEND -->famous awardedLicenseHealth fairly wealthyminimalAfricancompetelabel">singingfarmersBrasil)discussreplaceGregoryfont copursuedappearsmake uproundedboth ofblockedsaw theofficescoloursif(docuwhen heenforcepush(fuAugust UTF-8">Fantasyin mostinjuredUsuallyfarmingclosureobject defenceuse of Medical<body>
