http://metagerv65pwclop2rsfzg4jwowpavpwd6grhhlvdgsswvo6ii4akgyd.onion/ie/meta/settings?fokus=bilder&amp;url=http%3A%2F%2Fmetagerv65pwclop2rsfzg4jwowpavpwd6grhhlvdgsswvo6ii4akgyd.onion Settings
http://metagerv65pwclop2rsfzg4jwowpavpwd6grhhlvdgsswvo6ii4akgyd.onion/meta/settings/all-settings?url=http%3A%2F%2Fmetagerv65pwclop2rsfzg4jwowpavpwd6grhhlvdgsswvo6ii4akgyd.onion%2Fmeta%2Fsettings%3Ffokus%3Dbilder%26url%3Dhttp%253A%252F%252Fmetagerv65pwclop2rsfzg4jwowpavpwd6grhhlvdgsswvo6ii4akgyd.onion Alle Sucheinstellungen - MetaGer
http://metagerv65pwclop2rsfzg4jwowpavpwd6grhhlvdgsswvo6ii4akgyd.onion/meta/settings?fokus=bilder&url=http%3A%2F%2Fmetagerv65pwclop2rsfzg4jwowpavpwd6grhhlvdgsswvo6ii4akgyd.onion%2Fmeta%2Fsettings%3Ffokus%3Dbilder%26url%3Dhttp%253A%252F%252Fmetagerv65pwclop2rsfzg4jwowpavpwd6grhhlvdgsswvo6ii4akgyd.onion%252Fapp Sucheinstellungen (Bilder)
http://metagerv65pwclop2rsfzg4jwowpavpwd6grhhlvdgsswvo6ii4akgyd.onion/meta/settings?fokus=web&amp;url=http%3A%2F%2Fmetagerv65pwclop2rsfzg4jwowpavpwd6grhhlvdgsswvo6ii4akgyd.onion%2Fmeta%2Fsettings%3Ffokus%3Dnachrichten%26url%3Dhttp%253A%252F%252Fmetagerv65pwclop2rsfzg4jwowpavpwd6grhhlvdgsswvo6ii4akgyd.onion Sucheinstellungen (Web)
http://hssza6r6fbui4x452ayv3dkeynvjlkzllezxf3aizxppmcfmz2mg7uad.onion/product/instagram-account-hacking/ Instagram account hacking – Cash Cow
http://forums.kaizushih5iec2mxohpvbt5uaapqdnbluaasa2cmsrrjtwrbx46cnaid.onion/index.php?topic=4.0#msg4">Dec 26, 2022, 03:02 PM</a><br/>by <a href="http://forums.kaizushih5iec2mxohpvbt5uaapqdnbluaasa2cmsrrjtwrbx46cnaid.onion I just created this forum
http://hssza6r6fbui4x452ayv3dkeynvjlkzllezxf3aizxppmcfmz2mg7uad.onion/product/sim-card-hacking/ Sim card hacking – Cash Cow
http://metagerv65pwclop2rsfzg4jwowpavpwd6grhhlvdgsswvo6ii4akgyd.onion/meta/settings?fokus=science&amp;url=http%3A%2F%2Fmetagerv65pwclop2rsfzg4jwowpavpwd6grhhlvdgsswvo6ii4akgyd.onion%2Fmeta%2Fsettings%3Ffokus%3Dnachrichten%26url%3Dhttp%253A%252F%252Fmetagerv65pwclop2rsfzg4jwowpavpwd6grhhlvdgsswvo6ii4akgyd.onion Sucheinstellungen (Wissenschaft)
http://hssza6r6fbui4x452ayv3dkeynvjlkzllezxf3aizxppmcfmz2mg7uad.onion/store/undo-privacy/reviews/#tab_links_area Undo-Privacy – Reviews – Cash Cow
https://facebookwkhpilnemxj7asaniu7vnjjbiltxjqhye3mhbshg7kx5tfyd.onion/sharer.php?u=https%3a%2f%2fwww.svobod7mjzb3hwxhgcnx7ui2ffd4p5zulftzkzdlmpaztuuoxnlpwhyd.onion%2ft%2f282.html Log into Facebook | Facebook
http://www.w5j6stm77zs6652pgsij4awcjeel3eco7kvipheu6mtr623eyyehj4yd.onion/wiki/Support Free Support for Kicksecure ™
http://metagerv65pwclop2rsfzg4jwowpavpwd6grhhlvdgsswvo6ii4akgyd.onion/meta/settings/all-settings?url=http%3A%2F%2Fmetagerv65pwclop2rsfzg4jwowpavpwd6grhhlvdgsswvo6ii4akgyd.onion%2Fmeta%2Fsettings%3Ffokus%3Dnachrichten%26url%3Dhttp%253A%252F%252Fmetagerv65pwclop2rsfzg4jwowpavpwd6grhhlvdgsswvo6ii4akgyd.onion%252Fabout Alle Sucheinstellungen - MetaGer
https://www.facebookwkhpilnemxj7asaniu7vnjjbiltxjqhye3mhbshg7kx5tfyd.onion/recover/initiate/?privacy_mutation_token=eyJ0eXBlIjowLCJjcmVhdGlvbl90aW1lIjoxNjgyMDI0NjI5LCJjYWxsc2l0ZV9pZCI6MzgxMjI5MDc5NTc1OTQ2fQ%3D%3D&ars=facebook_login Forgot password | Can't log in | Facebook
http://refuge3noitqegmmjericvur54ihyj7tsfyfwdblitaeaqu2koi7iuqd.onion/index.php?topic=13.0;prev_next=prev#new">Previous topic</a> - <a href="http://refuge3noitqegmmjericvur54ihyj7tsfyfwdblitaeaqu2koi7iuqd.onion What did you enjoy about today?
http://metagerv65pwclop2rsfzg4jwowpavpwd6grhhlvdgsswvo6ii4akgyd.onion/meta/settings?fokus=science&url=http%3A%2F%2Fmetagerv65pwclop2rsfzg4jwowpavpwd6grhhlvdgsswvo6ii4akgyd.onion%2Fmeta%2Fsettings%3Famp%253Burl%3Dhttp%253A%252F%252Fmetagerv65pwclop2rsfzg4jwowpavpwd6grhhlvdgsswvo6ii4akgyd.onion%252Fmeta%252Fsettings%253Ffokus%253Dbilder%2526url%253Dhttp%25253A%25252F%25252Fmetagerv65pwclop2rsfzg4jwowpavpwd6grhhlvdgsswvo6ii4akgyd.onion%26fokus%3Dscience Sucheinstellungen (Wissenschaft)
http://metagerv65pwclop2rsfzg4jwowpavpwd6grhhlvdgsswvo6ii4akgyd.onion/meta/settings?fokus=nachrichten&url=http%3A%2F%2Fmetagerv65pwclop2rsfzg4jwowpavpwd6grhhlvdgsswvo6ii4akgyd.onion%2Fmeta%2Fsettings%3Famp%253Burl%3Dhttp%253A%252F%252Fmetagerv65pwclop2rsfzg4jwowpavpwd6grhhlvdgsswvo6ii4akgyd.onion%252Fmeta%252Fsettings%253Ffokus%253Dbilder%2526url%253Dhttp%25253A%25252F%25252Fmetagerv65pwclop2rsfzg4jwowpavpwd6grhhlvdgsswvo6ii4akgyd.onion%26fokus%3Dscience Sucheinstellungen (News/Politik)
http://www.w5j6stm77zs6652pgsij4awcjeel3eco7kvipheu6mtr623eyyehj4yd.onion/wiki/E-Sign_Consent E-Sign Consent - Kicksecure
http://refuge3noitqegmmjericvur54ihyj7tsfyfwdblitaeaqu2koi7iuqd.onion/index.php?board=29.0 Café
http://refuge3noitqegmmjericvur54ihyj7tsfyfwdblitaeaqu2koi7iuqd.onion/index.php?topic=13.0;prev_next=next#new What did you enjoy about today?
http://refuge3noitqegmmjericvur54ihyj7tsfyfwdblitaeaqu2koi7iuqd.onion/index.php?topic=13.0;prev_next=prev#new What did you enjoy about today?
http://refuge3noitqegmmjericvur54ihyj7tsfyfwdblitaeaqu2koi7iuqd.onion/index.php?topic=13.0 What did you enjoy about today?
http://metagerv65pwclop2rsfzg4jwowpavpwd6grhhlvdgsswvo6ii4akgyd.onion/meta/settings/all-settings?url=http%3A%2F%2Fmetagerv65pwclop2rsfzg4jwowpavpwd6grhhlvdgsswvo6ii4akgyd.onion%2Fmeta%2Fsettings%3Ffokus%3Dscience%26url%3Dhttp%253A%252F%252Fmetagerv65pwclop2rsfzg4jwowpavpwd6grhhlvdgsswvo6ii4akgyd.onion Alle Sucheinstellungen - MetaGer
http://eux4gt4qcaiesps5w5rppxcenoe5shapwycums5yuiikmc4mpc74gpyd.onion/read.php?26,387,8892,quote=1#REPLY Mind Control Comics (250+ comics | updated 2017/11/01)
http://refuge3noitqegmmjericvur54ihyj7tsfyfwdblitaeaqu2koi7iuqd.onion/index.php?action=profile;u=2 Log in
http://refuge3noitqegmmjericvur54ihyj7tsfyfwdblitaeaqu2koi7iuqd.onion/index.php?action=printpage;topic=13.0 Print Page - What did you enjoy about today?
http://forums.dds6qkxpwdeubwucdiaord2xgbbeyds25rbsgr73tbfpqpt4a6vjwsyd.onion/u/quantum445 Whonix Forum
http://metagerv65pwclop2rsfzg4jwowpavpwd6grhhlvdgsswvo6ii4akgyd.onion/meta/settings?fokus=produkte&url=http%3A%2F%2Fmetagerv65pwclop2rsfzg4jwowpavpwd6grhhlvdgsswvo6ii4akgyd.onion%2Fhilfe%2Fdatensicherheit Sucheinstellungen (Produkte)
http://www.dds6qkxpwdeubwucdiaord2xgbbeyds25rbsgr73tbfpqpt4a6vjwsyd.onion/w/index.php?title=Special:Log&page=Stay_Tuned%26 Login required - Whonix
http://metagerv65pwclop2rsfzg4jwowpavpwd6grhhlvdgsswvo6ii4akgyd.onion/meta/settings?fokus=science&url=http%3A%2F%2Fmetagerv65pwclop2rsfzg4jwowpavpwd6grhhlvdgsswvo6ii4akgyd.onion%2Fhilfe%2Fdatensicherheit Sucheinstellungen (Wissenschaft)
http://metagerv65pwclop2rsfzg4jwowpavpwd6grhhlvdgsswvo6ii4akgyd.onion/meta/settings?fokus=produkte&amp;url=http%3A%2F%2Fmetagerv65pwclop2rsfzg4jwowpavpwd6grhhlvdgsswvo6ii4akgyd.onion%2Fmeta%2Fsettings%3Ffokus%3Dweb%26url%3Dhttp%253A%252F%252Fmetagerv65pwclop2rsfzg4jwowpavpwd6grhhlvdgsswvo6ii4akgyd.onion Sucheinstellungen (Produkte)
http://metagerv65pwclop2rsfzg4jwowpavpwd6grhhlvdgsswvo6ii4akgyd.onion/meta/settings?fokus=nachrichten&url=http%3A%2F%2Fmetagerv65pwclop2rsfzg4jwowpavpwd6grhhlvdgsswvo6ii4akgyd.onion%2Fabout%2522%2520rel%3D%2522noopener%2522%2520target%3D%2522_blank%2522%253EMehr%2520erfahren%253C%2Fa%253E%2520und%2520%253Ca%2520href%3D%2522http%3A%2F%2Fmetagerv65pwclop2rsfzg4jwowpavpwd6grhhlvdgsswvo6ii4akgyd.onion Sucheinstellungen (News/Politik)
http://metagerv65pwclop2rsfzg4jwowpavpwd6grhhlvdgsswvo6ii4akgyd.onion/meta/settings?fokus=science&url=http%3A%2F%2Fmetagerv65pwclop2rsfzg4jwowpavpwd6grhhlvdgsswvo6ii4akgyd.onion%2Fabout%2522%2520rel%3D%2522noopener%2522%2520target%3D%2522_blank%2522%253EMehr%2520erfahren%253C%2Fa%253E%2520und%2520%253Ca%2520href%3D%2522http%3A%2F%2Fmetagerv65pwclop2rsfzg4jwowpavpwd6grhhlvdgsswvo6ii4akgyd.onion Sucheinstellungen (Wissenschaft)
https://el.wikipedia.org/w/index.php?title=.onion&oldid=7742971 .onion - Βικιπαίδεια
http://eux4gt4qcaiesps5w5rppxcenoe5shapwycums5yuiikmc4mpc74gpyd.onion/read.php?26,387,9110,quote=1#REPLY Mind Control Comics (250+ comics | updated 2017/11/01)
http://w5j6stm77zs6652pgsij4awcjeel3eco7kvipheu6mtr623eyyehj4yd.onion/w/index.php?title=Linux_Kernel_Runtime_Guard_LKRG&oldid=70049&diff=cur Linux Kernel Runtime Guard LKRG: Difference between revisions - Kicksecure
http://www.w5j6stm77zs6652pgsij4awcjeel3eco7kvipheu6mtr623eyyehj4yd.onion/wiki/Reporting_Bugs#Issue_Tracker Bug Reports, Software Development and Feature Requests
http://www.w5j6stm77zs6652pgsij4awcjeel3eco7kvipheu6mtr623eyyehj4yd.onion/wiki/Forum_Best_Practices Kicksecure ™ Forums Usage Instructions, Best Practices and FAQ
http://metagerv65pwclop2rsfzg4jwowpavpwd6grhhlvdgsswvo6ii4akgyd.onion/ie MetaGer: Privacy Protected Search & Find
http://refuge3noitqegmmjericvur54ihyj7tsfyfwdblitaeaqu2koi7iuqd.onion/index.php#c5 Refuge Forum - Index
http://www.w5j6stm77zs6652pgsij4awcjeel3eco7kvipheu6mtr623eyyehj4yd.onion/wiki/Contribute Contribute to Kicksecure
http://metagerv65pwclop2rsfzg4jwowpavpwd6grhhlvdgsswvo6ii4akgyd.onion/meta/settings?fokus=produkte&amp;url=http%3A%2F%2Fmetagerv65pwclop2rsfzg4jwowpavpwd6grhhlvdgsswvo6ii4akgyd.onion%2Fmeta%2Fsettings%2Fall-settings%3Furl%3Dhttp%253A%252F%252Fmetagerv65pwclop2rsfzg4jwowpavpwd6grhhlvdgsswvo6ii4akgyd.onion%252Fmeta%252Fsettings%253Ffokus%253Dscience%2526url%253Dhttp%25253A%25252F%25252Fmetagerv65pwclop2rsfzg4jwowpavpwd6grhhlvdgsswvo6ii4akgyd.onion Sucheinstellungen (Produkte)
http://eux4gt4qcaiesps5w5rppxcenoe5shapwycums5yuiikmc4mpc74gpyd.onion/read.php?26,387,8641,quote=1#REPLY Mind Control Comics (250+ comics | updated 2017/11/01)
http://metagerv65pwclop2rsfzg4jwowpavpwd6grhhlvdgsswvo6ii4akgyd.onion/meta/settings?fokus=produkte&amp;url=http%3A%2F%2Fmetagerv65pwclop2rsfzg4jwowpavpwd6grhhlvdgsswvo6ii4akgyd.onion%2Fmeta%2Fsettings%3Famp%253Burl%3Dhttp%253A%252F%252Fmetagerv65pwclop2rsfzg4jwowpavpwd6grhhlvdgsswvo6ii4akgyd.onion%252Fmeta%252Fsettings%253Ffokus%253Dscience%2526url%253Dhttp%25253A%25252F%25252Fmetagerv65pwclop2rsfzg4jwowpavpwd6grhhlvdgsswvo6ii4akgyd.onion Sucheinstellungen (Produkte)
http://metagerv65pwclop2rsfzg4jwowpavpwd6grhhlvdgsswvo6ii4akgyd.onion/meta/settings?fokus=science&url=http%3A%2F%2Fmetagerv65pwclop2rsfzg4jwowpavpwd6grhhlvdgsswvo6ii4akgyd.onion%2Fmeta%2Fsettings%3Famp%253Burl%3Dhttp%253A%252F%252Fmetagerv65pwclop2rsfzg4jwowpavpwd6grhhlvdgsswvo6ii4akgyd.onion%252Fmeta%252Fsettings%253Ffokus%253Dnachrichten%2526url%253Dhttp%25253A%25252F%25252Fmetagerv65pwclop2rsfzg4jwowpavpwd6grhhlvdgsswvo6ii4akgyd.onion%26fokus%3Dbilder Sucheinstellungen (Wissenschaft)
http://metagerv65pwclop2rsfzg4jwowpavpwd6grhhlvdgsswvo6ii4akgyd.onion/meta/settings?fokus=web&amp;url=http%3A%2F%2Fmetagerv65pwclop2rsfzg4jwowpavpwd6grhhlvdgsswvo6ii4akgyd.onion%2Fmeta%2Fsettings%3Famp%253Burl%3Dhttp%253A%252F%252Fmetagerv65pwclop2rsfzg4jwowpavpwd6grhhlvdgsswvo6ii4akgyd.onion%252Fmeta%252Fsettings%253Ffokus%253Dscience%2526url%253Dhttp%25253A%25252F%25252Fmetagerv65pwclop2rsfzg4jwowpavpwd6grhhlvdgsswvo6ii4akgyd.onion Sucheinstellungen (Web)
http://hssza6r6fbui4x452ayv3dkeynvjlkzllezxf3aizxppmcfmz2mg7uad.onion/product/2000-value-western-union-transfer/ $2000 value Western Union transfer – Cash Cow
http://eux4gt4qcaiesps5w5rppxcenoe5shapwycums5yuiikmc4mpc74gpyd.onion/profile.php?26,10587 AnonGTS :: Miscellaneous Art
http://eux4gt4qcaiesps5w5rppxcenoe5shapwycums5yuiikmc4mpc74gpyd.onion/read.php?26,387,8641#msg-8641 Mind Control Comics (250+ comics | updated 2017/11/01)
http://forums.kaizushih5iec2mxohpvbt5uaapqdnbluaasa2cmsrrjtwrbx46cnaid.onion/index.php?topic=2.0;prev_next=prev#new">Previous topic</a> - <a href="http://forums.kaizushih5iec2mxohpvbt5uaapqdnbluaasa2cmsrrjtwrbx46cnaid.onion Introduce Yourself Here
http://metagerv65pwclop2rsfzg4jwowpavpwd6grhhlvdgsswvo6ii4akgyd.onion/meta/settings?fokus=produkte&url=http%3A%2F%2Fmetagerv65pwclop2rsfzg4jwowpavpwd6grhhlvdgsswvo6ii4akgyd.onion%2Fmeta%2Fsettings%3Ffokus%3Dscience%26url%3Dhttp%253A%252F%252Fmetagerv65pwclop2rsfzg4jwowpavpwd6grhhlvdgsswvo6ii4akgyd.onion%252Fmeta%252Fsettings%253Ffokus%253Dnachrichten%2526url%253Dhttp%25253A%25252F%25252Fmetagerv65pwclop2rsfzg4jwowpavpwd6grhhlvdgsswvo6ii4akgyd.onion%25252Fspende Sucheinstellungen (Produkte)
http://metagerv65pwclop2rsfzg4jwowpavpwd6grhhlvdgsswvo6ii4akgyd.onion/meta/settings?fokus=bilder&url=http%3A%2F%2Fmetagerv65pwclop2rsfzg4jwowpavpwd6grhhlvdgsswvo6ii4akgyd.onion%2Fmeta%2Fsettings%3Ffokus%3Dscience%26url%3Dhttp%253A%252F%252Fmetagerv65pwclop2rsfzg4jwowpavpwd6grhhlvdgsswvo6ii4akgyd.onion%252Fmeta%252Fsettings%253Ffokus%253Dnachrichten%2526url%253Dhttp%25253A%25252F%25252Fmetagerv65pwclop2rsfzg4jwowpavpwd6grhhlvdgsswvo6ii4akgyd.onion%25252Fspende Sucheinstellungen (Bilder)
http://w5j6stm77zs6652pgsij4awcjeel3eco7kvipheu6mtr623eyyehj4yd.onion/w/index.php?title=Linux_Kernel_Runtime_Guard_LKRG&action=edit Editing Linux Kernel Runtime Guard LKRG - Kicksecure
http://www.w5j6stm77zs6652pgsij4awcjeel3eco7kvipheu6mtr623eyyehj4yd.onion/wiki/Cookie_Policy Cookie Policy - Kicksecure
http://forums.kaizushih5iec2mxohpvbt5uaapqdnbluaasa2cmsrrjtwrbx46cnaid.onion/index.php?action=printpage;topic=8.0 Print Page - Is there an I2P Address for this Forum?
https://pl.wikipedia.org/w/index.php?title=.onion&oldid=58154146 .onion – Wikipedia, wolna encyklopedia
http://forums.kaizushih5iec2mxohpvbt5uaapqdnbluaasa2cmsrrjtwrbx46cnaid.onion/index.php?action=printpage;topic=2.0 Print Page - Rules and Getting Verified
http://forums.kaizushih5iec2mxohpvbt5uaapqdnbluaasa2cmsrrjtwrbx46cnaid.onion/index.php?action=stats;expand=202301#m202301 KLOS Community Forum - Statistics Center
http://forums.kaizushih5iec2mxohpvbt5uaapqdnbluaasa2cmsrrjtwrbx46cnaid.onion/index.php?action=stats;expand=202302#m202302 KLOS Community Forum - Statistics Center
http://metagerv65pwclop2rsfzg4jwowpavpwd6grhhlvdgsswvo6ii4akgyd.onion/meta/settings?fokus=science&amp;url=http%3A%2F%2Fmetagerv65pwclop2rsfzg4jwowpavpwd6grhhlvdgsswvo6ii4akgyd.onion%2Fmeta%2Fsettings%2Fall-settings%3Furl%3Dhttp%253A%252F%252Fmetagerv65pwclop2rsfzg4jwowpavpwd6grhhlvdgsswvo6ii4akgyd.onion%252Fmeta%252Fsettings%253Ffokus%253Dnachrichten%2526url%253Dhttp%25253A%25252F%25252Fmetagerv65pwclop2rsfzg4jwowpavpwd6grhhlvdgsswvo6ii4akgyd.onion Sucheinstellungen (Wissenschaft)
http://metagerv65pwclop2rsfzg4jwowpavpwd6grhhlvdgsswvo6ii4akgyd.onion/meta/settings?fokus=web&amp;url=http%3A%2F%2Fmetagerv65pwclop2rsfzg4jwowpavpwd6grhhlvdgsswvo6ii4akgyd.onion%2Fmeta%2Fsettings%2Fall-settings%3Furl%3Dhttp%253A%252F%252Fmetagerv65pwclop2rsfzg4jwowpavpwd6grhhlvdgsswvo6ii4akgyd.onion%252Fmeta%252Fsettings%253Ffokus%253Dnachrichten%2526url%253Dhttp%25253A%25252F%25252Fmetagerv65pwclop2rsfzg4jwowpavpwd6grhhlvdgsswvo6ii4akgyd.onion Sucheinstellungen (Web)
http://forums.kaizushih5iec2mxohpvbt5uaapqdnbluaasa2cmsrrjtwrbx46cnaid.onion/index.php?msg=16 Is there an I2P Address for this Forum?
http://metagerv65pwclop2rsfzg4jwowpavpwd6grhhlvdgsswvo6ii4akgyd.onion/meta/settings?fokus=web&url=http%3A%2F%2Fmetagerv65pwclop2rsfzg4jwowpavpwd6grhhlvdgsswvo6ii4akgyd.onion%2Fmeta%2Fsettings%3Ffokus%3Dbilder%26url%3Dhttp%253A%252F%252Fmetagerv65pwclop2rsfzg4jwowpavpwd6grhhlvdgsswvo6ii4akgyd.onion%252Fabout Sucheinstellungen (Web)
http://forums.kaizushih5iec2mxohpvbt5uaapqdnbluaasa2cmsrrjtwrbx46cnaid.onion/index.php?msg=18 Is there an I2P Address for this Forum?
http://forums.kaizushih5iec2mxohpvbt5uaapqdnbluaasa2cmsrrjtwrbx46cnaid.onion/index.php?msg=15 Is there an I2P Address for this Forum?
http://metagerv65pwclop2rsfzg4jwowpavpwd6grhhlvdgsswvo6ii4akgyd.onion/uk/meta/settings/all-settings?url=http%3A%2F%2Fmetagerv65pwclop2rsfzg4jwowpavpwd6grhhlvdgsswvo6ii4akgyd.onion%2Fmeta%2Fsettings%3Ffokus%3Dnachrichten%26url%3Dhttp%253A%252F%252Fmetagerv65pwclop2rsfzg4jwowpavpwd6grhhlvdgsswvo6ii4akgyd.onion All Settings - MetaGer
http://metagerv65pwclop2rsfzg4jwowpavpwd6grhhlvdgsswvo6ii4akgyd.onion/en-US/meta/settings/all-settings?url=http%3A%2F%2Fmetagerv65pwclop2rsfzg4jwowpavpwd6grhhlvdgsswvo6ii4akgyd.onion%2Fmeta%2Fsettings%3Ffokus%3Dnachrichten%26url%3Dhttp%253A%252F%252Fmetagerv65pwclop2rsfzg4jwowpavpwd6grhhlvdgsswvo6ii4akgyd.onion All Settings - MetaGer
http://metagerv65pwclop2rsfzg4jwowpavpwd6grhhlvdgsswvo6ii4akgyd.onion/ie/meta/settings/all-settings?url=http%3A%2F%2Fmetagerv65pwclop2rsfzg4jwowpavpwd6grhhlvdgsswvo6ii4akgyd.onion%2Fmeta%2Fsettings%3Ffokus%3Dnachrichten%26url%3Dhttp%253A%252F%252Fmetagerv65pwclop2rsfzg4jwowpavpwd6grhhlvdgsswvo6ii4akgyd.onion All Settings - MetaGer
http://metagerv65pwclop2rsfzg4jwowpavpwd6grhhlvdgsswvo6ii4akgyd.onion/meta/settings?fokus=nachrichten&url=http%3A%2F%2Fmetagerv65pwclop2rsfzg4jwowpavpwd6grhhlvdgsswvo6ii4akgyd.onion%2Fmeta%2Fsettings%2Fall-settings%3Furl%3Dhttp%253A%252F%252Fmetagerv65pwclop2rsfzg4jwowpavpwd6grhhlvdgsswvo6ii4akgyd.onion%252Fmeta%252Fsettings%253Ffokus%253Dnachrichten%2526url%253Dhttp%25253A%25252F%25252Fmetagerv65pwclop2rsfzg4jwowpavpwd6grhhlvdgsswvo6ii4akgyd.onion%25252Fdatenschutz Sucheinstellungen (News/Politik)
http://metagerv65pwclop2rsfzg4jwowpavpwd6grhhlvdgsswvo6ii4akgyd.onion/meta/settings?fokus=science&url=http%3A%2F%2Fmetagerv65pwclop2rsfzg4jwowpavpwd6grhhlvdgsswvo6ii4akgyd.onion%2Fmeta%2Fsettings%2Fall-settings%3Furl%3Dhttp%253A%252F%252Fmetagerv65pwclop2rsfzg4jwowpavpwd6grhhlvdgsswvo6ii4akgyd.onion%252Fmeta%252Fsettings%253Ffokus%253Dnachrichten%2526url%253Dhttp%25253A%25252F%25252Fmetagerv65pwclop2rsfzg4jwowpavpwd6grhhlvdgsswvo6ii4akgyd.onion%25252Fdatenschutz Sucheinstellungen (Wissenschaft)
http://metagerv65pwclop2rsfzg4jwowpavpwd6grhhlvdgsswvo6ii4akgyd.onion/meta/settings?fokus=produkte&amp;url=http%3A%2F%2Fmetagerv65pwclop2rsfzg4jwowpavpwd6grhhlvdgsswvo6ii4akgyd.onion%2Fmeta%2Fsettings%2Fall-settings%3Furl%3Dhttp%253A%252F%252Fmetagerv65pwclop2rsfzg4jwowpavpwd6grhhlvdgsswvo6ii4akgyd.onion%252Fmeta%252Fsettings%253Ffokus%253Dnachrichten%2526url%253Dhttp%25253A%25252F%25252Fmetagerv65pwclop2rsfzg4jwowpavpwd6grhhlvdgsswvo6ii4akgyd.onion Sucheinstellungen (Produkte)
http://metagerv65pwclop2rsfzg4jwowpavpwd6grhhlvdgsswvo6ii4akgyd.onion/meta/settings?fokus=produkte&url=http%3A%2F%2Fmetagerv65pwclop2rsfzg4jwowpavpwd6grhhlvdgsswvo6ii4akgyd.onion%2Fmeta%2Fsettings%2Fall-settings%3Furl%3Dhttp%253A%252F%252Fmetagerv65pwclop2rsfzg4jwowpavpwd6grhhlvdgsswvo6ii4akgyd.onion%252Fmeta%252Fsettings%253Ffokus%253Dnachrichten%2526url%253Dhttp%25253A%25252F%25252Fmetagerv65pwclop2rsfzg4jwowpavpwd6grhhlvdgsswvo6ii4akgyd.onion%25252Fdatenschutz Sucheinstellungen (Produkte)
http://metagerv65pwclop2rsfzg4jwowpavpwd6grhhlvdgsswvo6ii4akgyd.onion/meta/settings?fokus=bilder&amp;url=http%3A%2F%2Fmetagerv65pwclop2rsfzg4jwowpavpwd6grhhlvdgsswvo6ii4akgyd.onion%2Fmeta%2Fsettings%2Fall-settings%3Furl%3Dhttp%253A%252F%252Fmetagerv65pwclop2rsfzg4jwowpavpwd6grhhlvdgsswvo6ii4akgyd.onion%252Fmeta%252Fsettings%253Ffokus%253Dnachrichten%2526url%253Dhttp%25253A%25252F%25252Fmetagerv65pwclop2rsfzg4jwowpavpwd6grhhlvdgsswvo6ii4akgyd.onion Sucheinstellungen (Bilder)
http://metagerv65pwclop2rsfzg4jwowpavpwd6grhhlvdgsswvo6ii4akgyd.onion/meta/settings?fokus=nachrichten&amp;url=http%3A%2F%2Fmetagerv65pwclop2rsfzg4jwowpavpwd6grhhlvdgsswvo6ii4akgyd.onion%2Fmeta%2Fsettings%2Fall-settings%3Furl%3Dhttp%253A%252F%252Fmetagerv65pwclop2rsfzg4jwowpavpwd6grhhlvdgsswvo6ii4akgyd.onion%252Fmeta%252Fsettings%253Ffokus%253Dnachrichten%2526url%253Dhttp%25253A%25252F%25252Fmetagerv65pwclop2rsfzg4jwowpavpwd6grhhlvdgsswvo6ii4akgyd.onion Sucheinstellungen (News/Politik)
http://eux4gt4qcaiesps5w5rppxcenoe5shapwycums5yuiikmc4mpc74gpyd.onion/read.php?26,387,6604#msg-6604 Mind Control Comics (250+ comics | updated 2017/11/01)
http://hssza6r6fbui4x452ayv3dkeynvjlkzllezxf3aizxppmcfmz2mg7uad.onion/product/1500-usd-cashapp-transfer/ $1500 USD CashApp transfer. – Cash Cow
http://forums.kaizushih5iec2mxohpvbt5uaapqdnbluaasa2cmsrrjtwrbx46cnaid.onion/index.php?action=profile;u=2 Log in
http://metagerv65pwclop2rsfzg4jwowpavpwd6grhhlvdgsswvo6ii4akgyd.onion/meta/settings?fokus=nachrichten&url=http%3A%2F%2Fmetagerv65pwclop2rsfzg4jwowpavpwd6grhhlvdgsswvo6ii4akgyd.onion%2Fmeta%2Fsettings%3Famp%253Burl%3Dhttp%253A%252F%252Fmetagerv65pwclop2rsfzg4jwowpavpwd6grhhlvdgsswvo6ii4akgyd.onion%252Fmeta%252Fsettings%253Ffokus%253Dbilder%2526url%253Dhttp%25253A%25252F%25252Fmetagerv65pwclop2rsfzg4jwowpavpwd6grhhlvdgsswvo6ii4akgyd.onion%26fokus%3Dnachrichten Sucheinstellungen (News/Politik)
http://www.w5j6stm77zs6652pgsij4awcjeel3eco7kvipheu6mtr623eyyehj4yd.onion/wiki/DMCA Terms of Service - Kicksecure
http://www.dds6qkxpwdeubwucdiaord2xgbbeyds25rbsgr73tbfpqpt4a6vjwsyd.onion/w/index.php?title=Special:Log&amp;page=Stay_Tuned%26">search the related logs</a><sup class="ext-link-to-archive" title="This is an .onion link"><a rel="noreferrer noopener" href="http://www.dds6qkxpwdeubwucdiaord2xgbbeyds25rbsgr73tbfpqpt4a6vjwsyd.onion Login required - Whonix
http://forums.kaizushih5iec2mxohpvbt5uaapqdnbluaasa2cmsrrjtwrbx46cnaid.onion/index.php?topic=5.0 This is not technical support! This is for discussion.
http://forums.dds6qkxpwdeubwucdiaord2xgbbeyds25rbsgr73tbfpqpt4a6vjwsyd.onion/u/hrabal Whonix Forum
http://forums.dds6qkxpwdeubwucdiaord2xgbbeyds25rbsgr73tbfpqpt4a6vjwsyd.onion/u/torjunkie Whonix Forum
https://pressroom.rferlo2zxgv23tct66v45s5mecftol5vod3hf4rqbipfp46fqu2q56ad.onion RFE Pressroom Homepage
http://metagerv65pwclop2rsfzg4jwowpavpwd6grhhlvdgsswvo6ii4akgyd.onion/meta/settings?fokus=nachrichten&amp;url=http%3A%2F%2Fmetagerv65pwclop2rsfzg4jwowpavpwd6grhhlvdgsswvo6ii4akgyd.onion%2Fmeta%2Fsettings%3Ffokus%3Dscience%26url%3Dhttp%253A%252F%252Fmetagerv65pwclop2rsfzg4jwowpavpwd6grhhlvdgsswvo6ii4akgyd.onion Sucheinstellungen (News/Politik)
http://metagerv65pwclop2rsfzg4jwowpavpwd6grhhlvdgsswvo6ii4akgyd.onion/meta/settings?fokus=produkte&amp;url=http%3A%2F%2Fmetagerv65pwclop2rsfzg4jwowpavpwd6grhhlvdgsswvo6ii4akgyd.onion%2Fmeta%2Fsettings%3Ffokus%3Dscience%26url%3Dhttp%253A%252F%252Fmetagerv65pwclop2rsfzg4jwowpavpwd6grhhlvdgsswvo6ii4akgyd.onion Sucheinstellungen (Produkte)
http://metagerv65pwclop2rsfzg4jwowpavpwd6grhhlvdgsswvo6ii4akgyd.onion/meta/settings?fokus=bilder&amp;url=http%3A%2F%2Fmetagerv65pwclop2rsfzg4jwowpavpwd6grhhlvdgsswvo6ii4akgyd.onion%2Fmeta%2Fsettings%3Ffokus%3Dscience%26url%3Dhttp%253A%252F%252Fmetagerv65pwclop2rsfzg4jwowpavpwd6grhhlvdgsswvo6ii4akgyd.onion Sucheinstellungen (Bilder)
http://metagerv65pwclop2rsfzg4jwowpavpwd6grhhlvdgsswvo6ii4akgyd.onion/meta/settings?fokus=web&amp;url=http%3A%2F%2Fmetagerv65pwclop2rsfzg4jwowpavpwd6grhhlvdgsswvo6ii4akgyd.onion%2Fmeta%2Fsettings%3Ffokus%3Dscience%26url%3Dhttp%253A%252F%252Fmetagerv65pwclop2rsfzg4jwowpavpwd6grhhlvdgsswvo6ii4akgyd.onion Sucheinstellungen (Web)
http://www.w5j6stm77zs6652pgsij4awcjeel3eco7kvipheu6mtr623eyyehj4yd.onion/wiki/Linux User Experience versus Commercial Operating Systems Linux User Experience versus Commercial Operating Systems
http://metagerv65pwclop2rsfzg4jwowpavpwd6grhhlvdgsswvo6ii4akgyd.onion/meta/settings?fokus=produkte&amp;url=http%3A%2F%2Fmetagerv65pwclop2rsfzg4jwowpavpwd6grhhlvdgsswvo6ii4akgyd.onion%2Fabout%2522%2520rel%3D%2522noopener%2522%2520target%3D%2522_blank%2522%253EMehr%2520erfahren%253C%2Fa%253E%2520und%2520%253Ca%2520href%3D%2522http%3A%2F%2Fmetagerv65pwclop2rsfzg4jwowpavpwd6grhhlvdgsswvo6ii4akgyd.onion Sucheinstellungen (Produkte)
http://metagerv65pwclop2rsfzg4jwowpavpwd6grhhlvdgsswvo6ii4akgyd.onion/meta/settings?fokus=nachrichten&url=http%3A%2F%2Fmetagerv65pwclop2rsfzg4jwowpavpwd6grhhlvdgsswvo6ii4akgyd.onion%2Fmeta%2Fsettings%3Ffokus%3Dbilder%26url%3Dhttp%253A%252F%252Fmetagerv65pwclop2rsfzg4jwowpavpwd6grhhlvdgsswvo6ii4akgyd.onion%252Fabout Sucheinstellungen (News/Politik)
http://metagerv65pwclop2rsfzg4jwowpavpwd6grhhlvdgsswvo6ii4akgyd.onion/meta/settings?fokus=produkte&url=http%3A%2F%2Fmetagerv65pwclop2rsfzg4jwowpavpwd6grhhlvdgsswvo6ii4akgyd.onion%2Fmeta%2Fsettings%3Ffokus%3Dbilder%26url%3Dhttp%253A%252F%252Fmetagerv65pwclop2rsfzg4jwowpavpwd6grhhlvdgsswvo6ii4akgyd.onion%252Fabout Sucheinstellungen (Produkte)
https://www.facebookwkhpilnemxj7asaniu7vnjjbiltxjqhye3mhbshg7kx5tfyd.onion/recover/initiate?lwv=110&ars=royal_blue_bar Forgot password | Can't log in | Facebook
http://hssza6r6fbui4x452ayv3dkeynvjlkzllezxf3aizxppmcfmz2mg7uad.onion/store/crypta//#tab_links_area Crypta – Products – Cash Cow
http://eux4gt4qcaiesps5w5rppxcenoe5shapwycums5yuiikmc4mpc74gpyd.onion/read.php?26,387,6604,quote=1#REPLY Mind Control Comics (250+ comics | updated 2017/11/01)
http://metagerv65pwclop2rsfzg4jwowpavpwd6grhhlvdgsswvo6ii4akgyd.onion/uk/meta/settings?fokus=web&amp;url=http%3A%2F%2Fmetagerv65pwclop2rsfzg4jwowpavpwd6grhhlvdgsswvo6ii4akgyd.onion Settings
http://forums.kaizushih5iec2mxohpvbt5uaapqdnbluaasa2cmsrrjtwrbx46cnaid.onion/index.php?action=recent Recent posts
https://www.rferlo2zxgv23tct66v45s5mecftol5vod3hf4rqbipfp46fqu2q56ad.onion/Multimedia multimedia - Radio Free Europe / Radio Liberty
http://eux4gt4qcaiesps5w5rppxcenoe5shapwycums5yuiikmc4mpc74gpyd.onion/read.php?26,387,8982#msg-8982 Mind Control Comics (250+ comics | updated 2017/11/01)
http://venus7rnkrbtdctbdtmvydn5kvjiaqmf2kgtzfup4muavc6wx4clwyqd.onion/index.php?route=information/information&information_id=6 Rules / Terms of Service
http://www.w5j6stm77zs6652pgsij4awcjeel3eco7kvipheu6mtr623eyyehj4yd.onion/wiki/Imprint Imprint - Kicksecure
