https://ru.wikipedia.org/w/index.php?title=%D0%A1%D0%BB%D1%83%D0%B6%D0%B5%D0%B1%D0%BD%D0%B0%D1%8F:Log&type=review&page=.onion Журнал патрулирования — Википедия
https://ja-jp.facebookwkhpilnemxj7asaniu7vnjjbiltxjqhye3mhbshg7kx5tfyd.onion/recover/initiate?lwv=110&ars=royal_blue_bar パスワードを忘れた | ログインできない | Facebook
http://metagerv65pwclop2rsfzg4jwowpavpwd6grhhlvdgsswvo6ii4akgyd.onion/meta/settings/all-settings?url=http%3A%2F%2Fmetagerv65pwclop2rsfzg4jwowpavpwd6grhhlvdgsswvo6ii4akgyd.onion%2Fmeta%2Fsettings%3Ffokus%3Dnachrichten%26url%3Dhttp%253A%252F%252Fmetagerv65pwclop2rsfzg4jwowpavpwd6grhhlvdgsswvo6ii4akgyd.onion%252Fapp Alle Sucheinstellungen - MetaGer
http://eux4gt4qcaiesps5w5rppxcenoe5shapwycums5yuiikmc4mpc74gpyd.onion/read.php?8,1424,1504#msg-1504 GTS Videos
http://metagerv65pwclop2rsfzg4jwowpavpwd6grhhlvdgsswvo6ii4akgyd.onion/meta/settings?fokus=produkte&url=http%3A%2F%2Fmetagerv65pwclop2rsfzg4jwowpavpwd6grhhlvdgsswvo6ii4akgyd.onion%2Fmeta%2Fsettings%3Ffokus%3Dscience%26url%3Dhttp%253A%252F%252Fmetagerv65pwclop2rsfzg4jwowpavpwd6grhhlvdgsswvo6ii4akgyd.onion%252Fdatenschutz Sucheinstellungen (Produkte)
http://metagerv65pwclop2rsfzg4jwowpavpwd6grhhlvdgsswvo6ii4akgyd.onion/meta/settings?fokus=web&url=http%3A%2F%2Fmetagerv65pwclop2rsfzg4jwowpavpwd6grhhlvdgsswvo6ii4akgyd.onion%2Fmeta%2Fsettings%3Ffokus%3Dscience%26url%3Dhttp%253A%252F%252Fmetagerv65pwclop2rsfzg4jwowpavpwd6grhhlvdgsswvo6ii4akgyd.onion%252Fdatenschutz Sucheinstellungen (Web)
http://2a2a2abbjsjcjwfuozip6idfxsxyowoi3ajqyehqzfqyxezhacur7oyd.onion/shop/guns/500-rounds-of-180gr-fmj-40-sw-ammo-by-tula/ 500 Rounds of 180gr FMJ .40 S&W Ammo by Tula – DARK empire MARKET ✅
http://metagerv65pwclop2rsfzg4jwowpavpwd6grhhlvdgsswvo6ii4akgyd.onion/meta/settings?fokus=bilder&amp;url=http%3A%2F%2Fmetagerv65pwclop2rsfzg4jwowpavpwd6grhhlvdgsswvo6ii4akgyd.onion%2Fmeta%2Fsettings%3Famp%253Burl%3Dhttp%253A%252F%252Fmetagerv65pwclop2rsfzg4jwowpavpwd6grhhlvdgsswvo6ii4akgyd.onion%252Fmeta%252Fsettings%253Ffokus%253Dbilder%2526url%253Dhttp%25253A%25252F%25252Fmetagerv65pwclop2rsfzg4jwowpavpwd6grhhlvdgsswvo6ii4akgyd.onion Sucheinstellungen (Bilder)
http://metagerv65pwclop2rsfzg4jwowpavpwd6grhhlvdgsswvo6ii4akgyd.onion/meta/settings?fokus=web&amp;url=http%3A%2F%2Fmetagerv65pwclop2rsfzg4jwowpavpwd6grhhlvdgsswvo6ii4akgyd.onion%2Fmeta%2Fsettings%3Famp%253Burl%3Dhttp%253A%252F%252Fmetagerv65pwclop2rsfzg4jwowpavpwd6grhhlvdgsswvo6ii4akgyd.onion%252Fmeta%252Fsettings%253Ffokus%253Dbilder%2526url%253Dhttp%25253A%25252F%25252Fmetagerv65pwclop2rsfzg4jwowpavpwd6grhhlvdgsswvo6ii4akgyd.onion Sucheinstellungen (Web)
http://metagerv65pwclop2rsfzg4jwowpavpwd6grhhlvdgsswvo6ii4akgyd.onion/meta/settings?fokus=nachrichten&amp;url=http%3A%2F%2Fmetagerv65pwclop2rsfzg4jwowpavpwd6grhhlvdgsswvo6ii4akgyd.onion%2Fmeta%2Fsettings%3Famp%253Burl%3Dhttp%253A%252F%252Fmetagerv65pwclop2rsfzg4jwowpavpwd6grhhlvdgsswvo6ii4akgyd.onion%252Fmeta%252Fsettings%253Ffokus%253Dbilder%2526url%253Dhttp%25253A%25252F%25252Fmetagerv65pwclop2rsfzg4jwowpavpwd6grhhlvdgsswvo6ii4akgyd.onion Sucheinstellungen (News/Politik)
http://metagerv65pwclop2rsfzg4jwowpavpwd6grhhlvdgsswvo6ii4akgyd.onion/meta/settings?fokus=produkte&amp;url=http%3A%2F%2Fmetagerv65pwclop2rsfzg4jwowpavpwd6grhhlvdgsswvo6ii4akgyd.onion%2Fmeta%2Fsettings%3Famp%253Burl%3Dhttp%253A%252F%252Fmetagerv65pwclop2rsfzg4jwowpavpwd6grhhlvdgsswvo6ii4akgyd.onion%252Fmeta%252Fsettings%253Ffokus%253Dbilder%2526url%253Dhttp%25253A%25252F%25252Fmetagerv65pwclop2rsfzg4jwowpavpwd6grhhlvdgsswvo6ii4akgyd.onion Sucheinstellungen (Produkte)
http://metagerv65pwclop2rsfzg4jwowpavpwd6grhhlvdgsswvo6ii4akgyd.onion/meta/settings?fokus=science&amp;url=http%3A%2F%2Fmetagerv65pwclop2rsfzg4jwowpavpwd6grhhlvdgsswvo6ii4akgyd.onion%2Fmeta%2Fsettings%3Famp%253Burl%3Dhttp%253A%252F%252Fmetagerv65pwclop2rsfzg4jwowpavpwd6grhhlvdgsswvo6ii4akgyd.onion%252Fmeta%252Fsettings%253Ffokus%253Dbilder%2526url%253Dhttp%25253A%25252F%25252Fmetagerv65pwclop2rsfzg4jwowpavpwd6grhhlvdgsswvo6ii4akgyd.onion Sucheinstellungen (Wissenschaft)
http://metagerv65pwclop2rsfzg4jwowpavpwd6grhhlvdgsswvo6ii4akgyd.onion/meta/settings?fokus=nachrichten&url=http%3A%2F%2Fmetagerv65pwclop2rsfzg4jwowpavpwd6grhhlvdgsswvo6ii4akgyd.onion%2Fmeta%2Fsettings%3Famp%253Burl%3Dhttp%253A%252F%252Fmetagerv65pwclop2rsfzg4jwowpavpwd6grhhlvdgsswvo6ii4akgyd.onion%252Fmeta%252Fsettings%253Ffokus%253Dscience%2526url%253Dhttp%25253A%25252F%25252Fmetagerv65pwclop2rsfzg4jwowpavpwd6grhhlvdgsswvo6ii4akgyd.onion%26fokus%3Dscience Sucheinstellungen (News/Politik)
http://forums.kaizushih5iec2mxohpvbt5uaapqdnbluaasa2cmsrrjtwrbx46cnaid.onion/index.php?msg=20 Is there an I2P Address for this Forum?
http://metagerv65pwclop2rsfzg4jwowpavpwd6grhhlvdgsswvo6ii4akgyd.onion/meta/settings?fokus=produkte&url=http%3A%2F%2Fmetagerv65pwclop2rsfzg4jwowpavpwd6grhhlvdgsswvo6ii4akgyd.onion%2Fhilfe%2Ffaktencheck Sucheinstellungen (Produkte)
http://metagerv65pwclop2rsfzg4jwowpavpwd6grhhlvdgsswvo6ii4akgyd.onion/meta/settings?fokus=science&url=http%3A%2F%2Fmetagerv65pwclop2rsfzg4jwowpavpwd6grhhlvdgsswvo6ii4akgyd.onion%2Fhilfe%2Ffaktencheck Sucheinstellungen (Wissenschaft)
http://metagerv65pwclop2rsfzg4jwowpavpwd6grhhlvdgsswvo6ii4akgyd.onion/meta/settings?fokus=nachrichten&url=http%3A%2F%2Fmetagerv65pwclop2rsfzg4jwowpavpwd6grhhlvdgsswvo6ii4akgyd.onion%2Fhilfe%2Ffaktencheck Sucheinstellungen (News/Politik)
http://forums.kaizushih5iec2mxohpvbt5uaapqdnbluaasa2cmsrrjtwrbx46cnaid.onion/index.php?msg=2 Rules and Getting Verified
http://eux4gt4qcaiesps5w5rppxcenoe5shapwycums5yuiikmc4mpc74gpyd.onion/read.php?26,387,9124#REPLY Mind Control Comics (250+ comics | updated 2017/11/01)
http://forums.kaizushih5iec2mxohpvbt5uaapqdnbluaasa2cmsrrjtwrbx46cnaid.onion/index.php?action=profile;u=11 Log in
http://forums.kaizushih5iec2mxohpvbt5uaapqdnbluaasa2cmsrrjtwrbx46cnaid.onion/index.php?topic=11.msg29#new Libre certainly is the new Dread, if not worse.
http://forums.kaizushih5iec2mxohpvbt5uaapqdnbluaasa2cmsrrjtwrbx46cnaid.onion/index.php?topic=4.msg4#new I just created this forum
http://2a2a2abbjsjcjwfuozip6idfxsxyowoi3ajqyehqzfqyxezhacur7oyd.onion/shop/counterfeits/1-btc-bitcoin-wallet-limited-stock-%e2%98%85-vendor-of-the-month-%e2%98%85/comment-page-13/#comments 1 BTC Bitcoin wallet (limited stock) ★ VENDOR OF THE MONTH ★ – DARK empire MARKET ✅
http://eux4gt4qcaiesps5w5rppxcenoe5shapwycums5yuiikmc4mpc74gpyd.onion/read.php?15,189,7587#msg-7587 Microne Magazine
http://metagerv65pwclop2rsfzg4jwowpavpwd6grhhlvdgsswvo6ii4akgyd.onion/meta/settings?fokus=nachrichten&url=http%3A%2F%2Fmetagerv65pwclop2rsfzg4jwowpavpwd6grhhlvdgsswvo6ii4akgyd.onion%2Fhilfe%2Fdatensicherheit Sucheinstellungen (News/Politik)
http://forums.kaizushih5iec2mxohpvbt5uaapqdnbluaasa2cmsrrjtwrbx46cnaid.onion/index.php?board=6.0;sort=last_post Kaizu's Corner
http://forums.kaizushih5iec2mxohpvbt5uaapqdnbluaasa2cmsrrjtwrbx46cnaid.onion/index.php?board=6.0;sort=replies;desc Kaizu's Corner
http://metagerv65pwclop2rsfzg4jwowpavpwd6grhhlvdgsswvo6ii4akgyd.onion/meta/settings?fokus=produkte&url=http%3A%2F%2Fmetagerv65pwclop2rsfzg4jwowpavpwd6grhhlvdgsswvo6ii4akgyd.onion%2Fhilfe%2Fdienste Sucheinstellungen (Produkte)
http://forums.kaizushih5iec2mxohpvbt5uaapqdnbluaasa2cmsrrjtwrbx46cnaid.onion/index.php?action=printpage;topic=4.0;images Print Page - I just created this forum
http://eux4gt4qcaiesps5w5rppxcenoe5shapwycums5yuiikmc4mpc74gpyd.onion/profile.php?15,1540 AnonGTS :: Manga and Hentai
http://forums.kaizushih5iec2mxohpvbt5uaapqdnbluaasa2cmsrrjtwrbx46cnaid.onion/index.php?action=printpage;topic=5.0 Print Page - This is not technical support! This is for discussion.
http://hssza6r6fbui4x452ayv3dkeynvjlkzllezxf3aizxppmcfmz2mg7uad.onion/store/closed-source Closed source guy – Products – Cash Cow
http://forums.kaizushih5iec2mxohpvbt5uaapqdnbluaasa2cmsrrjtwrbx46cnaid.onion/index.php?topic=3.0 Introduce Yourself Here
http://metagerv65pwclop2rsfzg4jwowpavpwd6grhhlvdgsswvo6ii4akgyd.onion/uk/meta/settings?fokus=nachrichten&amp;url=http%3A%2F%2Fmetagerv65pwclop2rsfzg4jwowpavpwd6grhhlvdgsswvo6ii4akgyd.onion%2Fuk%2Fmeta%2Fsettings%3Famp%253Burl%3Dhttp%253A%252F%252Fmetagerv65pwclop2rsfzg4jwowpavpwd6grhhlvdgsswvo6ii4akgyd.onion Settings
http://forums.kaizushih5iec2mxohpvbt5uaapqdnbluaasa2cmsrrjtwrbx46cnaid.onion/index.php?msg=19 Is there an I2P Address for this Forum?
http://metagerv65pwclop2rsfzg4jwowpavpwd6grhhlvdgsswvo6ii4akgyd.onion/ie/meta/settings?fokus=web&amp;url=http%3A%2F%2Fmetagerv65pwclop2rsfzg4jwowpavpwd6grhhlvdgsswvo6ii4akgyd.onion Settings
http://forums.kaizushih5iec2mxohpvbt5uaapqdnbluaasa2cmsrrjtwrbx46cnaid.onion/index.php?board=1.0;sort=subject General Discussion
http://metagerv65pwclop2rsfzg4jwowpavpwd6grhhlvdgsswvo6ii4akgyd.onion/en-US/meta/settings?fokus=web&amp;url=http%3A%2F%2Fmetagerv65pwclop2rsfzg4jwowpavpwd6grhhlvdgsswvo6ii4akgyd.onion Settings
http://metagerv65pwclop2rsfzg4jwowpavpwd6grhhlvdgsswvo6ii4akgyd.onion/meta/settings?fokus=web&url=http%3A%2F%2Fmetagerv65pwclop2rsfzg4jwowpavpwd6grhhlvdgsswvo6ii4akgyd.onion%2Fmeta%2Fsettings%3Famp%253Burl%3Dhttp%253A%252F%252Fmetagerv65pwclop2rsfzg4jwowpavpwd6grhhlvdgsswvo6ii4akgyd.onion%252Fmeta%252Fsettings%253Ffokus%253Dscience%2526url%253Dhttp%25253A%25252F%25252Fmetagerv65pwclop2rsfzg4jwowpavpwd6grhhlvdgsswvo6ii4akgyd.onion%26fokus%3Dscience Sucheinstellungen (Web)
http://forums.kaizushih5iec2mxohpvbt5uaapqdnbluaasa2cmsrrjtwrbx46cnaid.onion/index.php?topic=2.0;prev_next=next#new Libre certainly is the new Dread, if not worse.
http://metagerv65pwclop2rsfzg4jwowpavpwd6grhhlvdgsswvo6ii4akgyd.onion/meta/settings?fokus=produkte&amp;url=http%3A%2F%2Fmetagerv65pwclop2rsfzg4jwowpavpwd6grhhlvdgsswvo6ii4akgyd.onion%2Fmeta%2Fsettings%3Ffokus%3Dnachrichten%26url%3Dhttp%253A%252F%252Fmetagerv65pwclop2rsfzg4jwowpavpwd6grhhlvdgsswvo6ii4akgyd.onion Sucheinstellungen (Produkte)
http://eux4gt4qcaiesps5w5rppxcenoe5shapwycums5yuiikmc4mpc74gpyd.onion/read.php?15,189,7587#REPLY Microne Magazine
https://ru.wikipedia.org/w/index.php?title=%D0%A1%D0%BB%D1%83%D0%B6%D0%B5%D0%B1%D0%BD%D0%B0%D1%8F:Log&amp;type=review&amp;page=.onion Все доступные журналы — Википедия
http://forums.kaizushih5iec2mxohpvbt5uaapqdnbluaasa2cmsrrjtwrbx46cnaid.onion/index.php?action=printpage;topic=11.0;images Print Page - Libre certainly is the new Dread, if not worse.
http://hssza6r6fbui4x452ayv3dkeynvjlkzllezxf3aizxppmcfmz2mg7uad.onion/product/server-database-hacking/ Server database hacking – Cash Cow
http://metagerv65pwclop2rsfzg4jwowpavpwd6grhhlvdgsswvo6ii4akgyd.onion/meta/settings?fokus=nachrichten&amp;url=http%3A%2F%2Fmetagerv65pwclop2rsfzg4jwowpavpwd6grhhlvdgsswvo6ii4akgyd.onion%2Fmeta%2Fsettings%3Famp%253Burl%3Dhttp%253A%252F%252Fmetagerv65pwclop2rsfzg4jwowpavpwd6grhhlvdgsswvo6ii4akgyd.onion%252Fmeta%252Fsettings%253Ffokus%253Dnachrichten%2526url%253Dhttp%25253A%25252F%25252Fmetagerv65pwclop2rsfzg4jwowpavpwd6grhhlvdgsswvo6ii4akgyd.onion Sucheinstellungen (News/Politik)
http://metagerv65pwclop2rsfzg4jwowpavpwd6grhhlvdgsswvo6ii4akgyd.onion/meta/settings?fokus=science&url=http%3A%2F%2Fmetagerv65pwclop2rsfzg4jwowpavpwd6grhhlvdgsswvo6ii4akgyd.onion%2Fmeta%2Fsettings%3Famp%253Burl%3Dhttp%253A%252F%252Fmetagerv65pwclop2rsfzg4jwowpavpwd6grhhlvdgsswvo6ii4akgyd.onion%252Fmeta%252Fsettings%253Ffokus%253Dscience%2526url%253Dhttp%25253A%25252F%25252Fmetagerv65pwclop2rsfzg4jwowpavpwd6grhhlvdgsswvo6ii4akgyd.onion%26fokus%3Dscience Sucheinstellungen (Wissenschaft)
https://www.rferlo2zxgv23tct66v45s5mecftol5vod3hf4rqbipfp46fqu2q56ad.onion/subscribe Subscribe to RFE/RL's newsletters - Radio Free Europe / Radio Liberty
https://www.rferlo2zxgv23tct66v45s5mecftol5vod3hf4rqbipfp46fqu2q56ad.onion/Investigations RFE/RL Investigates - Radio Free Europe / Radio Liberty
http://venus7rnkrbtdctbdtmvydn5kvjiaqmf2kgtzfup4muavc6wx4clwyqd.onion/index.php?route=account/login Account Login
http://metagerv65pwclop2rsfzg4jwowpavpwd6grhhlvdgsswvo6ii4akgyd.onion/meta/settings?fokus=nachrichten&url=http%3A%2F%2Fmetagerv65pwclop2rsfzg4jwowpavpwd6grhhlvdgsswvo6ii4akgyd.onion%2Fmeta%2Fsettings%3Ffokus%3Dnachrichten%26url%3Dhttp%253A%252F%252Fmetagerv65pwclop2rsfzg4jwowpavpwd6grhhlvdgsswvo6ii4akgyd.onion%252Fmeta%252Fsettings%253Ffokus%253Dweb%2526url%253Dhttp%25253A%25252F%25252Fmetagerv65pwclop2rsfzg4jwowpavpwd6grhhlvdgsswvo6ii4akgyd.onion%25252Fabout Sucheinstellungen (News/Politik)
http://metagerv65pwclop2rsfzg4jwowpavpwd6grhhlvdgsswvo6ii4akgyd.onion/uk/datenschutz Privacy - MetaGer
http://metagerv65pwclop2rsfzg4jwowpavpwd6grhhlvdgsswvo6ii4akgyd.onion/en-US/meta/settings?fokus=web&amp;url=http%3A%2F%2Fmetagerv65pwclop2rsfzg4jwowpavpwd6grhhlvdgsswvo6ii4akgyd.onion%2Fen-US%2Fabout%2522%2520rel%3D%2522noopener%2522%2520target%3D%2522_blank%2522%253EMehr%2520erfahren%253C%2Fa%253E%2520und%2520%253Ca%2520href%3D%2522http%3A%2F%2Fmetagerv65pwclop2rsfzg4jwowpavpwd6grhhlvdgsswvo6ii4akgyd.onion Settings
http://metagerv65pwclop2rsfzg4jwowpavpwd6grhhlvdgsswvo6ii4akgyd.onion/en-US MetaGer: Privacy Protected Search & Find
http://metagerv65pwclop2rsfzg4jwowpavpwd6grhhlvdgsswvo6ii4akgyd.onion/meta/settings?fokus=bilder&url=http%3A%2F%2Fmetagerv65pwclop2rsfzg4jwowpavpwd6grhhlvdgsswvo6ii4akgyd.onion%2Fmeta%2Fsettings%3Ffokus%3Dscience%26url%3Dhttp%253A%252F%252Fmetagerv65pwclop2rsfzg4jwowpavpwd6grhhlvdgsswvo6ii4akgyd.onion%252Fmeta%252Fsettings%252Fall-settings%253Furl%253Dhttp%25253A%25252F%25252Fmetagerv65pwclop2rsfzg4jwowpavpwd6grhhlvdgsswvo6ii4akgyd.onion%25252Fmeta%25252Fsettings%25253Ffokus%25253Dscience%252526url%25253Dhttp%2525253A%2525252F%2525252Fmetagerv65pwclop2rsfzg4jwowpavpwd6grhhlvdgsswvo6ii4akgyd.onion%2525252Fspende Sucheinstellungen (Bilder)
http://hssza6r6fbui4x452ayv3dkeynvjlkzllezxf3aizxppmcfmz2mg7uad.onion/product/3000-value-moneygram-transfer/ $3000 value Moneygram transfer – Cash Cow
http://eux4gt4qcaiesps5w5rppxcenoe5shapwycums5yuiikmc4mpc74gpyd.onion/read.php?26,387,8982,quote=1#REPLY Mind Control Comics (250+ comics | updated 2017/11/01)
http://metagerv65pwclop2rsfzg4jwowpavpwd6grhhlvdgsswvo6ii4akgyd.onion/meta/settings/all-settings?url=http%3A%2F%2Fmetagerv65pwclop2rsfzg4jwowpavpwd6grhhlvdgsswvo6ii4akgyd.onion%2Fmeta%2Fsettings%3Ffokus%3Dnachrichten%26url%3Dhttp%253A%252F%252Fmetagerv65pwclop2rsfzg4jwowpavpwd6grhhlvdgsswvo6ii4akgyd.onion%252Fmeta%252Fsettings%253Ffokus%253Dnachrichten%2526url%253Dhttp%25253A%25252F%25252Fmetagerv65pwclop2rsfzg4jwowpavpwd6grhhlvdgsswvo6ii4akgyd.onion%25252Fmeta%25252Fsettings%25253Ffokus%25253Dweb%252526url%25253Dhttp%2525253A%2525252F%2525252Fmetagerv65pwclop2rsfzg4jwowpavpwd6grhhlvdgsswvo6ii4akgyd.onion%2525252Fabout Alle Sucheinstellungen - MetaGer
http://metagerv65pwclop2rsfzg4jwowpavpwd6grhhlvdgsswvo6ii4akgyd.onion/meta/settings?fokus=nachrichten&amp;url=http%3A%2F%2Fmetagerv65pwclop2rsfzg4jwowpavpwd6grhhlvdgsswvo6ii4akgyd.onion%2Fmeta%2Fsettings%3Ffokus%3Dprodukte%26url%3Dhttp%253A%252F%252Fmetagerv65pwclop2rsfzg4jwowpavpwd6grhhlvdgsswvo6ii4akgyd.onion%252Fmeta%252Fsettings%253Ffokus%253Dbilder%2526url%253Dhttp%25253A%25252F%25252Fmetagerv65pwclop2rsfzg4jwowpavpwd6grhhlvdgsswvo6ii4akgyd.onion Sucheinstellungen (News/Politik)
http://2a2a2abbjsjcjwfuozip6idfxsxyowoi3ajqyehqzfqyxezhacur7oyd.onion/shop/guns/certified-used-sig-sauer-p229-357sig-2-12rd-mags/ Certified Sig Sauer P229 357sig 2-12rd Mags – DARK empire MARKET ✅
http://3wymlmcsvxiaqzmbepsdawqpk6o2qsk65jhms72qqjulk5u4bgmvs3qd.onion/explore/earth/aceton_group explore:earth:aceton_group [Wizardry and Steamworks]
http://metagerv65pwclop2rsfzg4jwowpavpwd6grhhlvdgsswvo6ii4akgyd.onion/meta/settings?fokus=nachrichten&amp;url=http%3A%2F%2Fmetagerv65pwclop2rsfzg4jwowpavpwd6grhhlvdgsswvo6ii4akgyd.onion%2Fmeta%2Fsettings%3Ffokus%3Dnachrichten%26url%3Dhttp%253A%252F%252Fmetagerv65pwclop2rsfzg4jwowpavpwd6grhhlvdgsswvo6ii4akgyd.onion%252Fmeta%252Fsettings%253Ffokus%253Dbilder%2526url%253Dhttp%25253A%25252F%25252Fmetagerv65pwclop2rsfzg4jwowpavpwd6grhhlvdgsswvo6ii4akgyd.onion Sucheinstellungen (News/Politik)
http://hssza6r6fbui4x452ayv3dkeynvjlkzllezxf3aizxppmcfmz2mg7uad.onion/store/mundus MUNDUS – Products – Cash Cow
http://metagerv65pwclop2rsfzg4jwowpavpwd6grhhlvdgsswvo6ii4akgyd.onion/meta/settings?fokus=nachrichten&url=http%3A%2F%2Fmetagerv65pwclop2rsfzg4jwowpavpwd6grhhlvdgsswvo6ii4akgyd.onion%2Fmeta%2Fsettings%3Ffokus%3Dscience%26url%3Dhttp%253A%252F%252Fmetagerv65pwclop2rsfzg4jwowpavpwd6grhhlvdgsswvo6ii4akgyd.onion%252Fmeta%252Fsettings%252Fall-settings%253Furl%253Dhttp%25253A%25252F%25252Fmetagerv65pwclop2rsfzg4jwowpavpwd6grhhlvdgsswvo6ii4akgyd.onion%25252Fmeta%25252Fsettings%25253Ffokus%25253Dscience%252526url%25253Dhttp%2525253A%2525252F%2525252Fmetagerv65pwclop2rsfzg4jwowpavpwd6grhhlvdgsswvo6ii4akgyd.onion%2525252Fspende Sucheinstellungen (News/Politik)
http://metagerv65pwclop2rsfzg4jwowpavpwd6grhhlvdgsswvo6ii4akgyd.onion/ie/kontakt Contact - MetaGer
http://metagerv65pwclop2rsfzg4jwowpavpwd6grhhlvdgsswvo6ii4akgyd.onion/ie/datenschutz Privacy - MetaGer
http://venus7rnkrbtdctbdtmvydn5kvjiaqmf2kgtzfup4muavc6wx4clwyqd.onion/index.php?route=product/product&manufacturer_id=31&product_id=392 HOW TO MAKE 150k IN 21 DAYS CRYPTO SIGNALS,BOTS WORTH MILLIONS IN THE RIGHT HAND
http://eux4gt4qcaiesps5w5rppxcenoe5shapwycums5yuiikmc4mpc74gpyd.onion/read.php?8,1424,1435#msg-1435 GTS Videos
http://metagerv65pwclop2rsfzg4jwowpavpwd6grhhlvdgsswvo6ii4akgyd.onion/en-US/meta/settings?amp%3Burl=http%3A%2F%2Fmetagerv65pwclop2rsfzg4jwowpavpwd6grhhlvdgsswvo6ii4akgyd.onion MetaGer - Mehr als eine Suchmaschine
http://3wymlmcsvxiaqzmbepsdawqpk6o2qsk65jhms72qqjulk5u4bgmvs3qd.onion/explore/earth/stil_plateau explore:earth:stil_plateau [Wizardry and Steamworks]
http://venus7rnkrbtdctbdtmvydn5kvjiaqmf2kgtzfup4muavc6wx4clwyqd.onion/index.php?route=product/product&manufacturer_id=30&product_id=391 FULLY VERIFIED USA, UK OR EU CRYPTO.COM ACCOUNT
http://3wymlmcsvxiaqzmbepsdawqpk6o2qsk65jhms72qqjulk5u4bgmvs3qd.onion/explore/earth/sarychevo explore:earth:sarychevo [Wizardry and Steamworks]
http://3wymlmcsvxiaqzmbepsdawqpk6o2qsk65jhms72qqjulk5u4bgmvs3qd.onion/explore/earth/sentinel_island explore:earth:sentinel_island [Wizardry and Steamworks]
http://3wymlmcsvxiaqzmbepsdawqpk6o2qsk65jhms72qqjulk5u4bgmvs3qd.onion/explore/earth/ruins_of_moria explore:earth:ruins_of_moria [Wizardry and Steamworks]
http://3wymlmcsvxiaqzmbepsdawqpk6o2qsk65jhms72qqjulk5u4bgmvs3qd.onion/explore/earth/papahanaumokuakea explore:earth:papahanaumokuakea [Wizardry and Steamworks]
http://3wymlmcsvxiaqzmbepsdawqpk6o2qsk65jhms72qqjulk5u4bgmvs3qd.onion/explore/earth/oil_fields_in_alaska explore:earth:oil_fields_in_alaska [Wizardry and Steamworks]
http://3wymlmcsvxiaqzmbepsdawqpk6o2qsk65jhms72qqjulk5u4bgmvs3qd.onion/explore/earth/mauritius_race explore:earth:mauritius_race [Wizardry and Steamworks]
http://3wymlmcsvxiaqzmbepsdawqpk6o2qsk65jhms72qqjulk5u4bgmvs3qd.onion/explore/earth/largest_waterfall_on_kerguelen explore:earth:largest_waterfall_on_kerguelen [Wizardry and Steamworks]
http://venus7rnkrbtdctbdtmvydn5kvjiaqmf2kgtzfup4muavc6wx4clwyqd.onion/index.php?route=product/product&path=230&product_id=416 100 X 200ug LSD -White fluffy 99,9% pure - Priority Shipment WW
http://metagerv65pwclop2rsfzg4jwowpavpwd6grhhlvdgsswvo6ii4akgyd.onion/meta/settings?fokus=produkte&url=http%3A%2F%2Fmetagerv65pwclop2rsfzg4jwowpavpwd6grhhlvdgsswvo6ii4akgyd.onion%2Fmeta%2Fsettings%3Famp%253Burl%3Dhttp%253A%252F%252Fmetagerv65pwclop2rsfzg4jwowpavpwd6grhhlvdgsswvo6ii4akgyd.onion%252Fmeta%252Fsettings%253Ffokus%253Dscience%2526url%253Dhttp%25253A%25252F%25252Fmetagerv65pwclop2rsfzg4jwowpavpwd6grhhlvdgsswvo6ii4akgyd.onion%26fokus%3Dscience Sucheinstellungen (Produkte)
http://eux4gt4qcaiesps5w5rppxcenoe5shapwycums5yuiikmc4mpc74gpyd.onion/posting.php?26 AnonGTS :: Miscellaneous Art
http://metagerv65pwclop2rsfzg4jwowpavpwd6grhhlvdgsswvo6ii4akgyd.onion/meta/settings?fokus=science&url=http%3A%2F%2Fmetagerv65pwclop2rsfzg4jwowpavpwd6grhhlvdgsswvo6ii4akgyd.onion%2Fmeta%2Fsettings%3Ffokus%3Dscience%26url%3Dhttp%253A%252F%252Fmetagerv65pwclop2rsfzg4jwowpavpwd6grhhlvdgsswvo6ii4akgyd.onion%252Fmeta%252Fsettings%252Fall-settings%253Furl%253Dhttp%25253A%25252F%25252Fmetagerv65pwclop2rsfzg4jwowpavpwd6grhhlvdgsswvo6ii4akgyd.onion%25252Fmeta%25252Fsettings%25253Ffokus%25253Dscience%252526url%25253Dhttp%2525253A%2525252F%2525252Fmetagerv65pwclop2rsfzg4jwowpavpwd6grhhlvdgsswvo6ii4akgyd.onion%2525252Fspende Sucheinstellungen (Wissenschaft)
http://forums.kaizushih5iec2mxohpvbt5uaapqdnbluaasa2cmsrrjtwrbx46cnaid.onion/index.php?topic=5.0;prev_next=next#new Please turn this forum into a DN version of LinkedIn
http://forums.kaizushih5iec2mxohpvbt5uaapqdnbluaasa2cmsrrjtwrbx46cnaid.onion/index.php?topic=5.0;prev_next=prev#new Tell us about your setup
http://metagerv65pwclop2rsfzg4jwowpavpwd6grhhlvdgsswvo6ii4akgyd.onion/meta/settings?fokus=produkte&url=http%3A%2F%2Fmetagerv65pwclop2rsfzg4jwowpavpwd6grhhlvdgsswvo6ii4akgyd.onion%2Fmeta%2Fsettings%3Ffokus%3Dscience%26url%3Dhttp%253A%252F%252Fmetagerv65pwclop2rsfzg4jwowpavpwd6grhhlvdgsswvo6ii4akgyd.onion%252Fmeta%252Fsettings%252Fall-settings%253Furl%253Dhttp%25253A%25252F%25252Fmetagerv65pwclop2rsfzg4jwowpavpwd6grhhlvdgsswvo6ii4akgyd.onion%25252Fmeta%25252Fsettings%25253Ffokus%25253Dscience%252526url%25253Dhttp%2525253A%2525252F%2525252Fmetagerv65pwclop2rsfzg4jwowpavpwd6grhhlvdgsswvo6ii4akgyd.onion%2525252Fspende Sucheinstellungen (Produkte)
http://metagerv65pwclop2rsfzg4jwowpavpwd6grhhlvdgsswvo6ii4akgyd.onion/meta/settings?fokus=nachrichten&amp;url=http%3A%2F%2Fmetagerv65pwclop2rsfzg4jwowpavpwd6grhhlvdgsswvo6ii4akgyd.onion%2Fmeta%2Fsettings%3Ffokus%3Dscience%26url%3Dhttp%253A%252F%252Fmetagerv65pwclop2rsfzg4jwowpavpwd6grhhlvdgsswvo6ii4akgyd.onion%252Fmeta%252Fsettings%252Fall-settings%253Furl%253Dhttp%25253A%25252F%25252Fmetagerv65pwclop2rsfzg4jwowpavpwd6grhhlvdgsswvo6ii4akgyd.onion%25252Fmeta%25252Fsettings%25253Ffokus%25253Dscience%252526url%25253Dhttp%2525253A%2525252F%2525252Fmetagerv65pwclop2rsfzg4jwowpavpwd6grhhlvdgsswvo6ii4akgyd.onion Sucheinstellungen (News/Politik)
http://metagerv65pwclop2rsfzg4jwowpavpwd6grhhlvdgsswvo6ii4akgyd.onion/meta/settings?fokus=science&amp;url=http%3A%2F%2Fmetagerv65pwclop2rsfzg4jwowpavpwd6grhhlvdgsswvo6ii4akgyd.onion%2Fmeta%2Fsettings%3Ffokus%3Dnachrichten%26url%3Dhttp%253A%252F%252Fmetagerv65pwclop2rsfzg4jwowpavpwd6grhhlvdgsswvo6ii4akgyd.onion%252Fmeta%252Fsettings%253Ffokus%253Dweb%2526url%253Dhttp%25253A%25252F%25252Fmetagerv65pwclop2rsfzg4jwowpavpwd6grhhlvdgsswvo6ii4akgyd.onion Sucheinstellungen (Wissenschaft)
http://metagerv65pwclop2rsfzg4jwowpavpwd6grhhlvdgsswvo6ii4akgyd.onion/meta/settings?fokus=science&url=http%3A%2F%2Fmetagerv65pwclop2rsfzg4jwowpavpwd6grhhlvdgsswvo6ii4akgyd.onion%2Fmeta%2Fsettings%3Ffokus%3Dnachrichten%26url%3Dhttp%253A%252F%252Fmetagerv65pwclop2rsfzg4jwowpavpwd6grhhlvdgsswvo6ii4akgyd.onion%252Fmeta%252Fsettings%252Fall-settings%253Furl%253Dhttp%25253A%25252F%25252Fmetagerv65pwclop2rsfzg4jwowpavpwd6grhhlvdgsswvo6ii4akgyd.onion%25252Fmeta%25252Fsettings%25253Ffokus%25253Dscience%252526url%25253Dhttp%2525253A%2525252F%2525252Fmetagerv65pwclop2rsfzg4jwowpavpwd6grhhlvdgsswvo6ii4akgyd.onion%2525252Fspende Sucheinstellungen (Wissenschaft)
http://metagerv65pwclop2rsfzg4jwowpavpwd6grhhlvdgsswvo6ii4akgyd.onion/meta/settings?fokus=nachrichten&amp;url=http%3A%2F%2Fmetagerv65pwclop2rsfzg4jwowpavpwd6grhhlvdgsswvo6ii4akgyd.onion%2Fmeta%2Fsettings%3Ffokus%3Dnachrichten%26url%3Dhttp%253A%252F%252Fmetagerv65pwclop2rsfzg4jwowpavpwd6grhhlvdgsswvo6ii4akgyd.onion%252Fmeta%252Fsettings%253Ffokus%253Dweb%2526url%253Dhttp%25253A%25252F%25252Fmetagerv65pwclop2rsfzg4jwowpavpwd6grhhlvdgsswvo6ii4akgyd.onion Sucheinstellungen (News/Politik)
http://metagerv65pwclop2rsfzg4jwowpavpwd6grhhlvdgsswvo6ii4akgyd.onion/meta/settings?fokus=produkte&url=http%3A%2F%2Fmetagerv65pwclop2rsfzg4jwowpavpwd6grhhlvdgsswvo6ii4akgyd.onion%2Fmeta%2Fsettings%3Ffokus%3Dprodukte%26url%3Dhttp%253A%252F%252Fmetagerv65pwclop2rsfzg4jwowpavpwd6grhhlvdgsswvo6ii4akgyd.onion%252Fapp Sucheinstellungen (Produkte)
http://metagerv65pwclop2rsfzg4jwowpavpwd6grhhlvdgsswvo6ii4akgyd.onion/meta/settings?fokus=bilder&url=http%3A%2F%2Fmetagerv65pwclop2rsfzg4jwowpavpwd6grhhlvdgsswvo6ii4akgyd.onion%2Fmeta%2Fsettings%3Ffokus%3Dprodukte%26url%3Dhttp%253A%252F%252Fmetagerv65pwclop2rsfzg4jwowpavpwd6grhhlvdgsswvo6ii4akgyd.onion%252Fapp Sucheinstellungen (Bilder)
http://qubesosfasa4zl44o4tws22di6kepyzfeqv3tg4e3ztknltfxqrymdad.onion/doc/how-to-back-up-restore-and-migrate/ 
      How to back up, restore, and migrate | Qubes OS
http://metagerv65pwclop2rsfzg4jwowpavpwd6grhhlvdgsswvo6ii4akgyd.onion/meta/settings?fokus=nachrichten&url=http%3A%2F%2Fmetagerv65pwclop2rsfzg4jwowpavpwd6grhhlvdgsswvo6ii4akgyd.onion%2Fmeta%2Fsettings%3Ffokus%3Dnachrichten%26url%3Dhttp%253A%252F%252Fmetagerv65pwclop2rsfzg4jwowpavpwd6grhhlvdgsswvo6ii4akgyd.onion%252Fmeta%252Fsettings%252Fall-settings%253Furl%253Dhttp%25253A%25252F%25252Fmetagerv65pwclop2rsfzg4jwowpavpwd6grhhlvdgsswvo6ii4akgyd.onion%25252Fmeta%25252Fsettings%25253Ffokus%25253Dscience%252526url%25253Dhttp%2525253A%2525252F%2525252Fmetagerv65pwclop2rsfzg4jwowpavpwd6grhhlvdgsswvo6ii4akgyd.onion%2525252Fspende Sucheinstellungen (News/Politik)
http://metagerv65pwclop2rsfzg4jwowpavpwd6grhhlvdgsswvo6ii4akgyd.onion/meta/settings?fokus=web&url=http%3A%2F%2Fmetagerv65pwclop2rsfzg4jwowpavpwd6grhhlvdgsswvo6ii4akgyd.onion%2Fmeta%2Fsettings%3Ffokus%3Dprodukte%26url%3Dhttp%253A%252F%252Fmetagerv65pwclop2rsfzg4jwowpavpwd6grhhlvdgsswvo6ii4akgyd.onion%252Fapp Sucheinstellungen (Web)
http://eux4gt4qcaiesps5w5rppxcenoe5shapwycums5yuiikmc4mpc74gpyd.onion/read.php?26,387,8971#msg-8971 Mind Control Comics (250+ comics | updated 2017/11/01)
http://metagerv65pwclop2rsfzg4jwowpavpwd6grhhlvdgsswvo6ii4akgyd.onion/meta/settings?fokus=science&amp;url=http%3A%2F%2Fmetagerv65pwclop2rsfzg4jwowpavpwd6grhhlvdgsswvo6ii4akgyd.onion%2Fmeta%2Fsettings%3Ffokus%3Dnachrichten%26url%3Dhttp%253A%252F%252Fmetagerv65pwclop2rsfzg4jwowpavpwd6grhhlvdgsswvo6ii4akgyd.onion%252Fmeta%252Fsettings%252Fall-settings%253Furl%253Dhttp%25253A%25252F%25252Fmetagerv65pwclop2rsfzg4jwowpavpwd6grhhlvdgsswvo6ii4akgyd.onion%25252Fmeta%25252Fsettings%25253Ffokus%25253Dscience%252526url%25253Dhttp%2525253A%2525252F%2525252Fmetagerv65pwclop2rsfzg4jwowpavpwd6grhhlvdgsswvo6ii4akgyd.onion Sucheinstellungen (Wissenschaft)
http://metagerv65pwclop2rsfzg4jwowpavpwd6grhhlvdgsswvo6ii4akgyd.onion/meta/settings?fokus=web&amp;url=http%3A%2F%2Fmetagerv65pwclop2rsfzg4jwowpavpwd6grhhlvdgsswvo6ii4akgyd.onion%2Fmeta%2Fsettings%3Famp%253Burl%3Dhttp%253A%252F%252Fmetagerv65pwclop2rsfzg4jwowpavpwd6grhhlvdgsswvo6ii4akgyd.onion%252Fmeta%252Fsettings%252Fall-settings%253Furl%253Dhttp%25253A%25252F%25252Fmetagerv65pwclop2rsfzg4jwowpavpwd6grhhlvdgsswvo6ii4akgyd.onion%25252Fmeta%25252Fsettings%25253Ffokus%25253Dscience%252526url%25253Dhttp%2525253A%2525252F%2525252Fmetagerv65pwclop2rsfzg4jwowpavpwd6grhhlvdgsswvo6ii4akgyd.onion Sucheinstellungen (Web)
http://metagerv65pwclop2rsfzg4jwowpavpwd6grhhlvdgsswvo6ii4akgyd.onion/meta/settings?fokus=produkte&amp;url=http%3A%2F%2Fmetagerv65pwclop2rsfzg4jwowpavpwd6grhhlvdgsswvo6ii4akgyd.onion%2Fmeta%2Fsettings%3Famp%253Burl%3Dhttp%253A%252F%252Fmetagerv65pwclop2rsfzg4jwowpavpwd6grhhlvdgsswvo6ii4akgyd.onion%252Fmeta%252Fsettings%252Fall-settings%253Furl%253Dhttp%25253A%25252F%25252Fmetagerv65pwclop2rsfzg4jwowpavpwd6grhhlvdgsswvo6ii4akgyd.onion%25252Fmeta%25252Fsettings%25253Ffokus%25253Dscience%252526url%25253Dhttp%2525253A%2525252F%2525252Fmetagerv65pwclop2rsfzg4jwowpavpwd6grhhlvdgsswvo6ii4akgyd.onion Sucheinstellungen (Produkte)
http://metagerv65pwclop2rsfzg4jwowpavpwd6grhhlvdgsswvo6ii4akgyd.onion/meta/settings?fokus=science&amp;url=http%3A%2F%2Fmetagerv65pwclop2rsfzg4jwowpavpwd6grhhlvdgsswvo6ii4akgyd.onion%2Fmeta%2Fsettings%3Famp%253Burl%3Dhttp%253A%252F%252Fmetagerv65pwclop2rsfzg4jwowpavpwd6grhhlvdgsswvo6ii4akgyd.onion%252Fmeta%252Fsettings%252Fall-settings%253Furl%253Dhttp%25253A%25252F%25252Fmetagerv65pwclop2rsfzg4jwowpavpwd6grhhlvdgsswvo6ii4akgyd.onion%25252Fmeta%25252Fsettings%25253Ffokus%25253Dscience%252526url%25253Dhttp%2525253A%2525252F%2525252Fmetagerv65pwclop2rsfzg4jwowpavpwd6grhhlvdgsswvo6ii4akgyd.onion Sucheinstellungen (Wissenschaft)
