http://thestock6nonb74owd6utzh4vld3xsf2n2fwxpwywjgq7maj47mvwmid.onion/ The Stock Insiders - Insider trading
http://oju4yn237c6hjh42qothvpreqecnqjhtvh4sgn3fqmsdvhu5d5tyspid.onion/ Easy Image Upload
http://gd5x24pjoan2pddc2fs6jlmnqbawq562d2qyk6ym4peu5ihzy6gd4jad.onion/ USA Citizenship - Become a citizen of the USA today, possible for everyone. Payment with bitcoin.
http://gn74rz534aeyfxqf33hqg6iuspizulmvpd7zoyz7ybjq4jo3whkykryd.onion/ NL Growers - Coffee Shop grade Cannabis from the Netherlands - Weed, Hash, Marijuana, Cannabis for Bitcoins
http://gn74rz534aeyfxqf33hqg6iuspizulmvpd7zoyz7ybjq4jo3whkykryd.onion NL Growers - Coffee Shop grade Cannabis from the Netherlands - Weed, Hash, Marijuana, Cannabis for Bitcoins
http://lgmtjgfpqk6hpik7yygkhavqivn6wsmfa7s7vszmcxwqkpwodinbhnad.onion No Tone
http://lgmtjgfpqk6hpik7yygkhavqivn6wsmfa7s7vszmcxwqkpwodinbhnad.onion/ No Tone
http://oju4yn237c6hjh42qothvpreqecnqjhtvh4sgn3fqmsdvhu5d5tyspid.onion Easy Image Upload
http://7sk2kov2xwx6cbc32phynrifegg6pklmzs7luwcggtzrnlsolxxuyfyd.onion/en/index.html systemli.org - Your friendly tech collective
http://4usoivrpy52lmc4mgn2h34cmfiltslesthr56yttv2pxudd3dapqciyd.onion/ Block bypass
http://4usoivrpy52lmc4mgn2h34cmfiltslesthr56yttv2pxudd3dapqciyd.onion/" target="_blank" rel="nofollow noreferrer noopener"><strong>8Chan</strong> 4usoivrpy52lmc4mgn2h34cmfiltslesthr56yttv2pxudd3dapqciyd.onion Block bypass
http://4usoivrpy52lmc4mgn2h34cmfiltslesthr56yttv2pxudd3dapqciyd.onion Block bypass
http://archiveiya74codqgiixo33q62qlrqtkgmcitqx5u2oeqnmn5bpcbiyd.onion/ Webpage archive
http://archiveiya74codqgiixo33q62qlrqtkgmcitqx5u2oeqnmn5bpcbiyd.onion Webpage archive
http://jamie3vkiwibfiwucd6vxijskbhpjdyajmzeor4mc4i7yopvpo4p7cyd.onion/ JamieWeb
http://jamie3vkiwibfiwucd6vxijskbhpjdyajmzeor4mc4i7yopvpo4p7cyd.onion JamieWeb
http://qazkxav4zzmt5xwfw6my362jdwhzrcafz7qpd5kugfgx7z7il5lyb6ad.onion/ Counterfeit USD - High quality USD Counterfeits - Best USD counterfeits on the market - buy fake USD banknotes with Bitcoin
http://tp7mtouwvggdlm73vimqkuq7727a4ebrv4vf4cnk6lfg4fatxa6p2ryd.onion/ In solidarity with Ukraine
http://tp7mtouwvggdlm73vimqkuq7727a4ebrv4vf4cnk6lfg4fatxa6p2ryd.onion In solidarity with Ukraine
http://hssza6r6fbui4x452ayv3dkeynvjlkzllezxf3aizxppmcfmz2mg7uad.onion Cash Cow ‚Äì Dark Web is Not Dead
http://hssza6r6fbui4x452ayv3dkeynvjlkzllezxf3aizxppmcfmz2mg7uad.onion/ Cash Cow ‚Äì Dark Web is Not Dead
http://45tbhx5prlejzjgn36nqaxqb6qnm73pbohuvqkpxz2zowh57bxqawkid.onion/ www.parckwart.de
http://7sk2kov2xwx6cbc32phynrifegg6pklmzs7luwcggtzrnlsolxxuyfyd.onion/ systemli.org - Your friendly tech collective
http://tcecdnp2fhyxlcrjoyc2eimdjosr65hweut6y7r2u6b5y75yuvbkvfyd.onion/ DisrupTor - Homepage
http://tcecdnp2fhyxlcrjoyc2eimdjosr65hweut6y7r2u6b5y75yuvbkvfyd.onion DisrupTor - Homepage
https://protonmailrmez3lotccipshtkleegetolb73fuirgj7r4o4vfu7ozyd.onion/ Proton ‚Äî Privacy by default
http://lldan5gahapx5k7iafb3s4ikijc4ni7gx5iywdflkba5y2ezyg6sjgyd.onion/ üßÖ OnionShare
http://6hzbfxpnsdo4bkplp5uojidkibswevsz3cfpdynih3qvfr24t5qlkcyd.onion/ Brainmagic - Biggest .onion psychedelics store - order LSD for Bitcoins online
http://6hzbfxpnsdo4bkplp5uojidkibswevsz3cfpdynih3qvfr24t5qlkcyd.onion Brainmagic - Biggest .onion psychedelics store - order LSD for Bitcoins online
http://frenchwltobamdhyq5y2egezkbnz53ws5kaa6wnscildhnegdw5nhsyd.onion/ French World Market - Captcha
http://frenchwltobamdhyq5y2egezkbnz53ws5kaa6wnscildhnegdw5nhsyd.onion French World Market - Captcha
http://kaizushih5iec2mxohpvbt5uaapqdnbluaasa2cmsrrjtwrbx46cnaid.onion/ Main Page :: Kaizushi's Little Onion Server
http://kaizushih5iec2mxohpvbt5uaapqdnbluaasa2cmsrrjtwrbx46cnaid.onion Main Page :: Kaizushi's Little Onion Server
http://kaizushih5iec2mxohpvbt5uaapqdnbluaasa2cmsrrjtwrbx46cnaid.onion/" target="_blank" rel="nofollow noreferrer noopener"><strong>KlosHost</strong> kaizushih5iec2mxohpvbt5uaapqdnbluaasa2cmsrrjtwrbx46cnaid.onion Main Page :: Kaizushi's Little Onion Server
http://strongerw2ise74v3duebgsvug4mehyhlpa7f6kfwnas7zofs3kov7yd.onion Stronghold Paste
http://strongerw2ise74v3duebgsvug4mehyhlpa7f6kfwnas7zofs3kov7yd.onion/ Stronghold Paste
http://jgwe5cjqdbyvudjqskaajbfibfewew4pndx52dye7ug3mt3jimmktkid.onion/ The Dark Web Pug
http://7bw24ll47y7aohhkrfdq2wydg3zvuecvjo63muycjzlbaqlihuogqvyd.onion/ BitPharma - biggest european .onion drug store - Cocaine for Bitcoins, Psychedelics for Bitcoins, Prescriptions for Bitcoins, Viagra for Bitcoins
http://7bw24ll47y7aohhkrfdq2wydg3zvuecvjo63muycjzlbaqlihuogqvyd.onion BitPharma - biggest european .onion drug store - Cocaine for Bitcoins, Psychedelics for Bitcoins, Prescriptions for Bitcoins, Viagra for Bitcoins
http://anyvidzxfxuyh7a4xvvltij37fm46ctw44z6b673jf3ey2t6jhym5qyd.onion anyVIDz - Uncensored Videos Board
http://dumlq77rikgevyimsj6e2cwfsueo7ooynno2rrvwmppngmntboe2hbyd.onion DeDope - German Weed Shop - weed online kaufen, weed f¸r bitcoins, marijuana online kaufen, cannabis online kaufen f¸r Bitcoins
http://dumlq77rikgevyimsj6e2cwfsueo7ooynno2rrvwmppngmntboe2hbyd.onion/ DeDope - German Weed Shop - weed online kaufen, weed f¸r bitcoins, marijuana online kaufen, cannabis online kaufen f¸r Bitcoins
http://anyvidzxfxuyh7a4xvvltij37fm46ctw44z6b673jf3ey2t6jhym5qyd.onion/ anyVIDz - Uncensored Videos Board
http://qrtitjevs5nxq6jvrnrjyz5dasi3nbzx24mzmfxnuk2dnzhpphcmgoyd.onion/ The Dark Web Pug
http://56dlutemceny6ncaxolpn6lety2cqfz5fd64nx4ohevj4a7ricixwzad.onion/ Fish'n'Pal!
http://56dlutemceny6ncaxolpn6lety2cqfz5fd64nx4ohevj4a7ricixwzad.onion Fish'n'Pal!
http://onionamev33r7w4zckyttobq3vrt725iuyr6xessihxifhxrhupixqad.onion/ OnionName: Obtain your vanity .onion domain name in Tor network without much hassle!
http://galaxy3yrfbwlwo72q3v2wlyjinqr2vejgpkxb22ll5pcpuaxlnqjiid.onion TGx:Home
http://xh6liiypqffzwnu5734ucwps37tn2g6npthvugz3gdoqpikujju525yd.onion/ Respostas Ocultas
http://ez37hmhem2gh3ixctfeaqn7kylal2vyjqsedkzhu4ebkcgikrigr5gid.onion/ Mobile Store - Best unlocked cell phones - Buy apple and samsung phones with Bitcoin
http://xh6liiypqffzwnu5734ucwps37tn2g6npthvugz3gdoqpikujju525yd.onion Respostas Ocultas
http://ez37hmhem2gh3ixctfeaqn7kylal2vyjqsedkzhu4ebkcgikrigr5gid.onion Mobile Store - Best unlocked cell phones - Buy apple and samsung phones with Bitcoin
http://germany2igel45jbmjdipfbzdswjcpjqzqozxt4l33452kzrrda2rbid.onion BKA - Seizure Banner
http://germany2igel45jbmjdipfbzdswjcpjqzqozxt4l33452kzrrda2rbid.onion/ BKA - Seizure Banner
http://gkcns4d3453llqjrksxdijfmmdjpqsykt6misgojxlhsnpivtl3uwhqd.onion/ DrChronic - Weed straight from the source.
http://n3irlpzwkcmfochhuswpcrg35z7bzqtaoffqecomrx57n3rd5jc72byd.onion Cash Machine For Everybody - Easy to use - Paypal Account - Paysafecard - US and EU Credit Cards
http://jhi4v5rjly75ggha26cu2eeyfhwvgbde4w6d75vepwxt2zht5sqfhuqd.onion/ Bitcoin Investment Trust - earn 5-9% per week!
http://porf65zpwy2yo4sjvynrl4eylj27ibrmo5s2bozrhffie63c7cxqawid.onion/ Smokeables - Finest Organic Cannabis - Buy weed in the US for bitcoin from smokeables deep web shop
http://porf65zpwy2yo4sjvynrl4eylj27ibrmo5s2bozrhffie63c7cxqawid.onion Smokeables - Finest Organic Cannabis - Buy weed in the US for bitcoin from smokeables deep web shop
http://n3irlpzwkcmfochhuswpcrg35z7bzqtaoffqecomrx57n3rd5jc72byd.onion/ Cash Machine For Everybody - Easy to use - Paypal Account - Paysafecard - US and EU Credit Cards
http://pz5uprzhnzeotviraa2fogkua5nlnmu75pbnnqu4fnwgfffldwxog7ad.onion/ USA Citizenship - Become a citizen of the USA today, possible for everyone. Payment with bitcoin.
http://ciadotgov4sjwlzihbbgxnqg3xiyrg7so2r2o3lt5wz5ypk4sxyjstad.onion/ Flickr
http://flibustaongezhld6dibs2dps6vm4nvqg2kp7vgowbu76tzopgnhazqd.onion –§–ª–∏–±—É—Å—Ç–∞ | –ö–Ω–∏–∂–Ω–æ–µ –±—Ä–∞—Ç—Å—Ç–≤–æ
http://zwf5i7hiwmffq2bl7euedg6y5ydzze3ljiyrjmm7o42vhe7ni56fm7qd.onion/ OnionWallet Anonymous and secure Bitcoin Wallet and Bitcoin Mixer, Laundry. Wash your Bitcoins. Tor Web Wallet
http://jkie5viyrmymttownlksylz5vipyxxvs6qgy2yybgbssoiuf7a7klpqd.onion French Pool
http://flibustaongezhld6dibs2dps6vm4nvqg2kp7vgowbu76tzopgnhazqd.onion/ –§–ª–∏–±—É—Å—Ç–∞ | –ö–Ω–∏–∂–Ω–æ–µ –±—Ä–∞—Ç—Å—Ç–≤–æ
http://juhanurmihxlp77nkq76byazcldy2hlmovfu2epvl5ankdibsot4csyd.onion/ 
    Ahmia ‚Äî
      Search Tor Hidden Services
    
  
http://juhanurmihxlp77nkq76byazcldy2hlmovfu2epvl5ankdibsot4csyd.onion 
http://jkie5viyrmymttownlksylz5vipyxxvs6qgy2yybgbssoiuf7a7klpqd.onion/ French Pool
http://wosc4noitfscyywccasl3c4yu3lftpl2adxuvprp6sbg4fud6mkrwqqd.onion/ UK Passports - Buy real UK passports, become a UK citizen now. Our passports are no fake passports, they are real passports.
http://5kpq325ecpcncl4o2xksvaso5tuydwj2kuqmpgtmu3vzfxkpiwsqpfid.onion/ VirginBitcoins
http://f2vfjp3jc37gxgn4hum4uf2bhi2w3kp4jbzdwegrn6bvtezbhminobid.onion/ VDARE.com news - America's Immigration Voice.
http://piratebayo3klnzokct3wt5yyxb2vpebbuyjl7m623iaxmqhsd52coid.onion/ Download music, movies, games, software! The Pirate Bay - The galaxy's most resilient BitTorrent site
http://piratebayo3klnzokct3wt5yyxb2vpebbuyjl7m623iaxmqhsd52coid.onion Download music, movies, games, software! The Pirate Bay - The galaxy's most resilient BitTorrent site
http://f2vfjp3jc37gxgn4hum4uf2bhi2w3kp4jbzdwegrn6bvtezbhminobid.onion VDARE.com news - America's Immigration Voice.
http://galaxy3yrfbwlwo72q3v2wlyjinqr2vejgpkxb22ll5pcpuaxlnqjiid.onion/ TGx:Home
http://jn6weomv6klvnwdwcgu55miabpwklsmmyaf5qrkt4miif4shrqmvdhqd.onion/ Rent-A-Hacker - Hire a hacker for every job you can imagine, from DDOS to completely ruining people or destroy reputation of a company or individual
http://jn6weomv6klvnwdwcgu55miabpwklsmmyaf5qrkt4miif4shrqmvdhqd.onion Rent-A-Hacker - Hire a hacker for every job you can imagine, from DDOS to completely ruining people or destroy reputation of a company or individual
http://d46a7ehxj6d6f2cf4hi3b424uzywno24c7qtnvdvwsah5qpogewoeqid.onion/ Hidden Wallet
http://indexzz7n3cq4slh5bh2lcctmiwk2y7epxjvkpyaemtuat2alprveyid.onion/ ƒ∞ndex
http://indexzz7n3cq4slh5bh2lcctmiwk2y7epxjvkpyaemtuat2alprveyid.onion ƒ∞ndex
http://d46a7ehxj6d6f2cf4hi3b424uzywno24c7qtnvdvwsah5qpogewoeqid.onion Hidden Wallet
http://zwf5i7hiwmffq2bl7euedg6y5ydzze3ljiyrjmm7o42vhe7ni56fm7qd.onion OnionWallet Anonymous and secure Bitcoin Wallet and Bitcoin Mixer, Laundry. Wash your Bitcoins. Tor Web Wallet
http://vu3miq3vhxljfclehmvy7ezclvsb3vksmug5vuivbpw4zovyszbemvqd.onion/ 
http://vu3miq3vhxljfclehmvy7ezclvsb3vksmug5vuivbpw4zovyszbemvqd.onion 
http://f6wqhy6ii7metm45m4mg6yg76yytik5kxe6h7sestyvm6gnlcw3n4qad.onion/ Cardshop - USA CVV KNOWN BALANCE and Worldwide CC & CVV from UK/US/DE/FR/CA/JP/AU/NL/IT/CH/DK/EU/Asia
http://f6wqhy6ii7metm45m4mg6yg76yytik5kxe6h7sestyvm6gnlcw3n4qad.onion Cardshop - USA CVV KNOWN BALANCE and Worldwide CC & CVV from UK/US/DE/FR/CA/JP/AU/NL/IT/CH/DK/EU/Asia
http://meynethaffeecapsvfphrcnfrx44w2nskgls2juwitibvqctk2plvhqd.onion/ MayVaneDay Studios
http://ciadotgov4sjwlzihbbgxnqg3xiyrg7so2r2o3lt5wz5ypk4sxyjstad.onion Flickr
http://sazyr2ntihjqpjtruxbn2z7kingj6hfgysiy5lzgo2aqduqpa3gfgmyd.onion/ Dark Mining - Bitcoin mining with real profits
http://endtovmbc5vokdpnxrhajcwgkfbkfz4wbyhbj6ueisai4prtvencheyd.onion Onion Identity Services - Get your fake passport and a new identity today
http://endtovmbc5vokdpnxrhajcwgkfbkfz4wbyhbj6ueisai4prtvencheyd.onion/ Onion Identity Services - Get your fake passport and a new identity today
http://bvten5svsltfpxrxl72ukqxixwo2m5ek5svmcxgrmkta4tbmiemuibid.onion Beneath VT ‚Äì Exploring Virginia Tech's steam tunnels and beyond
http://bvten5svsltfpxrxl72ukqxixwo2m5ek5svmcxgrmkta4tbmiemuibid.onion/ Beneath VT ‚Äì Exploring Virginia Tech's steam tunnels and beyond
http://wms5y25kttgihs4rt2sifsbwsjqjrx3vtc42tsu2obksqkj7y666fgid.onion/ DCdutchconnectionUK - The original dutch connection
http://3wymlmcsvxiaqzmbepsdawqpk6o2qsk65jhms72qqjulk5u4bgmvs3qd.onion/ start [Wizardry and Steamworks]
