http://metagerv65pwclop2rsfzg4jwowpavpwd6grhhlvdgsswvo6ii4akgyd.onion/en-US/zitat-suche Zitatsuche MetaGer
http://metagerv65pwclop2rsfzg4jwowpavpwd6grhhlvdgsswvo6ii4akgyd.onion/en-US/widget MetaGer Widget
https://ar-ar.facebookwkhpilnemxj7asaniu7vnjjbiltxjqhye3mhbshg7kx5tfyd.onion/login/identify/?ctx=recover&ars=royal_blue_bar&from_login_screen=0 نسيت كلمة السر | لا يمكنني تسجيل الدخول | فيسبوك
https://hi-in.facebookwkhpilnemxj7asaniu7vnjjbiltxjqhye3mhbshg7kx5tfyd.onion/login/identify/?ctx=recover&ars=royal_blue_bar&from_login_screen=0 पासवर्ड भूल गए | लॉग इन नहीं कर सकते | Facebook
http://metagerv65pwclop2rsfzg4jwowpavpwd6grhhlvdgsswvo6ii4akgyd.onion/en-US/plugin Plugin - MetaGer
http://metagerv65pwclop2rsfzg4jwowpavpwd6grhhlvdgsswvo6ii4akgyd.onion/en-US/meta/settings?fokus=web&url=http%3A%2F%2Fmetagerv65pwclop2rsfzg4jwowpavpwd6grhhlvdgsswvo6ii4akgyd.onion%2Fen-US%2Fmeta%2Fsettings%3Famp%253Burl%3Dhttp%253A%252F%252Fmetagerv65pwclop2rsfzg4jwowpavpwd6grhhlvdgsswvo6ii4akgyd.onion%252Fmeta%252Fsettings%252Fall-settings%253Furl%253Dhttp%25253A%25252F%25252Fmetagerv65pwclop2rsfzg4jwowpavpwd6grhhlvdgsswvo6ii4akgyd.onion%25252Fmeta%25252Fsettings%25253Ffokus%25253Dscience%252526url%25253Dhttp%2525253A%2525252F%2525252Fmetagerv65pwclop2rsfzg4jwowpavpwd6grhhlvdgsswvo6ii4akgyd.onion%26fokus%3Dscience Settings
http://metagerv65pwclop2rsfzg4jwowpavpwd6grhhlvdgsswvo6ii4akgyd.onion/en-US/asso Associator - MetaGer
http://metagerv65pwclop2rsfzg4jwowpavpwd6grhhlvdgsswvo6ii4akgyd.onion/en-US/team Team - MetaGer
http://metagerv65pwclop2rsfzg4jwowpavpwd6grhhlvdgsswvo6ii4akgyd.onion/en-US/meta/settings?fokus=nachrichten&url=http%3A%2F%2Fmetagerv65pwclop2rsfzg4jwowpavpwd6grhhlvdgsswvo6ii4akgyd.onion%2Fen-US%2Fmeta%2Fsettings%3Famp%253Burl%3Dhttp%253A%252F%252Fmetagerv65pwclop2rsfzg4jwowpavpwd6grhhlvdgsswvo6ii4akgyd.onion%252Fmeta%252Fsettings%252Fall-settings%253Furl%253Dhttp%25253A%25252F%25252Fmetagerv65pwclop2rsfzg4jwowpavpwd6grhhlvdgsswvo6ii4akgyd.onion%25252Fmeta%25252Fsettings%25253Ffokus%25253Dscience%252526url%25253Dhttp%2525253A%2525252F%2525252Fmetagerv65pwclop2rsfzg4jwowpavpwd6grhhlvdgsswvo6ii4akgyd.onion%26fokus%3Dscience Settings
http://y3uqa5umvziqedr6ox3io7qx4o5kf635s5qnhdbmzi2ws3s5eaitwvid.onion TOR GUNS AND AMMO – Pistol, Rifle, Revolver, Ammo, Gun, Silencer
http://metagerv65pwclop2rsfzg4jwowpavpwd6grhhlvdgsswvo6ii4akgyd.onion/en-US/tor tor hidden service - MetaGer
https://it-it.facebookwkhpilnemxj7asaniu7vnjjbiltxjqhye3mhbshg7kx5tfyd.onion/login/identify/?ctx=recover&ars=royal_blue_bar&from_login_screen=0 Password dimenticata | Impossibile accedere | Facebook
http://metagerv65pwclop2rsfzg4jwowpavpwd6grhhlvdgsswvo6ii4akgyd.onion/meta/settings?fokus=produkte&url=http%3A%2F%2Fmetagerv65pwclop2rsfzg4jwowpavpwd6grhhlvdgsswvo6ii4akgyd.onion%2Fmeta%2Fsettings%3Famp%253Burl%3Dhttp%253A%252F%252Fmetagerv65pwclop2rsfzg4jwowpavpwd6grhhlvdgsswvo6ii4akgyd.onion%252Fmeta%252Fsettings%253Ffokus%253Dbilder%2526url%253Dhttp%25253A%25252F%25252Fmetagerv65pwclop2rsfzg4jwowpavpwd6grhhlvdgsswvo6ii4akgyd.onion%26fokus%3Dscience Sucheinstellungen (Produkte)
http://metagerv65pwclop2rsfzg4jwowpavpwd6grhhlvdgsswvo6ii4akgyd.onion/en-US/datenschutz Privacy - MetaGer
http://metagerv65pwclop2rsfzg4jwowpavpwd6grhhlvdgsswvo6ii4akgyd.onion/en-US/kontakt Contact - MetaGer
https://fr-fr.facebookwkhpilnemxj7asaniu7vnjjbiltxjqhye3mhbshg7kx5tfyd.onion/login/identify/?ctx=recover&ars=royal_blue_bar&from_login_screen=0 Mot de passe oublié | Connexion impossible | Facebook
https://es-la.facebookwkhpilnemxj7asaniu7vnjjbiltxjqhye3mhbshg7kx5tfyd.onion/login/identify/?ctx=recover&ars=royal_blue_bar&from_login_screen=0 ¿Olvidaste tu contraseña? | No puedo iniciar sesión | Facebook
http://eux4gt4qcaiesps5w5rppxcenoe5shapwycums5yuiikmc4mpc74gpyd.onion/read.php?15,1609526913,newer AnonGTS :: Manga and Hentai
https://zh-cn.facebookwkhpilnemxj7asaniu7vnjjbiltxjqhye3mhbshg7kx5tfyd.onion/login/identify/?ctx=recover&ars=royal_blue_bar&from_login_screen=0 忘记密码 | 无法登录 | Facebook
http://eux4gt4qcaiesps5w5rppxcenoe5shapwycums5yuiikmc4mpc74gpyd.onion/read.php?26,387,10712#msg-10712 Mind Control Comics (250+ comics | updated 2017/11/01)
http://metagerv65pwclop2rsfzg4jwowpavpwd6grhhlvdgsswvo6ii4akgyd.onion/meta/settings/all-settings?url=http%3A%2F%2Fmetagerv65pwclop2rsfzg4jwowpavpwd6grhhlvdgsswvo6ii4akgyd.onion%2Fmeta%2Fsettings%3Ffokus%3Dweb%26url%3Dhttp%253A%252F%252Fmetagerv65pwclop2rsfzg4jwowpavpwd6grhhlvdgsswvo6ii4akgyd.onion%252Fapp Alle Sucheinstellungen - MetaGer
http://metagerv65pwclop2rsfzg4jwowpavpwd6grhhlvdgsswvo6ii4akgyd.onion/uk/team Team - MetaGer
http://eux4gt4qcaiesps5w5rppxcenoe5shapwycums5yuiikmc4mpc74gpyd.onion/read.php?15,1609526913,older REN CG sets
http://metagerv65pwclop2rsfzg4jwowpavpwd6grhhlvdgsswvo6ii4akgyd.onion/uk/impressum Site Notice - MetaGer
http://metagerv65pwclop2rsfzg4jwowpavpwd6grhhlvdgsswvo6ii4akgyd.onion/uk/tor tor hidden service - MetaGer
http://metagerv65pwclop2rsfzg4jwowpavpwd6grhhlvdgsswvo6ii4akgyd.onion/uk/meta/settings?fokus=nachrichten&url=http%3A%2F%2Fmetagerv65pwclop2rsfzg4jwowpavpwd6grhhlvdgsswvo6ii4akgyd.onion%2Fuk%2Fdatenschutz Settings
http://metagerv65pwclop2rsfzg4jwowpavpwd6grhhlvdgsswvo6ii4akgyd.onion/uk/plugin Plugin - MetaGer
http://metagerv65pwclop2rsfzg4jwowpavpwd6grhhlvdgsswvo6ii4akgyd.onion/uk/transparency Transparency statement - MetaGer
http://metagerv65pwclop2rsfzg4jwowpavpwd6grhhlvdgsswvo6ii4akgyd.onion/uk/kontakt Contact - MetaGer
http://metagerv65pwclop2rsfzg4jwowpavpwd6grhhlvdgsswvo6ii4akgyd.onion/uk/app Apps - MetaGer
http://metagerv65pwclop2rsfzg4jwowpavpwd6grhhlvdgsswvo6ii4akgyd.onion/uk/hilfe/faktencheck Fact-checks versus fake news
http://metagerv65pwclop2rsfzg4jwowpavpwd6grhhlvdgsswvo6ii4akgyd.onion/uk/asso Associator - MetaGer
http://metagerv65pwclop2rsfzg4jwowpavpwd6grhhlvdgsswvo6ii4akgyd.onion/uk/zitat-suche Zitatsuche MetaGer
http://metagerv65pwclop2rsfzg4jwowpavpwd6grhhlvdgsswvo6ii4akgyd.onion/uk/hilfe Help - MetaGer
http://metagerv65pwclop2rsfzg4jwowpavpwd6grhhlvdgsswvo6ii4akgyd.onion/uk/meta/settings?fokus=nachrichten&amp;url=http%3A%2F%2Fmetagerv65pwclop2rsfzg4jwowpavpwd6grhhlvdgsswvo6ii4akgyd.onion Settings
http://metagerv65pwclop2rsfzg4jwowpavpwd6grhhlvdgsswvo6ii4akgyd.onion/ie/meta/settings?fokus=nachrichten&amp;url=http%3A%2F%2Fmetagerv65pwclop2rsfzg4jwowpavpwd6grhhlvdgsswvo6ii4akgyd.onion Settings
http://metagerv65pwclop2rsfzg4jwowpavpwd6grhhlvdgsswvo6ii4akgyd.onion/en-US/meta/settings?fokus=nachrichten&amp;url=http%3A%2F%2Fmetagerv65pwclop2rsfzg4jwowpavpwd6grhhlvdgsswvo6ii4akgyd.onion Settings
http://metagerv65pwclop2rsfzg4jwowpavpwd6grhhlvdgsswvo6ii4akgyd.onion/meta/settings?fokus=science&url=http%3A%2F%2Fmetagerv65pwclop2rsfzg4jwowpavpwd6grhhlvdgsswvo6ii4akgyd.onion%2Fmeta%2Fsettings%3Ffokus%3Dnachrichten%26url%3Dhttp%253A%252F%252Fmetagerv65pwclop2rsfzg4jwowpavpwd6grhhlvdgsswvo6ii4akgyd.onion%252Fapp Sucheinstellungen (Wissenschaft)
http://metagerv65pwclop2rsfzg4jwowpavpwd6grhhlvdgsswvo6ii4akgyd.onion/meta/settings?fokus=nachrichten&url=http%3A%2F%2Fmetagerv65pwclop2rsfzg4jwowpavpwd6grhhlvdgsswvo6ii4akgyd.onion%2Fmeta%2Fsettings%3Ffokus%3Dnachrichten%26url%3Dhttp%253A%252F%252Fmetagerv65pwclop2rsfzg4jwowpavpwd6grhhlvdgsswvo6ii4akgyd.onion%252Fapp Sucheinstellungen (News/Politik)
http://metagerv65pwclop2rsfzg4jwowpavpwd6grhhlvdgsswvo6ii4akgyd.onion/meta/settings?fokus=produkte&url=http%3A%2F%2Fmetagerv65pwclop2rsfzg4jwowpavpwd6grhhlvdgsswvo6ii4akgyd.onion%2Fmeta%2Fsettings%3Ffokus%3Dnachrichten%26url%3Dhttp%253A%252F%252Fmetagerv65pwclop2rsfzg4jwowpavpwd6grhhlvdgsswvo6ii4akgyd.onion%252Fapp Sucheinstellungen (Produkte)
http://metagerv65pwclop2rsfzg4jwowpavpwd6grhhlvdgsswvo6ii4akgyd.onion/meta/settings?fokus=bilder&url=http%3A%2F%2Fmetagerv65pwclop2rsfzg4jwowpavpwd6grhhlvdgsswvo6ii4akgyd.onion%2Fmeta%2Fsettings%3Ffokus%3Dnachrichten%26url%3Dhttp%253A%252F%252Fmetagerv65pwclop2rsfzg4jwowpavpwd6grhhlvdgsswvo6ii4akgyd.onion%252Fapp Sucheinstellungen (Bilder)
http://metagerv65pwclop2rsfzg4jwowpavpwd6grhhlvdgsswvo6ii4akgyd.onion/uk/spende Donation - MetaGer
http://eux4gt4qcaiesps5w5rppxcenoe5shapwycums5yuiikmc4mpc74gpyd.onion/profile.php?26,46 AnonGTS :: Miscellaneous Art
http://metagerv65pwclop2rsfzg4jwowpavpwd6grhhlvdgsswvo6ii4akgyd.onion/meta/settings?fokus=web&url=http%3A%2F%2Fmetagerv65pwclop2rsfzg4jwowpavpwd6grhhlvdgsswvo6ii4akgyd.onion%2Fhilfe%2Ffaktencheck Sucheinstellungen (Web)
http://hssza6r6fbui4x452ayv3dkeynvjlkzllezxf3aizxppmcfmz2mg7uad.onion/product/unionpay-3000-balance-prepaid/ UnionPay $3000 balance prepaid – Cash Cow
http://eux4gt4qcaiesps5w5rppxcenoe5shapwycums5yuiikmc4mpc74gpyd.onion/read.php?15,189,8209#REPLY Microne Magazine
http://eux4gt4qcaiesps5w5rppxcenoe5shapwycums5yuiikmc4mpc74gpyd.onion/read.php?26,387,10190#REPLY Mind Control Comics (250+ comics | updated 2017/11/01)
http://eux4gt4qcaiesps5w5rppxcenoe5shapwycums5yuiikmc4mpc74gpyd.onion/read.php?26,387,10712#REPLY Mind Control Comics (250+ comics | updated 2017/11/01)
http://eux4gt4qcaiesps5w5rppxcenoe5shapwycums5yuiikmc4mpc74gpyd.onion/read.php?15,189,8209,quote=1#REPLY Microne Magazine
http://metagerv65pwclop2rsfzg4jwowpavpwd6grhhlvdgsswvo6ii4akgyd.onion/meta/settings?fokus=bilder&url=http%3A%2F%2Fmetagerv65pwclop2rsfzg4jwowpavpwd6grhhlvdgsswvo6ii4akgyd.onion%2Fmeta%2Fsettings%3Famp%253Burl%3Dhttp%253A%252F%252Fmetagerv65pwclop2rsfzg4jwowpavpwd6grhhlvdgsswvo6ii4akgyd.onion%252Fmeta%252Fsettings%253Ffokus%253Dnachrichten%2526url%253Dhttp%25253A%25252F%25252Fmetagerv65pwclop2rsfzg4jwowpavpwd6grhhlvdgsswvo6ii4akgyd.onion%26fokus%3Dbilder Sucheinstellungen (Bilder)
http://metagerv65pwclop2rsfzg4jwowpavpwd6grhhlvdgsswvo6ii4akgyd.onion/meta/settings?fokus=produkte&url=http%3A%2F%2Fmetagerv65pwclop2rsfzg4jwowpavpwd6grhhlvdgsswvo6ii4akgyd.onion%2Fmeta%2Fsettings%3Famp%253Burl%3Dhttp%253A%252F%252Fmetagerv65pwclop2rsfzg4jwowpavpwd6grhhlvdgsswvo6ii4akgyd.onion%252Fmeta%252Fsettings%253Ffokus%253Dnachrichten%2526url%253Dhttp%25253A%25252F%25252Fmetagerv65pwclop2rsfzg4jwowpavpwd6grhhlvdgsswvo6ii4akgyd.onion%26fokus%3Dbilder Sucheinstellungen (Produkte)
http://metagerv65pwclop2rsfzg4jwowpavpwd6grhhlvdgsswvo6ii4akgyd.onion/meta/settings?fokus=nachrichten&url=http%3A%2F%2Fmetagerv65pwclop2rsfzg4jwowpavpwd6grhhlvdgsswvo6ii4akgyd.onion%2Fmeta%2Fsettings%3Famp%253Burl%3Dhttp%253A%252F%252Fmetagerv65pwclop2rsfzg4jwowpavpwd6grhhlvdgsswvo6ii4akgyd.onion%252Fmeta%252Fsettings%253Ffokus%253Dnachrichten%2526url%253Dhttp%25253A%25252F%25252Fmetagerv65pwclop2rsfzg4jwowpavpwd6grhhlvdgsswvo6ii4akgyd.onion%26fokus%3Dbilder Sucheinstellungen (News/Politik)
http://metagerv65pwclop2rsfzg4jwowpavpwd6grhhlvdgsswvo6ii4akgyd.onion/meta/settings?fokus=bilder&amp;url=http%3A%2F%2Fmetagerv65pwclop2rsfzg4jwowpavpwd6grhhlvdgsswvo6ii4akgyd.onion%2Fmeta%2Fsettings%3Ffokus%3Dscience%26url%3Dhttp%253A%252F%252Fmetagerv65pwclop2rsfzg4jwowpavpwd6grhhlvdgsswvo6ii4akgyd.onion%252Fmeta%252Fsettings%253Ffokus%253Dnachrichten%2526url%253Dhttp%25253A%25252F%25252Fmetagerv65pwclop2rsfzg4jwowpavpwd6grhhlvdgsswvo6ii4akgyd.onion Sucheinstellungen (Bilder)
http://forums.kaizushih5iec2mxohpvbt5uaapqdnbluaasa2cmsrrjtwrbx46cnaid.onion/index.php?msg=27 Libre certainly is the new Dread, if not worse.
http://forums.kaizushih5iec2mxohpvbt5uaapqdnbluaasa2cmsrrjtwrbx46cnaid.onion/index.php?topic=8.0;prev_next=next#new Tell us about your setup
http://forums.kaizushih5iec2mxohpvbt5uaapqdnbluaasa2cmsrrjtwrbx46cnaid.onion/index.php?topic=8.0;prev_next=prev#new Please turn this forum into a DN version of LinkedIn
http://refuge3noitqegmmjericvur54ihyj7tsfyfwdblitaeaqu2koi7iuqd.onion/index.php?msg=148 What did you enjoy about today?
http://forums.kaizushih5iec2mxohpvbt5uaapqdnbluaasa2cmsrrjtwrbx46cnaid.onion/index.php?board=1.0;sort=replies General Discussion
http://forums.kaizushih5iec2mxohpvbt5uaapqdnbluaasa2cmsrrjtwrbx46cnaid.onion/index.php?board=1.0;sort=views General Discussion
http://forums.kaizushih5iec2mxohpvbt5uaapqdnbluaasa2cmsrrjtwrbx46cnaid.onion/index.php?board=1.0;sort=last_post General Discussion
http://metagerv65pwclop2rsfzg4jwowpavpwd6grhhlvdgsswvo6ii4akgyd.onion/meta/settings?fokus=produkte&url=http%3A%2F%2Fmetagerv65pwclop2rsfzg4jwowpavpwd6grhhlvdgsswvo6ii4akgyd.onion%2Fmeta%2Fsettings%3Ffokus%3Dweb%26url%3Dhttp%253A%252F%252Fmetagerv65pwclop2rsfzg4jwowpavpwd6grhhlvdgsswvo6ii4akgyd.onion%252Fapp Sucheinstellungen (Produkte)
http://metagerv65pwclop2rsfzg4jwowpavpwd6grhhlvdgsswvo6ii4akgyd.onion/meta/settings?fokus=bilder&url=http%3A%2F%2Fmetagerv65pwclop2rsfzg4jwowpavpwd6grhhlvdgsswvo6ii4akgyd.onion%2Fmeta%2Fsettings%3Ffokus%3Dweb%26url%3Dhttp%253A%252F%252Fmetagerv65pwclop2rsfzg4jwowpavpwd6grhhlvdgsswvo6ii4akgyd.onion%252Fapp Sucheinstellungen (Bilder)
http://metagerv65pwclop2rsfzg4jwowpavpwd6grhhlvdgsswvo6ii4akgyd.onion/meta/settings?fokus=science&amp;url=http%3A%2F%2Fmetagerv65pwclop2rsfzg4jwowpavpwd6grhhlvdgsswvo6ii4akgyd.onion%2Fmeta%2Fsettings%3Ffokus%3Dweb%26url%3Dhttp%253A%252F%252Fmetagerv65pwclop2rsfzg4jwowpavpwd6grhhlvdgsswvo6ii4akgyd.onion Sucheinstellungen (Wissenschaft)
http://metagerv65pwclop2rsfzg4jwowpavpwd6grhhlvdgsswvo6ii4akgyd.onion/meta/settings?fokus=web&url=http%3A%2F%2Fmetagerv65pwclop2rsfzg4jwowpavpwd6grhhlvdgsswvo6ii4akgyd.onion%2Fmeta%2Fsettings%3Ffokus%3Dweb%26url%3Dhttp%253A%252F%252Fmetagerv65pwclop2rsfzg4jwowpavpwd6grhhlvdgsswvo6ii4akgyd.onion%252Fapp Sucheinstellungen (Web)
http://metagerv65pwclop2rsfzg4jwowpavpwd6grhhlvdgsswvo6ii4akgyd.onion/meta/settings?fokus=nachrichten&url=http%3A%2F%2Fmetagerv65pwclop2rsfzg4jwowpavpwd6grhhlvdgsswvo6ii4akgyd.onion%2Fmeta%2Fsettings%3Ffokus%3Dweb%26url%3Dhttp%253A%252F%252Fmetagerv65pwclop2rsfzg4jwowpavpwd6grhhlvdgsswvo6ii4akgyd.onion%252Fapp Sucheinstellungen (News/Politik)
http://forums.kaizushih5iec2mxohpvbt5uaapqdnbluaasa2cmsrrjtwrbx46cnaid.onion/index.php?board=1.0;sort=starter General Discussion
https://hi-in.facebookwkhpilnemxj7asaniu7vnjjbiltxjqhye3mhbshg7kx5tfyd.onion/watch/ Facebook Watch
http://metagerv65pwclop2rsfzg4jwowpavpwd6grhhlvdgsswvo6ii4akgyd.onion/meta/settings?fokus=produkte&url=http%3A%2F%2Fmetagerv65pwclop2rsfzg4jwowpavpwd6grhhlvdgsswvo6ii4akgyd.onion%2Fmeta%2Fsettings%2Fall-settings%3Furl%3Dhttp%253A%252F%252Fmetagerv65pwclop2rsfzg4jwowpavpwd6grhhlvdgsswvo6ii4akgyd.onion%252Fmeta%252Fsettings%253Ffokus%253Dweb%2526url%253Dhttp%25253A%25252F%25252Fmetagerv65pwclop2rsfzg4jwowpavpwd6grhhlvdgsswvo6ii4akgyd.onion Sucheinstellungen (Produkte)
http://metagerv65pwclop2rsfzg4jwowpavpwd6grhhlvdgsswvo6ii4akgyd.onion/meta/settings?fokus=science&amp;url=http%3A%2F%2Fmetagerv65pwclop2rsfzg4jwowpavpwd6grhhlvdgsswvo6ii4akgyd.onion%2Fmeta%2Fsettings%2Fall-settings%3Furl%3Dhttp%253A%252F%252Fmetagerv65pwclop2rsfzg4jwowpavpwd6grhhlvdgsswvo6ii4akgyd.onion%252Fmeta%252Fsettings%253Ffokus%253Dweb%2526url%253Dhttp%25253A%25252F%25252Fmetagerv65pwclop2rsfzg4jwowpavpwd6grhhlvdgsswvo6ii4akgyd.onion Sucheinstellungen (Wissenschaft)
http://metagerv65pwclop2rsfzg4jwowpavpwd6grhhlvdgsswvo6ii4akgyd.onion/meta/settings?fokus=bilder&url=http%3A%2F%2Fmetagerv65pwclop2rsfzg4jwowpavpwd6grhhlvdgsswvo6ii4akgyd.onion%2Fmeta%2Fsettings%2Fall-settings%3Furl%3Dhttp%253A%252F%252Fmetagerv65pwclop2rsfzg4jwowpavpwd6grhhlvdgsswvo6ii4akgyd.onion%252Fmeta%252Fsettings%253Ffokus%253Dweb%2526url%253Dhttp%25253A%25252F%25252Fmetagerv65pwclop2rsfzg4jwowpavpwd6grhhlvdgsswvo6ii4akgyd.onion Sucheinstellungen (Bilder)
http://forums.kaizushih5iec2mxohpvbt5uaapqdnbluaasa2cmsrrjtwrbx46cnaid.onion/index.php?topic=10.0;prev_next=next#new Introduce Yourself Here
http://forums.kaizushih5iec2mxohpvbt5uaapqdnbluaasa2cmsrrjtwrbx46cnaid.onion/index.php?action=printpage;topic=10.0 Print Page - Interview
http://refuge3noitqegmmjericvur54ihyj7tsfyfwdblitaeaqu2koi7iuqd.onion/index.php?msg=16 What did you enjoy about today?
http://metagerv65pwclop2rsfzg4jwowpavpwd6grhhlvdgsswvo6ii4akgyd.onion/meta/settings/all-settings?url=http%3A%2F%2Fmetagerv65pwclop2rsfzg4jwowpavpwd6grhhlvdgsswvo6ii4akgyd.onion%2Fmeta%2Fsettings%3Famp%253Burl%3Dhttp%253A%252F%252Fmetagerv65pwclop2rsfzg4jwowpavpwd6grhhlvdgsswvo6ii4akgyd.onion%252Fmeta%252Fsettings%253Ffokus%253Dbilder%2526url%253Dhttp%25253A%25252F%25252Fmetagerv65pwclop2rsfzg4jwowpavpwd6grhhlvdgsswvo6ii4akgyd.onion%26fokus%3Dnachrichten Alle Sucheinstellungen - MetaGer
http://hssza6r6fbui4x452ayv3dkeynvjlkzllezxf3aizxppmcfmz2mg7uad.onion/product/btc-wallet-0-2337-btc-balance/ BTC wallet – 0.2337 BTC balance. – Cash Cow
http://metagerv65pwclop2rsfzg4jwowpavpwd6grhhlvdgsswvo6ii4akgyd.onion/meta/settings?fokus=science&url=http%3A%2F%2Fmetagerv65pwclop2rsfzg4jwowpavpwd6grhhlvdgsswvo6ii4akgyd.onion%2Fmeta%2Fsettings%3Ffokus%3Dbilder%26url%3Dhttp%253A%252F%252Fmetagerv65pwclop2rsfzg4jwowpavpwd6grhhlvdgsswvo6ii4akgyd.onion%252Fapp Sucheinstellungen (Wissenschaft)
http://2a2a2abbjsjcjwfuozip6idfxsxyowoi3ajqyehqzfqyxezhacur7oyd.onion/shop/documents/covid-19-vaccine-card-certificate-cdc-registered-with-qr-code/comment-page-6/#comments COVID-19 VACCINE CARD (CERTIFICATE) registered WORLDWIDE (w QRCODE) – DARK empire MARKET ✅
https://zh-cn.facebookwkhpilnemxj7asaniu7vnjjbiltxjqhye3mhbshg7kx5tfyd.onion/watch/ Facebook Watch
http://eux4gt4qcaiesps5w5rppxcenoe5shapwycums5yuiikmc4mpc74gpyd.onion/read.php?15,189,13939#REPLY Microne Magazine
http://w5j6stm77zs6652pgsij4awcjeel3eco7kvipheu6mtr623eyyehj4yd.onion/w/index.php?title=Linux_Kernel_Runtime_Guard_LKRG&amp;oldid=70049&amp;diff=cur">Template/file changes</a><sup class="ext-link-to-archive" title="This is an .onion link"><a rel="noreferrer noopener" href="http://w5j6stm77zs6652pgsij4awcjeel3eco7kvipheu6mtr623eyyehj4yd.onion Linux Kernel Runtime Guard (LKRG) for Debian, Whonix, Qubes, Kicksecure
https://www.rferlo2zxgv23tct66v45s5mecftol5vod3hf4rqbipfp46fqu2q56ad.onion/a/russia-censorship-vpn-reporting/31737775.html How To Bypass Blocking
https://pl.wikipedia.org/w/index.php?title=.onion&amp;oldid=58154146">https://pl.wikipedia.org/w/index.php?title=.onion .onion – Wikipedia, wolna encyklopedia
http://eux4gt4qcaiesps5w5rppxcenoe5shapwycums5yuiikmc4mpc74gpyd.onion/read.php?26,387,10190#msg-10190 Mind Control Comics (250+ comics | updated 2017/11/01)
https://ar.wikipedia.org/wiki/نطاق_أنيون_(.onion) نطاق أنيون (.onion) - ويكيبيديا
https://www.rferlo2zxgv23tct66v45s5mecftol5vod3hf4rqbipfp46fqu2q56ad.onion/p/6466.html Legal - Radio Free Europe / Radio Liberty
http://forums.w5j6stm77zs6652pgsij4awcjeel3eco7kvipheu6mtr623eyyehj4yd.onion/c/news Latest News topics - Kicksecure Forums
http://eux4gt4qcaiesps5w5rppxcenoe5shapwycums5yuiikmc4mpc74gpyd.onion/read.php?26,387,printview,page=2 Mind Control Comics (250+ comics | updated 2017/11/01)
http://hssza6r6fbui4x452ayv3dkeynvjlkzllezxf3aizxppmcfmz2mg7uad.onion/store/dean-the-mean Dean-the-mean – Products – Cash Cow
http://metagerv65pwclop2rsfzg4jwowpavpwd6grhhlvdgsswvo6ii4akgyd.onion/meta/settings?fokus=web&amp;url=http%3A%2F%2Fmetagerv65pwclop2rsfzg4jwowpavpwd6grhhlvdgsswvo6ii4akgyd.onion%2Fmeta%2Fsettings%3Ffokus%3Dweb%26url%3Dhttp%253A%252F%252Fmetagerv65pwclop2rsfzg4jwowpavpwd6grhhlvdgsswvo6ii4akgyd.onion Sucheinstellungen (Web)
http://metagerv65pwclop2rsfzg4jwowpavpwd6grhhlvdgsswvo6ii4akgyd.onion/meta/settings?fokus=bilder&amp;url=http%3A%2F%2Fmetagerv65pwclop2rsfzg4jwowpavpwd6grhhlvdgsswvo6ii4akgyd.onion%2Fmeta%2Fsettings%3Ffokus%3Dweb%26url%3Dhttp%253A%252F%252Fmetagerv65pwclop2rsfzg4jwowpavpwd6grhhlvdgsswvo6ii4akgyd.onion Sucheinstellungen (Bilder)
http://metagerv65pwclop2rsfzg4jwowpavpwd6grhhlvdgsswvo6ii4akgyd.onion/meta/settings?fokus=science&url=http%3A%2F%2Fmetagerv65pwclop2rsfzg4jwowpavpwd6grhhlvdgsswvo6ii4akgyd.onion%2Fmeta%2Fsettings%3Ffokus%3Dweb%26url%3Dhttp%253A%252F%252Fmetagerv65pwclop2rsfzg4jwowpavpwd6grhhlvdgsswvo6ii4akgyd.onion%252Fapp Sucheinstellungen (Wissenschaft)
http://metagerv65pwclop2rsfzg4jwowpavpwd6grhhlvdgsswvo6ii4akgyd.onion/meta/settings?fokus=web&amp;url=http%3A%2F%2Fmetagerv65pwclop2rsfzg4jwowpavpwd6grhhlvdgsswvo6ii4akgyd.onion%2Fmeta%2Fsettings%3Famp%253Burl%3Dhttp%253A%252F%252Fmetagerv65pwclop2rsfzg4jwowpavpwd6grhhlvdgsswvo6ii4akgyd.onion%252Fmeta%252Fsettings%253Ffokus%253Dnachrichten%2526url%253Dhttp%25253A%25252F%25252Fmetagerv65pwclop2rsfzg4jwowpavpwd6grhhlvdgsswvo6ii4akgyd.onion Sucheinstellungen (Web)
http://metagerv65pwclop2rsfzg4jwowpavpwd6grhhlvdgsswvo6ii4akgyd.onion/uk/meta/settings?fokus=web&url=http%3A%2F%2Fmetagerv65pwclop2rsfzg4jwowpavpwd6grhhlvdgsswvo6ii4akgyd.onion%2Fuk%2Fmeta%2Fsettings%3Famp%253Burl%3Dhttp%253A%252F%252Fmetagerv65pwclop2rsfzg4jwowpavpwd6grhhlvdgsswvo6ii4akgyd.onion%26fokus%3Dscience Settings
http://www.w5j6stm77zs6652pgsij4awcjeel3eco7kvipheu6mtr623eyyehj4yd.onion/wiki/Privacy_Policy Privacy Policy - Kicksecure
http://hssza6r6fbui4x452ayv3dkeynvjlkzllezxf3aizxppmcfmz2mg7uad.onion/product-tag/cashapp/ cashapp – Cash Cow
http://metagerv65pwclop2rsfzg4jwowpavpwd6grhhlvdgsswvo6ii4akgyd.onion/meta/settings?fokus=web&url=http%3A%2F%2Fmetagerv65pwclop2rsfzg4jwowpavpwd6grhhlvdgsswvo6ii4akgyd.onion%2Fmeta%2Fsettings%2Fall-settings%3Furl%3Dhttp%253A%252F%252Fmetagerv65pwclop2rsfzg4jwowpavpwd6grhhlvdgsswvo6ii4akgyd.onion%252Fmeta%252Fsettings%253Ffokus%253Dscience%2526url%253Dhttp%25253A%25252F%25252Fmetagerv65pwclop2rsfzg4jwowpavpwd6grhhlvdgsswvo6ii4akgyd.onion%25252Fspende Sucheinstellungen (Web)
http://metagerv65pwclop2rsfzg4jwowpavpwd6grhhlvdgsswvo6ii4akgyd.onion/ie/meta/settings/all-settings?url=http%3A%2F%2Fmetagerv65pwclop2rsfzg4jwowpavpwd6grhhlvdgsswvo6ii4akgyd.onion%2Fmeta%2Fsettings%3Ffokus%3Dscience%26url%3Dhttp%253A%252F%252Fmetagerv65pwclop2rsfzg4jwowpavpwd6grhhlvdgsswvo6ii4akgyd.onion All Settings - MetaGer
http://metagerv65pwclop2rsfzg4jwowpavpwd6grhhlvdgsswvo6ii4akgyd.onion/uk/meta/settings/all-settings?url=http%3A%2F%2Fmetagerv65pwclop2rsfzg4jwowpavpwd6grhhlvdgsswvo6ii4akgyd.onion%2Fmeta%2Fsettings%3Ffokus%3Dscience%26url%3Dhttp%253A%252F%252Fmetagerv65pwclop2rsfzg4jwowpavpwd6grhhlvdgsswvo6ii4akgyd.onion All Settings - MetaGer
http://metagerv65pwclop2rsfzg4jwowpavpwd6grhhlvdgsswvo6ii4akgyd.onion/meta/settings?fokus=bilder&url=http%3A%2F%2Fmetagerv65pwclop2rsfzg4jwowpavpwd6grhhlvdgsswvo6ii4akgyd.onion%2Fmeta%2Fsettings%2Fall-settings%3Furl%3Dhttp%253A%252F%252Fmetagerv65pwclop2rsfzg4jwowpavpwd6grhhlvdgsswvo6ii4akgyd.onion%252Fmeta%252Fsettings%253Ffokus%253Dscience%2526url%253Dhttp%25253A%25252F%25252Fmetagerv65pwclop2rsfzg4jwowpavpwd6grhhlvdgsswvo6ii4akgyd.onion%25252Fspende Sucheinstellungen (Bilder)
http://metagerv65pwclop2rsfzg4jwowpavpwd6grhhlvdgsswvo6ii4akgyd.onion/meta/settings?fokus=produkte&url=http%3A%2F%2Fmetagerv65pwclop2rsfzg4jwowpavpwd6grhhlvdgsswvo6ii4akgyd.onion%2Fmeta%2Fsettings%2Fall-settings%3Furl%3Dhttp%253A%252F%252Fmetagerv65pwclop2rsfzg4jwowpavpwd6grhhlvdgsswvo6ii4akgyd.onion%252Fmeta%252Fsettings%253Ffokus%253Dscience%2526url%253Dhttp%25253A%25252F%25252Fmetagerv65pwclop2rsfzg4jwowpavpwd6grhhlvdgsswvo6ii4akgyd.onion%25252Fspende Sucheinstellungen (Produkte)
