http://xjfbpuj56rdazx4iolylxplbvyft2onuerjeimlcqwaihp3s6r4xebqd.onion/ S-Config – Artist, writer, and blogger
http://z7s2w5vruxbp2wzts3snxs24yggbtdcdj5kp2f6z5gimouyh3wiaf7id.onion/ AccMarket - Premium Paypal - Ebay and Bank Accounts
http://bepig5bcjdhtlwpgeh3w42hffftcqmg7b77vzu7ponty52kiey5ec4ad.onion Kamagra For Bitcoin - Same quality as original viagra pills, cheap prices, Bitcoin payment
http://cr32aykujaxqkfqyrjvt7lxovnadpgmghtb3y4g6jmx6oomr572kbuqd.onion/ Dark Mixer anonymous bitcoin mixer
http://bepig5bcjdhtlwpgeh3w42hffftcqmg7b77vzu7ponty52kiey5ec4ad.onion/ Kamagra For Bitcoin - Same quality as original viagra pills, cheap prices, Bitcoin payment
http://xsglq2kdl72b2wmtn5b2b7lodjmemnmcct37owlz5inrhzvyfdnryqid.onion/ The Hidden Wiki
http://2jwcnprqbugvyi6ok2h2h7u26qc6j5wxm7feh3znlh2qu3h6hjld4kyd.onion/ Another Hidden Wiki
http://elfqv3zjfegus3bgg5d7pv62eqght4h6sl6yjjhe7kjpi2s56bzgk2yd.onion Elf Qrin's Hidden Lab - ElfQrin - elfqv3zjfegus3bgg5d7pv62eqght4h6sl6yjjhe7kjpi2s56bzgk2yd.onion - elfqv3zjfegus3bgg5d7pv62eqght4h6sl6yjjhe7kjpi2s56bzgk2yd.onion
http://blkhatjxlrvc5aevqzz5t6kxldayog6jlx5h7glnu44euzongl4fh5ad.onion/ BHC: Verification
http://blkhatjxlrvc5aevqzz5t6kxldayog6jlx5h7glnu44euzongl4fh5ad.onion BHC: Verification
http://elfqv3zjfegus3bgg5d7pv62eqght4h6sl6yjjhe7kjpi2s56bzgk2yd.onion/binfo_check_anonymity.php Check your anonymity, Check your IP address and browser traceability - ElfQrin
http://elfqv3zjfegus3bgg5d7pv62eqght4h6sl6yjjhe7kjpi2s56bzgk2yd.onion/fakeid.php Fake Identity ID Name Generator - ElfQrin
http://qubesosfasa4zl44o4tws22di6kepyzfeqv3tg4e3ztknltfxqrymdad.onion 
      Qubes OS: A reasonably secure operating system | Qubes OS
http://qubesosfasa4zl44o4tws22di6kepyzfeqv3tg4e3ztknltfxqrymdad.onion/ 
http://it7otdanqu7ktntxzm427cba6i53w6wlanlh23v5i3siqmos47pzhvyd.onion Darktea: Dark cup of Gitea (Gitea on the Dark Web)
http://www.qubesosfasa4zl44o4tws22di6kepyzfeqv3tg4e3ztknltfxqrymdad.onion/ 
http://it7otdanqu7ktntxzm427cba6i53w6wlanlh23v5i3siqmos47pzhvyd.onion/ Darktea: Dark cup of Gitea (Gitea on the Dark Web)
http://dnmxjaitaiafwmss2lx7tbs5bv66l7vjdmb5mtb3yqpxqhk3it5zivad.onion/ DNMX - Anonymous Email Provider
http://dnmxjaitaiafwmss2lx7tbs5bv66l7vjdmb5mtb3yqpxqhk3it5zivad.onion DNMX - Anonymous Email Provider
http://ncidetfs7banpz2d7vpndev5somwoki5vwdpfty2k7javniujekit6ad.onion/  NCIDE - Northern California Illicit Digital Economy Task Force 
http://ncidetfs7banpz2d7vpndev5somwoki5vwdpfty2k7javniujekit6ad.onion  NCIDE - Northern California Illicit Digital Economy Task Force 
http://awsvrc7occzj2yeyqevyrw7ji5ejuyofhfomidhh5qnuxpvwsucno7id.onion Apples 4 Bitcoin - Iphones for Bitcoin, Ipads for Bitcoin, Apple products for Bitcoin
http://awsvrc7occzj2yeyqevyrw7ji5ejuyofhfomidhh5qnuxpvwsucno7id.onion/ Apples 4 Bitcoin - Iphones for Bitcoin, Ipads for Bitcoin, Apple products for Bitcoin
http://xjfbpuj56rdazx4iolylxplbvyft2onuerjeimlcqwaihp3s6r4xebqd.onion S-Config – Artist, writer, and blogger
http://onili244aue7jkvzn2bgaszcb7nznkpyihdhh7evflp3iskfq7vhlzid.onion/ UK Guns and Ammo Store - Buy guns and ammo in the UK for Bitcoin.
http://vw5vzi62xqhihghvonatid7imut2rkgiudl3xomj4jftlmanuwh4r2qd.onion $$ The Green Machine $$ - Error 
http://ko5enel7ogpruey25y3pcfmobcwrjiwwhyjp3t5nqsuqoytpsjrls2qd.onion/ TorShops | Create your own .onion store - buy and sell drugs, guns, counterfeits, fake ids, fake passports for bitcoin
http://chatorcvcl25nskltysozugy36pplnrwpbgwovh6mbwwzy2bzgq2hkyd.onion/ Tor-Based Chat For The Privacy Cautious | ChaTor
http://chatorcvcl25nskltysozugy36pplnrwpbgwovh6mbwwzy2bzgq2hkyd.onion Tor-Based Chat For The Privacy Cautious | ChaTor
http://7wsvq2aw5ypduujgcn2zauq7sor2kqrqidguwwtersivfa6xcmdtaayd.onion/ US Fake ID Store - Drivers Licenses for most states with real holograms
http://7wsvq2aw5ypduujgcn2zauq7sor2kqrqidguwwtersivfa6xcmdtaayd.onion US Fake ID Store - Drivers Licenses for most states with real holograms
http://libraryfyuybp7oyidyya3ah5xvwgyx6weauoini7zyz555litmmumad.onion/ Just Another Library: Download eBooks, Images, Videos and Audiobooks
http://3wymlmcsvxiaqzmbepsdawqpk6o2qsk65jhms72qqjulk5u4bgmvs3qd.onion start [Wizardry and Steamworks]
http://iof5lzfolmwa756kiki3mvoy2ivwd6o3gypn5g7j7geoo4raefua4zqd.onion Find a Hacker|Buy hacking services | Hire professional hackers
http://hrznstuh7fklpawxt5asormu5plwkqpnymnop4iptalt67ebpu5osiad.onion/ Horizon Store
http://hrznstuh7fklpawxt5asormu5plwkqpnymnop4iptalt67ebpu5osiad.onion Horizon Store
http://iof5lzfolmwa756kiki3mvoy2ivwd6o3gypn5g7j7geoo4raefua4zqd.onion/ Find a Hacker|Buy hacking services | Hire professional hackers
http://rksnetorofbj675vpfif3kocq5qqnjdcx7ed35yqhlhh6wcx4h2thpyd.onion 
    Роскомсвобода
http://donionsixbjtiohce24abfgsffo2l4tk26qx464zylumgejukfq2vead.onion/ Onion link list
http://rksnetorofbj675vpfif3kocq5qqnjdcx7ed35yqhlhh6wcx4h2thpyd.onion/ 
http://donionsixbjtiohce24abfgsffo2l4tk26qx464zylumgejukfq2vead.onion/test.php Online-Test
http://fwfwqtpi2ofmehzdxe3e2htqfmhwfciwivpnsztv7dvpuamhr72ktlqd.onion/ fuwafuwa.moe
http://2ezyofc26j73hv3xxvsrnbc23dqxhgxqtk5ogcc7y6j5t6rlqquvhzid.onion/ Bitcoin Investment Trust - earn 5-9% per week!
http://paavlaytlfsqyvkg3yqj7hflfg5jw2jdg2fgkza5ruf6lplwseeqtvyd.onion/ The Hidden Wiki
http://w27irt6ldaydjoacyovepuzlethuoypazhhbot6tljuywy52emetn7qd.onion/ InfoCon Hacking and Security Conference Archives
http://bj5hp4onm4tvpdb5rzf4zsbwoons67jnastvuxefe4s3v7kupjhgh6qd.onion/ Another Hidden Wiki
http://theendgtso35ir6ngdtyhgtjhhbbprmkzl74gt5nyeu3ocr34sfa67yd.onion/ / T H E E N D /
http://2bcbla34hrkp6shb4myzb2wntl2fxdbrroc2t4t7c3shckvhvk4fw6qd.onion/ WeBuyBitcoins - Sell your Bitcoins for Cash (USD), ACH, WU/MG, LR, PayPal and more
http://2gzyxa5ihm7nsggfxnu52rck2vv4rvmdlkiu3zzui5du4xyclen53wid.onion Tor Project | Anonymity Online
http://pliy7tiq6jf77gkg2sezlx7ljynkysxq6ptmfbfcdyrvihp7i6imyyqd.onion/ Counterfeit USD - High quality USD Counterfeits - Best USD counterfeits on the market - buy fake USD banknotes with Bitcoin
http://2gzyxa5ihm7nsggfxnu52rck2vv4rvmdlkiu3zzui5du4xyclen53wid.onion/ Tor Project | Anonymity Online
http://c5xoy22aadb2rqgw3jh2m2irmu563evukqqddu5zjandunaimzaye5id.onion/ TomAndJerry - Extremely stealth shipping from the netherlands! 
http://6hasakffvppilxgehrswmffqurlcjjjhd76jgvaqmsg6ul25s7t3rzyd.onion/ Bitcoin Core :: Bitcoin
http://t3qi4hdmvqo752lhyglhyb5ysoutggsdocmkxhuojfn62ntpcyydwmqd.onion TorStatus - Tor Network Status
http://6hasakffvppilxgehrswmffqurlcjjjhd76jgvaqmsg6ul25s7t3rzyd.onion Bitcoin Core :: Bitcoin
http://titanxsu7bfd7vlyyffilprauwngr4acbnz27ulfhyxrqutu7atyptad.onion/ TITAN-XMPP | Private, Anonymous & Bulletproof XMPP/Jabber Service
http://rbcxodz4socx3rupvmhan2d7pvik4dpqmf4kexz6acyxbucf36a6ggid.onion/ 420prime - Cannabis in dispensary quality from the UK
http://4wbwa6vcpvcr3vvf4qkhppgy56urmjcj2vagu2iqgp3z656xcmfdbiqd.onion/" target="_blank" rel="nofollow noreferrer noopener"><strong>Fuck Facebook</strong> 4wbwa6vcpvcr3vvf4qkhppgy56urmjcj2vagu2iqgp3z656xcmfdbiqd.onion Fuck Facebook (TM)
http://wbi67emmdx6i6rcr6nnk3hco3nrvdc2juxrbvomvt6nze5afjz6pgtad.onion  Kiwi IRC 
http://wbi67emmdx6i6rcr6nnk3hco3nrvdc2juxrbvomvt6nze5afjz6pgtad.onion/  Kiwi IRC 
http://gch3dyxo5zuqbrrtd64zlvzwxden4jkikyqk3ikjhggqzoxixcmq2fid.onion/ ccPal - CCs, CVV2s, PayPals, Ebay accounts and more - buy stolen creditcards with bitcoin
http://45tbhx5prlejzjgn36nqaxqb6qnm73pbohuvqkpxz2zowh57bxqawkid.onion www.parckwart.de
http://theyoshxgvcjm4s2xdt6zcjym4kgskibrlos6fai26yes4bhpia5z7qd.onion/ | TheYOSH.nl
http://theyoshxgvcjm4s2xdt6zcjym4kgskibrlos6fai26yes4bhpia5z7qd.onion | TheYOSH.nl
http://4wbwa6vcpvcr3vvf4qkhppgy56urmjcj2vagu2iqgp3z656xcmfdbiqd.onion/ Fuck Facebook (TM)
http://zkj7mzglnrbvu3elepazau7ol26cmq7acryvsqxvh4sreoydhzin7zid.onion/ Dark Web Hackers
http://cxaizvfj7atrpsuu57pqv3i4zjchntglma2x7ppqle5vf3nwaqmxyyid.onion/ Site Offline
http://suprbaydvdcaynfo4dgdzgxb4zuso7rftlil5yg5kqjefnw4wq4ulcad.onion SuprBay: The PirateBay Forum
http://suprbaydvdcaynfo4dgdzgxb4zuso7rftlil5yg5kqjefnw4wq4ulcad.onion/ SuprBay: The PirateBay Forum
http://hzwjmjimhr7bdmfv2doll4upibt5ojjmpo3pbp5ctwcg37n3hyk7qzid.onion/ Ablative Hosting - Short Term Pause
http://cxaizvfj7atrpsuu57pqv3i4zjchntglma2x7ppqle5vf3nwaqmxyyid.onion Site Offline
http://t3qi4hdmvqo752lhyglhyb5ysoutggsdocmkxhuojfn62ntpcyydwmqd.onion/ TorStatus - Tor Network Status
http://wasabiukrxmkdgve5kynjztuovbg43uxcbcxn6y2okcrsg7gb6jdmbad.onion/ Wasabi Wallet - Bitcoin privacy wallet with built-in coinjoin
http://nehdddktmhvqklsnkjqcbpmb63htee2iznpcbs5tgzctipxykpj6yrid.onion/">LocalMonero.co</a> - You can buy and sell Monero here, via it&#39;s .onion LocalMonero
http://relateoak2hkvdty6ldp7x67hys7pzaeax3hwhidbqkjzva3223jpxqd.onion/" target="_blank" rel="noopener">http://relateoak2hkvdty6ldp7x67hys7pzaeax3hwhidbqkjzva3223jpxqd.onion Results for '22 20target 22*blank 22 20rel 22noopener 22 3ehttp relateoak2hkvdty6ldp7x67hys7pzaeax3hwhidbqkjzva3223jpxqd.onion' | RelateList
http://nehdddktmhvqklsnkjqcbpmb63htee2iznpcbs5tgzctipxykpj6yrid.onion/ LocalMonero
https://duckduckgogg42xjoc72x3sjasowoarfbgcmvfimaftt6twagswzczad.onion DuckDuckGo
https://duckduckgogg42xjoc72x3sjasowoarfbgcmvfimaftt6twagswzczad.onion/ DuckDuckGo
http://hell2ker5i3xsy6szrl2pulaqo3jhcz6pt7ffdxtuqjqiycvmlkcddqd.onion HeLL Forum
http://hell2ker5i3xsy6szrl2pulaqo3jhcz6pt7ffdxtuqjqiycvmlkcddqd.onion/ HeLL Forum
http://reycdxyc24gf7jrnwutzdn3smmweizedy7uojsa7ols6sflwu25ijoyd.onion/ 0ut3r Space
http://k6m3fagp4w4wspmdt23fldnwrmknse74gmxosswvaxf3ciasficpenad.onion UK Guns and Ammo Store - Buy guns and ammo in the UK for Bitcoin.
http://stormwayszuh4juycoy4kwoww5gvcu2c4tdtpkup667pdwe4qenzwayd.onion/conf/ Index of /conf
http://stormwayszuh4juycoy4kwoww5gvcu2c4tdtpkup667pdwe4qenzwayd.onion/multihop cryptostorm
http://stormwayszuh4juycoy4kwoww5gvcu2c4tdtpkup667pdwe4qenzwayd.onion/blog/anondns Anonymized DNS | cryptostorm blog
http://stormwayszuh4juycoy4kwoww5gvcu2c4tdtpkup667pdwe4qenzwayd.onion/ts cryptostorm
http://stormwayszuh4juycoy4kwoww5gvcu2c4tdtpkup667pdwe4qenzwayd.onion/killswitch cryptostorm
http://stormwayszuh4juycoy4kwoww5gvcu2c4tdtpkup667pdwe4qenzwayd.onion/blog/ssh-tunnels SSH tunnels | cryptostorm blog
http://stormwayszuh4juycoy4kwoww5gvcu2c4tdtpkup667pdwe4qenzwayd.onion/blog/https-tunnels HTTPS tunnels | cryptostorm blog
http://sa3ut5u4qdw7yiunpdieypzsrdylhbtafyhymd75syjcn46yb5ulttid.onion/ HQER - High Quality Euro Counterfeits - best counterfeit bank notes in europe
http://7sk2kov2xwx6cbc32phynrifegg6pklmzs7luwcggtzrnlsolxxuyfyd.onion systemli.org - Your friendly tech collective
http://fhostingineiwjg6cppciac2bemu42nwsupvvisihnczinok362qfrqd.onion Freedom Hosting Reloaded
http://fhostingineiwjg6cppciac2bemu42nwsupvvisihnczinok362qfrqd.onion/ Freedom Hosting Reloaded
http://stormwayszuh4juycoy4kwoww5gvcu2c4tdtpkup667pdwe4qenzwayd.onion/cryptofree cryptostorm
http://stormwayszuh4juycoy4kwoww5gvcu2c4tdtpkup667pdwe4qenzwayd.onion/blog/balancing-loads Balancing loads | cryptostorm blog
https://en.wikipedia.org/wiki/.onion .onion - Wikipedia
http://stormwayszuh4juycoy4kwoww5gvcu2c4tdtpkup667pdwe4qenzwayd.onion/refund cryptostorm
http://stormwayszuh4juycoy4kwoww5gvcu2c4tdtpkup667pdwe4qenzwayd.onion/map Cryptostorm's Guide to Where Things Are
