http://stormwayszuh4juycoy4kwoww5gvcu2c4tdtpkup667pdwe4qenzwayd.onion/routers cryptostorm
http://torpastezr7464pevuvdjisbvaf4yqi4n7sgz7lkwgqwxznwy5duj4ad.onion/ TorPaste - Encrypted and Anonymous!
http://eludemailxhnqzfmxehy3bk5guyhlxbunfyhkcksv4gvx6d3wcf6smad.onion/ Elude Access Queue
http://eludemailxhnqzfmxehy3bk5guyhlxbunfyhkcksv4gvx6d3wcf6smad.onion Elude Access Queue
http://eludemailxhnqzfmxehy3bk5guyhlxbunfyhkcksv4gvx6d3wcf6smad.onion/" target="_blank" rel="nofollow noreferrer noopener"><strong>Elude.in</strong> eludemailxhnqzfmxehy3bk5guyhlxbunfyhkcksv4gvx6d3wcf6smad.onion Elude Access Queue
http://libraryfyuybp7oyidyya3ah5xvwgyx6weauoini7zyz555litmmumad.onion Just Another Library: Download eBooks, Images, Videos and Audiobooks
http://stormwayszuh4juycoy4kwoww5gvcu2c4tdtpkup667pdwe4qenzwayd.onion/privacy cryptostorm
http://fhostingineiwjg6cppciac2bemu42nwsupvvisihnczinok362qfrqd.onion/" target="_blank" rel="noopener">http://fhostingineiwjg6cppciac2bemu42nwsupvvisihnczinok362qfrqd.onion Freedom Hosting Reloaded
http://stormwayszuh4juycoy4kwoww5gvcu2c4tdtpkup667pdwe4qenzwayd.onion/wireguard cryptostorm
http://mcityef3eueeh26mo2e7jn6yypgnvtbu2w57kcka6g3zu7u4xv5cgkid.onion Midland city- an anonymous marketplace
http://mcityef3eueeh26mo2e7jn6yypgnvtbu2w57kcka6g3zu7u4xv5cgkid.onion/ Midland city- an anonymous marketplace
http://hqfld5smkr4b4xrjcco7zotvoqhuuoehjdvoin755iytmpk4sm7cbwad.onion Mixabit Bitcoin Mixer
http://elfqv3zjfegus3bgg5d7pv62eqght4h6sl6yjjhe7kjpi2s56bzgk2yd.onion/ Elf Qrin's Hidden Lab - ElfQrin - elfqv3zjfegus3bgg5d7pv62eqght4h6sl6yjjhe7kjpi2s56bzgk2yd.onion - elfqv3zjfegus3bgg5d7pv62eqght4h6sl6yjjhe7kjpi2s56bzgk2yd.onion
http://elfqv3zjfegus3bgg5d7pv62eqght4h6sl6yjjhe7kjpi2s56bzgk2yd.onion/binfo_check_anonymity.php/ Check your anonymity, Check your IP address and browser traceability - ElfQrin
http://odahix2ysdtqp4lgak4h2rsnd35dmkdx3ndzjbdhk3jiviqkljfjmnqd.onion HQER - High Quality Euro Counterfeits - best counterfeit bank notes in europe
http://elfqv3zjfegus3bgg5d7pv62eqght4h6sl6yjjhe7kjpi2s56bzgk2yd.onion/binfo_check_anonymity.php/" target="_blank" rel="noopener">http://elfqv3zjfegus3bgg5d7pv62eqght4h6sl6yjjhe7kjpi2s56bzgk2yd.onion Check your anonymity, Check your IP address and browser traceability - ElfQrin
http://rfyb5tlhiqtiavwhikdlvb3fumxgqwtg2naanxtiqibidqlox5vispqd.onion TomAndJerry - Extremely stealth shipping from the netherlands! 
http://55niksbd22qqaedkw36qw4cpofmbxdtbwonxam7ov2ga62zqbhgty3yd.onion AccMarket - Premium Paypal - Ebay and Bank Accounts
http://anonyradixhkgh5myfrkarggfnmdzzhhcgoy2v66uf7sml27to5n2tid.onion/" target="_blank" rel="noopener">http://anonyradixhkgh5myfrkarggfnmdzzhhcgoy2v66uf7sml27to5n2tid.onion You do not look like the sysadmin!
http://n6qisfgjauj365pxccpr5vizmtb5iavqaug7m7e4ewkxuygk5iim6yyd.onion EuCanna - First Class Cannabis Healthcare - Buy weed online. Buy medical cannabis online with Bitcoins.
http://wpzzhvw6q32pneau3rzsa5h7tzl7fgswya3cgtmu5rpesd725bii3cad.onion/ Backspace
http://rxmyl3izgquew65nicavsk6loyyblztng6puq42firpvbe32sefvnbad.onion Mobile Store - Best unlocked cell phones - Buy apple and samsung phones with Bitcoin
http://xykxv6fmblogxgmzjm5wt6akdhm4wewiarjzcngev4tupgjlyugmc7qd.onion ccPal - CCs, CVV2s, PayPals, Ebay accounts and more - buy stolen creditcards with bitcoin
http://prjd5pmbug2cnfs67s3y65ods27vamswdaw2lnwf45ys3pjl55h2gwqd.onion Dark Web Hackers
http://wbz2lrxhw4dd7h5t2wnoczmcz5snjpym4pr7dzjmah4vi6yywn37bdyd.onion DCdutchconnectionUK - The original dutch connection
http://s57divisqlcjtsyutxjz2ww77vlbwpxgodtijcsrgsuts4js5hnxkhqd.onion Cardshop - USA CVV KNOWN BALANCE and Worldwide CC & CVV from UK/US/DE/FR/CA/JP/AU/NL/IT/CH/DK/EU/Asia
http://xf2gry25d3tyxkiu2xlvczd3q7jl6yyhtpodevjugnxia2u665asozad.onion Peoples Drug Store - The Darkweb's Best Online Drug Supplier! - Buy cocaine, speed, xtc, mdma, heroin and more at peoples drug store, pay with Bitcoin
http://dds6qkxpwdeubwucdiaord2xgbbeyds25rbsgr73tbfpqpt4a6vjwsyd.onion Whonix - Superior Internet Privacy
http://ovai7wvp4yj6jl3wbzihypbq657vpape7lggrlah4pl34utwjrpetwid.onion VirginBitcoins
http://kl4gp72mdxp3uelicjjslqnpomqfr5cbdd3wzo5klo3rjlqjtzhaymqd.onion Smokeables - Finest Organic Cannabis - Buy weed in the US for bitcoin from smokeables deep web shop
http://nehdddktmhvqklsnkjqcbpmb63htee2iznpcbs5tgzctipxykpj6yrid.onion/" target="_blank" rel="noopener">http://nehdddktmhvqklsnkjqcbpmb63htee2iznpcbs5tgzctipxykpj6yrid.onion LocalMonero
http://stormwayszuh4juycoy4kwoww5gvcu2c4tdtpkup667pdwe4qenzwayd.onion/blog/ there is madness to our methods | cryptostorm blog
http://p2qzxkca42e3wccvqgby7jrcbzlf6g7pnkvybnau4szl5ykdydzmvbid.onion OnionWallet Anonymous and secure Bitcoin Wallet and Bitcoin Mixer, Laundry. Wash your Bitcoins. Tor Web Wallet
http://dds6qkxpwdeubwucdiaord2xgbbeyds25rbsgr73tbfpqpt4a6vjwsyd.onion/ Whonix - Superior Internet Privacy
http://cct5wy6mzgmft24xzw6zeaf55aaqmo6324gjlsghdhbiw5gdaaf4pkad.onion Snopyta
http://ajlu6mrc7lwulwakojrgvvtarotvkvxqosb4psxljgobjhureve4kdqd.onion 420prime - Cannabis in dispensary quality from the UK
http://jbtb75gqlr57qurikzy2bxxjftzkmanynesmoxbzzcp7qf5t46u7ekqd.onion Dark Mining - Bitcoin mining with real profits
http://2ln3x7ru6psileh7il7jot2ufhol4o7nd54z663xonnnmmku4dgkx3ad.onion Brainmagic - Biggest .onion psychedelics store - order LSD for Bitcoins online
http://explorerzydxu5ecjrkwceayqybizmpjjznk5izmitf2modhcusuqlid.onion/ Bitcoin Explorer - Blockstream.info
http://g7ejphhubv5idbbu3hb3wawrs5adw7tkx7yjabnf65xtzztgg4hcsqqd.onion/index.html DEF CONÂ® Hacking Conference Home
http://w27irt6ldaydjoacyovepuzlethuoypazhhbot6tljuywy52emetn7qd.onion InfoCon Hacking and Security Conference Archives
http://g7ejphhubv5idbbu3hb3wawrs5adw7tkx7yjabnf65xtzztgg4hcsqqd.onion/html/links/dc-transparency.html DEF CONÂ® Hacking Conference - Transparency Report
http://g7ejphhubv5idbbu3hb3wawrs5adw7tkx7yjabnf65xtzztgg4hcsqqd.onion/html/links/dc-code-of-conduct.html DEF CONÂ® Hacking Conference - Code of Conduct
http://g7ejphhubv5idbbu3hb3wawrs5adw7tkx7yjabnf65xtzztgg4hcsqqd.onion/html/links/dc-dmca.html DEF CONÂ® Hacking Conference - DMCA Notice
http://g7ejphhubv5idbbu3hb3wawrs5adw7tkx7yjabnf65xtzztgg4hcsqqd.onion/html/links/dc-privacy.html DEF CONÂ® Hacking Conference - Privacy Policy
https://www.facebookwkhpilnemxj7asaniu7vnjjbiltxjqhye3mhbshg7kx5tfyd.onion/defcon DEFCON Hacking Conference
https://www.facebookwkhpilnemxj7asaniu7vnjjbiltxjqhye3mhbshg7kx5tfyd.onion Facebook - log in or sign up
http://iwggpyxn6qv3b2twpwtyhi2sfvgnby2albbcotcysd5f7obrlwbdbkyd.onion DrChronic - Weed straight from the source.
http://ymvhtqya23wqpez63gyc3ke4svju3mqsby2awnhd3bk2e65izt7baqad.onion Onion Identity Services - Get your fake passport and a new identity today
http://eux4gt4qcaiesps5w5rppxcenoe5shapwycums5yuiikmc4mpc74gpyd.onion/login.php AnonGTS
http://eux4gt4qcaiesps5w5rppxcenoe5shapwycums5yuiikmc4mpc74gpyd.onion/register.php AnonGTS
http://eux4gt4qcaiesps5w5rppxcenoe5shapwycums5yuiikmc4mpc74gpyd.onion/index.php AnonGTS
http://eux4gt4qcaiesps5w5rppxcenoe5shapwycums5yuiikmc4mpc74gpyd.onion/search.php AnonGTS :: Search
http://eux4gt4qcaiesps5w5rppxcenoe5shapwycums5yuiikmc4mpc74gpyd.onion/list.php?10 AnonGTS :: Announcements
http://eux4gt4qcaiesps5w5rppxcenoe5shapwycums5yuiikmc4mpc74gpyd.onion/list.php?15 AnonGTS :: Manga and Hentai
http://eux4gt4qcaiesps5w5rppxcenoe5shapwycums5yuiikmc4mpc74gpyd.onion/list.php?5 AnonGTS :: Drawings and Comics
http://7mejofwihleuugda5kfnr7tupvfbaqntjqnfxc4hwmozlcmj2cey3hqd.onion CannabisUK - UK Wholesale Cannabis Supplier - order weed online in the UK for bitcoin - marijuana for bitcoin - cannabis for bitcoin
http://okayd5ljzdv4gzrtiqlhtzjbflymfny2bxc2eacej3tamu2nyka7bxad.onion Apples 4 Bitcoin - Iphones for Bitcoin, Ipads for Bitcoin, Apple products for Bitcoin
http://74ck36pbaxz7ra6n7v5pbpm5n2tsdaiy4f6p775qvjmowxged65n3cid.onion/ Mixabit Bitcoin Mixer
http://he5dybnt7sr6cm32xt77pazmtm65flqy6irivtflruqfc5ep7eiodiad.onion/ SecureDrop | Protecting Journalists and Sources
http://torlinksge6enmcyyuxjpjkoouw4oorgdgeo7ftnq3zodj7g2zxi3kyd.onion TorLinks | .onion Link List The Hidden Wiki Deep Web Onion Urls Onionland Tor linklist
http://eux4gt4qcaiesps5w5rppxcenoe5shapwycums5yuiikmc4mpc74gpyd.onion/index.php?7 AnonGTS :: Other Forums
http://torlinksge6enmcyyuxjpjkoouw4oorgdgeo7ftnq3zodj7g2zxi3kyd.onion/ TorLinks | .onion Link List The Hidden Wiki Deep Web Onion Urls Onionland Tor linklist
http://eux4gt4qcaiesps5w5rppxcenoe5shapwycums5yuiikmc4mpc74gpyd.onion/list.php?8 AnonGTS :: Unsorted
http://eux4gt4qcaiesps5w5rppxcenoe5shapwycums5yuiikmc4mpc74gpyd.onion/index.php?23 AnonGTS :: Non-GTS/FMG Art
http://eux4gt4qcaiesps5w5rppxcenoe5shapwycums5yuiikmc4mpc74gpyd.onion/list.php?11 AnonGTS :: Requests
http://wk3mtlvp2ej64nuytqm3mjrm6gpulix623abum6ewp64444oreysz7qd.onion WeBuyBitcoins - Sell your Bitcoins for Cash (USD), ACH, WU/MG, LR, PayPal and more
http://sdolvtfhatvsysc6l34d65ymdwxcujausv7k5jk4cy5ttzhjoi6fzvyd.onion/ SecureDrop Logo in Color
http://eux4gt4qcaiesps5w5rppxcenoe5shapwycums5yuiikmc4mpc74gpyd.onion/index.php?4 AnonGTS :: GTS, FMG and related art
http://eux4gt4qcaiesps5w5rppxcenoe5shapwycums5yuiikmc4mpc74gpyd.onion/list.php?26 AnonGTS :: Miscellaneous Art
http://t43fsf65omvf7grt46wlt2eo5jbj3hafyvbdb7jtr2biyre5v24pebad.onion Euro Guns - Number one guns dealer in onionland - Buy guns and ammo for Bitcoin.
http://usmost4cbpesx552s2s4ti3c4nk2xgiu763vhcs3b4uc4ppp3zwnscyd.onion NL Growers - Coffee Shop grade Cannabis from the Netherlands - Weed, Hash, Marijuana, Cannabis for Bitcoins
http://eux4gt4qcaiesps5w5rppxcenoe5shapwycums5yuiikmc4mpc74gpyd.onion/list.php?25 AnonGTS :: Weight Gain/Inflation
http://hbl6udan73w7qbjdey6chsu5gq5ehrfqbb73jq726kj3khnev2yarlid.onion/ Home
http://eux4gt4qcaiesps5w5rppxcenoe5shapwycums5yuiikmc4mpc74gpyd.onion/index.php?9 AnonGTS :: Site Forums
http://bible4u2lvhacg4b3to2e2veqpwmrc2c3tjf2wuuqiz332vlwmr4xbad.onion/ Bible4u - uncensored Bible for Darknet
http://bible4u2lvhacg4b3to2e2veqpwmrc2c3tjf2wuuqiz332vlwmr4xbad.onion Bible4u - uncensored Bible for Darknet
http://eux4gt4qcaiesps5w5rppxcenoe5shapwycums5yuiikmc4mpc74gpyd.onion/list.php?6 AnonGTS :: 3D Rendering
http://eux4gt4qcaiesps5w5rppxcenoe5shapwycums5yuiikmc4mpc74gpyd.onion/list.php?24 AnonGTS :: Breast/Hourglass Expansion
http://lqcjo7esbfog5t4r4gyy7jurpzf6cavpfmc4vkal4k2g4ie66ao5mryd.onion US Fake ID Store - Drivers Licenses for most states with real holograms
http://hbl6udan73w7qbjdey6chsu5gq5ehrfqbb73jq726kj3khnev2yarlid.onion Home
http://sdolvtfhatvsysc6l34d65ymdwxcujausv7k5jk4cy5ttzhjoi6fzvyd.onion SecureDrop Logo in Color
http://anonblogd4pcarck2ff6qlseyawjljaatp6wjq6rqpet2wfuoom42kyd.onion The Anonymous Blogging Platform - AnonBlogs
https://www.reddittorjg6rue252oqsxryoxengawnmo46qy4kyii5wtqnwfj4ooad.onion/r/defcon Defcon
https://www.reddittorjg6rue252oqsxryoxengawnmo46qy4kyii5wtqnwfj4ooad.onion/r/defcon Reddit - Dive into anything
http://kq4okz5kf4xosbsnvdr45uukjhbm4oameb6k6agjjsydycvflcewl4qd.onion Rent-A-Hacker - Hire a hacker for every job you can imagine, from DDOS to completely ruining people or destroy reputation of a company or individual
http://sga5n7zx6qjty7uwvkxpwstyoh73shst6mx3okouv53uks7ks47msayd.onion DeDope - German Weed Shop - weed online kaufen, weed für bitcoins, marijuana online kaufen, cannabis online kaufen für Bitcoins
http://mp3fpv6xbrwka4skqliiifoizghfbjy5uyu77wwnfruwub5s4hly2oid.onion 
http://y22arit74fqnnc2pbieq3wqqvkfub6gnlegx3cl6thclos4f7ya7rvad.onion Dark Mixer anonymous bitcoin mixer
http://3bp7szl6ehbrnitmbyxzvcm3ieu7ba2kys64oecf4g2b65mcgbafzgqd.onion UK Passports - Buy real UK passports, become a UK citizen now. Our passports are no fake passports, they are real passports.
http://3xeiol2bnhrsqhcsaifwtnlqkylrerdspzua7bcjrh26qlrrrctfobid.onion Account Settings
http://apow7mjfryruh65chtdydfmqfpj5btws7nbocgtaovhvezgccyjazpqd.onion Index of /
http://million5utxgrxru4rqmjwn7jji6bf44jkdqn3xyav6md5ebwy5l2ryd.onion/ 21 Million Club - Buy Stolen Cryptocurrency Wallets
http://c32zjeghcp5tj3kb72pltz56piei66drc63vkhn5yixiyk4cmerrjtid.onion/ Raddle
http://6nhmgdpnyoljh5uzr5kwlatx2u3diou4ldeommfxjz3wkhalzgjqxzqd.onion The Hidden Wiki
http://eludemailxhnqzfmxehy3bk5guyhlxbunfyhkcksv4gvx6d3wcf6smad.onion/">http://eludemailxhnqzfmxehy3bk5guyhlxbunfyhkcksv4gvx6d3wcf6smad.onion Elude Access Queue
http://escrowkwttyhfyab3clkln7lfveyg7pfdwsv5vner35mhg7oaqz5uiid.onion/ The Escrow - Dark Web Escrow Service
http://wiki47qqn6tey4id7xeqb6l7uj6jueacxlqtk3adshox3zdohvo35vad.onion The Hidden Wiki - Verified Onion Links Directory 2023
http://3cbzkrvakrpetjjppdwzbzqrlkmzatjs7jbyazap5gwutj32gcltjpqd.onion Planet Debian
http://5kcyaqagvnrvyan7y5ntzreqsn2msowqlmtoo46qju2pctlbkzzztxqd.onion SecureDrop | Protecting Journalists and Sources
