http://3dglwm65senudd7vqyn6wkwpj2wnwp2rfiw4lmbfa7j6as4b5ekix2id.onion Index of /
http://47ggr2fa3vnwfyhvgskzdmr3i32eijwymxohtxsls45dulmriwxszjad.onion Sign in · GitLab
http://psyshopshweetovp4em654waimmcjsf7eqifwe2d4qhnluk2b24r6dqd.onion/ PSY SHOP - Drugs Portal
http://oniondxjxs2mzjkbz7ldlflenh6huksestjsisc3usxht3wqgk6a62yd.onion/ Onion Index - Search the Deep Web
http://7fgb4sq435vg7slw3u7m2ayze3imybpe7qm3htdklreoag3l6n2mtkyd.onion Debian Package Tracker
http://72typmu5edrjmcdkzuzmv2i4zqru7rjlrcxwtod4nu6qtfsqegngzead.onion Samourai Wallet - Home
http://a4d52y2erv4eijii66cpnyqn7rsnnq3gmtrsdxzt2laoutvu4gz7fwid.onion Welcome to crm-int-01!
http://7fc532c5lvbky6lxlt3gxnbj67gqmpzym2rowtekllgypyprbjxfiiad.onion My Onion Bookmarks - Save your onion links online and anonymously
http://7khzpw47s35pwo3lvtctwf2szvnq3kgglvzc22elx7of2awdzpovqmqd.onion Tor Styleguide | The Tor Project | Tor Styleguide 
http://3srlmjzbyyzz62jvdfqwn5ldqmh6mwnqxre2zamxveb75uz2qrqkrkyd.onion Index of /
http://44w2g3oly2wy6f5q3x5wgdlxj3xqjmd6juhqfp73btzdpue2ujazboyd.onion Debian Release Management
http://ahgpmkiaqfde4innkotgz5q6bgt4gbxmelqod3tjtmpdt3zvxaxareyd.onion SecureDrop | Protecting Journalists and Sources
http://2ptpv4mi2xtkcn5vrbga4wpgcm2neksgkawn7bwdfmysek6mqytjcwqd.onion Distro Summit @ LCA 2010 - 18-23 January 2010 - Wellington (New Zealand)
http://7niqsyixinnhxvh33zh5dqnplxnc2yd6ktvats3zmtbbpzcphpbsa6qd.onion   Support the Tor Project Today!
http://4wfsdhkbrdt6jwlozcmw2lzthoghgdrt3pty2vfre2ysdguvpazwfjad.onion Home | PrivateAlps
http://kallist4mcluuxbjnr5p2asdlmdhaos3pcrvhk3fbzmiiiftwg6zncid.onion KST
http://kallist4mcluuxbjnr5p2asdlmdhaos3pcrvhk3fbzmiiiftwg6zncid.onion/ KST
http://3ewfgrt4gzfccp6bnquhqb266r3zepiqpnsk3falwygkegtluwuyevid.onion Nyx
http://6n5nbusxgyw46juqo3nt5v4zuivdbc7mzm74wlhg7arggetaui4yp4id.onion Anonymous Email
http://us63bgjkxwpyrpvsqom6kw3jcy2yujbplkhtzt64yykt42ne2ms7p4yd.onion Dig Deeper
http://tordexu73joywapk2txdr54jed4imqledpcvcuf75qsas2gwdgksvnyd.onion/ The Uncensored Index of Tor Onion Sites - TorDex
http://6c5qaeiibh6ggmobsrv6vuilgb5uzjejpt2n3inoz2kv2sgzocymdvyd.onion CУРНЕЯ Access Queue
http://3lz3irtzg5i4z2sz3qca3oz3sdk3p5a3xlmz3zqwornapeofvoudajid.onion Index of /debian-debug
http://2s4yqjx5ul6okpp3f2gaunr2syex5jgbfpfvhxxbbjwnrsvbk5v3qbid.onion Debian Archive
http://a4ygisnerpgtc5ayerl22pll6cls3oyj54qgpm7qrmb66xrxts6y3lyd.onion Tor Newsletter Archive | The Tor Project
http://2b5calm3k7sozky46ac65hx3edlmbssogpbg57h2iycolpmjtjwukyyd.onion DebConf18
http://anonhost7sxxfhijy6a6wkarjedvh4yj2ndorqdrm5qy5dhdfbkdq6qd.onion Anonymous Hosting
http://blackma333zetynnrblc7uidfp2tewhtwpojxxvmty3n4cdsc7iyukad.onion/ BlackMart - Products 
http://7sbw6jufrirhyltzkslhcmkik4z7yrsmbpnptyritvz5nhbk35hncsqd.onion  lists.riseup.net 
http://endchancxfbnrfgauuxlztwlckytq7rgeo5v6pc2zd4nyqo3khfam4ad.onion/ Endchan
http://amster7eb42jwbx6umy7gs4migxnu5vjp5b5t5wbdtmqv2yhx3zsb7id.onion Home - WeAreAMSTERDAM Shop
http://5wvugn3zqfbianszhldcqz2u7ulj3xex6i3ha3c5znpgdcnqzn24nnid.onion/ The Hidden Wiki
http://caribcc5jik7maeqfit7h34af7ntatggbmlfhyxjnqnrhij7gjt5vtid.onion/ Caribbean Cards
http://amster7ga6whqvoyt6dlxnhpe7cx7om7fh3tnldu5ecngbnd4o4zstqd.onion Home - WeAreAMSTERDAM Shop
http://6lgapegkgqepaeh7s6mpxv4lvf7awabky7ginkaycfmq7eko66kivcyd.onion Redirecting to https://wiki.debian.org/Teams/DPL
http://abrx6wcpzkfpwxb5eb2wsra2wnkrv2macdtkpnrepswodz5jxd4schyd.onion Home - Shadow Wiki
http://abrx6wcpzkfpwxb5eb2wsra2wnkrv2macdtkpnrepswodz5jxd4schyd.onion/theundercoverman/ Theundercoverman
http://abrx6wcpzkfpwxb5eb2wsra2wnkrv2macdtkpnrepswodz5jxd4schyd.onion/index.xhtml Home - Shadow Wiki
http://3bbad7fauom4d6sgppalyqddsqbf5u5p56b5k5uk2zxsy3d6ey2jobad.onion OnionLand Search
http://cardzilevs4j4nj6uswfwf35oxnp64yrrtazjgap2w3vgoz2pwkp6sqd.onion/ Cardzilla - Best Financial Market
http://3bbad7fauom4d6sgppalyqddsqbf5u5p56b5k5uk2zxsy3d6ey2jobad.onion/ OnionLand Search
http://2jopbxfi2mrw6pfpmufm7smacrgniglr7a4raaila3kwlhlumflxfxad.onion/ AgoraDesk
http://2jopbxfi2mrw6pfpmufm7smacrgniglr7a4raaila3kwlhlumflxfxad.onion/" target="_blank" rel="noopener">http://2jopbxfi2mrw6pfpmufm7smacrgniglr7a4raaila3kwlhlumflxfxad.onion AgoraDesk
http://4ja5brrs4x4qvgquthmjkjykgxbvnfwau7ucgfb3ebclnkl5cpjyw4yd.onion Various shared debconf.org files
http://us3xsdrhmhk4h3bkuq7ttkp6pocs4726esycpgwtogrpu3nfjj6eroqd.onion Shadow Forums Threads list /
http://us3xsdrhmhk4h3bkuq7ttkp6pocs4726esycpgwtogrpu3nfjj6eroqd.onion/ Shadow Forums Threads list /
http://us3xsdrhmhk4h3bkuq7ttkp6pocs4726esycpgwtogrpu3nfjj6eroqd.onion/shadowwiki-general-comments-namac-comments-and-index-page-comments.12 Shadow Forums  "ShadowWiki General Comments, NAMAC comments, and Index page comments"
http://5ekxbftvqg26oir5wle3p27ax3wksbxcecnm6oemju7bjra2pn26s3qd.onion Debian -- The Universal Operating System 
http://stormu36id5e62n2i7kq3v7batuy34dimpijx5euklgl5bwi65eaycyd.onion/chat Cryptostorm IRC
http://darkzzx4avcsuofgfez5zq75cqc4mprjvfqywo45dfcaxrwqg6qrlfid.onion Darknet Market News, Links, and Guides | Darknetlive
http://darkzzx4avcsuofgfez5zq75cqc4mprjvfqywo45dfcaxrwqg6qrlfid.onion/">darkzzx4avcsuofgfez5zq75cqc4mprjvfqywo45dfcaxrwqg6qrlfid.onion Page Not Found | Darknetlive
http://darkzzx4avcsuofgfez5zq75cqc4mprjvfqywo45dfcaxrwqg6qrlfid.onion/" target="_blank" rel="nofollow noreferrer noopener"><strong>Darknetlive</strong> darkzzx4avcsuofgfez5zq75cqc4mprjvfqywo45dfcaxrwqg6qrlfid.onion Page Not Found | Darknetlive
http://darkzzx4avcsuofgfez5zq75cqc4mprjvfqywo45dfcaxrwqg6qrlfid.onion/">http://darkzzx4avcsuofgfez5zq75cqc4mprjvfqywo45dfcaxrwqg6qrlfid.onion Page Not Found | Darknetlive
http://darkzzx4avcsuofgfez5zq75cqc4mprjvfqywo45dfcaxrwqg6qrlfid.onion/ Darknet Market News, Links, and Guides | Darknetlive
http://m6rqq6kocsyugo2laitup5nn32bwm3lh677chuodjfmggczoafzwfcad.onion The DEF CON® Media Server - Archives of the conferences
http://m6rqq6kocsyugo2laitup5nn32bwm3lh677chuodjfmggczoafzwfcad.onion/ The DEF CON® Media Server - Archives of the conferences
http://alphvmmm27o3abo3r2mlmjrpdmzle3rykajqc5xsj7j7ejksbpsa36ad.onion  
http://qd7pcafncosqfqu3ha6fcx4h6sr7tzwagzpcdcnytiw3b6varaeqv5yd.onion Submit a Ticket
http://ransomocmou6mnbquqz44ewosbkjk3o5qjsl3orawojexfook2j7esad.onion Everest Ransomware Group
http://nq4zyac4ukl4tykmidbzgdlvaboqeqsemkp4t35bzvjeve6zm2lqcjid.onion Babuk - Leaks site
http://uescqfrcztbhb6tmhdlbejrjfwgtpckcoiwmwq5bfq5hhkwfioan7qad.onion/ TorShops | Create your own .onion store - buy and sell drugs, guns, counterfeits, fake ids, fake passports for bitcoin
http://6o2ewykepkp7k65bvxjqhoqmh3osksxrhpd3e6oyhiw5yl3skbyvzuad.onion Repositories
http://6o2ewykepkp7k65bvxjqhoqmh3osksxrhpd3e6oyhiw5yl3skbyvzuad.onion/wiki/log.xhtml Log - wiki - Unnamed repository; edit this file 'description' to name the repository.
http://lockbitapt6vx57t3eeqjofwgcglmutr3a35nygvokja5uuccip4ykyd.onion LockBit Anti-DDoS
http://hiveleakdbtnp76ulyhi52eag6c6tyc3xw7ez7iqy6wc34gd2nekazyd.onion This domain has been seized
http://usjud6uoc5gxmrfyuid4hm3e2slisucbwwnviiltyvdp5pma2xsr7aad.onion/ USJUD - Counterfeits
http://usjud6uoc5gxmrfyuid4hm3e2slisucbwwnviiltyvdp5pma2xsr7aad.onion USJUD - Counterfeits
http://lorenzmlwpzgxq736jzseuterytjueszsvznuibanxomlpkyxk6ksoyd.onion Lorenz
http://quantum445bh3gzuyilxdzs5xdepf3b7lkcupswvkryf3n7hgzpxebid.onion Quantum Blog
http://santat7kpllt6iyvqbr7q4amdv6dzrh6paatvyrzl7ry3zm72zigf4ad.onion HOME | CL0P^_- LEAKS
http://vhlehwexxmbnvecbmsk4ormttdvhlhbnyabai4cithvizzaduf3gmayd.onion Kamagra For Bitcoin - Same quality as original viagra pills, cheap prices, Bitcoin payment
http://avosqxh72b5ia23dl5fgwcpndkctuzqvh2iefk5imp3pi5gfhel5klad.onion AvosLocker Access Queue
http://rnsm777cdsjrsdlbs4v5qoeppu3px6sb2igmh53jzrx7ipcrbjz5b2ad.onion ransomexx2
http://protonmailrmez3lotccipshtkleegetolb73fuirgj7r4o4vfu7ozyd.onion Proton — Privacy by default
http://protonmailrmez3lotccipshtkleegetolb73fuirgj7r4o4vfu7ozyd.onion/ Proton — Privacy by default
http://vsociethok6sbprvevl4dlwbqrzyhxcxaqpvcqt5belwvsuxaxsutyad.onion Vice Society - Official Site
http://hl66646wtlp2naoqnhattngigjp5palgqmbwixepcjyq5i534acgqyad.onion News
http://nalr2uqsave7y2r235am5jsfiklfjh5h4jc5nztu3rzvmhklwt5j6kid.onion BITCARDS - Prepaid cards
http://gd5x24pjoan2pddc2fs6jlmnqbawq562d2qyk6ym4peu5ihzy6gd4jad.onion USA Citizenship - Become a citizen of the USA today, possible for everyone. Payment with bitcoin.
http://archiveiya74codqgiixo33q62qlrqtkgmcitqx5u2oeqnmn5bpcbiyd.onion/rss "大阪線""乙特急" - Google 検索
http://archiveiya74codqgiixo33q62qlrqtkgmcitqx5u2oeqnmn5bpcbiyd.onion/*.microsoft.com microsoft.com subdomains
http://hssza6r6fbui4x452ayv3dkeynvjlkzllezxf3aizxppmcfmz2mg7uad.onion/product-category/money-transfers/ Money Transfers – Cash Cow
http://hssza6r6fbui4x452ayv3dkeynvjlkzllezxf3aizxppmcfmz2mg7uad.onion/product-category/carding/ Carding – Cash Cow
http://hssza6r6fbui4x452ayv3dkeynvjlkzllezxf3aizxppmcfmz2mg7uad.onion/product-category/documents/ Documents – Cash Cow
http://metagerv65pwclop2rsfzg4jwowpavpwd6grhhlvdgsswvo6ii4akgyd.onion/ MetaGer - Mehr als eine Suchmaschine
http://archiveiya74codqgiixo33q62qlrqtkgmcitqx5u2oeqnmn5bpcbiyd.onion/http://twitter.com/burg* http://twitter.com/burg*: Burger King (@BurgerKing) / Twitter
http://hssza6r6fbui4x452ayv3dkeynvjlkzllezxf3aizxppmcfmz2mg7uad.onion/my-account-2/ My account – Cash Cow
http://hssza6r6fbui4x452ayv3dkeynvjlkzllezxf3aizxppmcfmz2mg7uad.onion/cart-2/ Cart – Cash Cow
http://qazkxav4zzmt5xwfw6my362jdwhzrcafz7qpd5kugfgx7z7il5lyb6ad.onion Counterfeit USD - High quality USD Counterfeits - Best USD counterfeits on the market - buy fake USD banknotes with Bitcoin
http://hssza6r6fbui4x452ayv3dkeynvjlkzllezxf3aizxppmcfmz2mg7uad.onion/product-category/electronics/ Electronics – Cash Cow
http://hssza6r6fbui4x452ayv3dkeynvjlkzllezxf3aizxppmcfmz2mg7uad.onion/product-category/crypto-wallets/ Crypto Wallets – Cash Cow
http://hssza6r6fbui4x452ayv3dkeynvjlkzllezxf3aizxppmcfmz2mg7uad.onion/product-category/drugs/ Erotic – Cash Cow
http://vvedndyt433kopnhv6vejxnut54y5752vpxshjaqmj7ftwiu6quiv2ad.onion/ PsychonautWiki
http://archiveiya74codqgiixo33q62qlrqtkgmcitqx5u2oeqnmn5bpcbiyd.onion/microsoft.com microsoft.com: Microsoft – Cloud, Computers, Apps & Gaming
http://hssza6r6fbui4x452ayv3dkeynvjlkzllezxf3aizxppmcfmz2mg7uad.onion/product-category/hacking/ Hacking – Cash Cow
http://hssza6r6fbui4x452ayv3dkeynvjlkzllezxf3aizxppmcfmz2mg7uad.onion/product-category/gift-cards/ Gift Cards – Cash Cow
http://hssza6r6fbui4x452ayv3dkeynvjlkzllezxf3aizxppmcfmz2mg7uad.onion/product-category/money-counterfeits/ Money Counterfeits – Cash Cow
http://hssza6r6fbui4x452ayv3dkeynvjlkzllezxf3aizxppmcfmz2mg7uad.onion/product/12-000-american-express/ $12.000 – American Express – Cash Cow
http://hssza6r6fbui4x452ayv3dkeynvjlkzllezxf3aizxppmcfmz2mg7uad.onion/careers/ Careers – Cash Cow
http://hssza6r6fbui4x452ayv3dkeynvjlkzllezxf3aizxppmcfmz2mg7uad.onion/market/ Marketplace – Cash Cow
