http://hssza6r6fbui4x452ayv3dkeynvjlkzllezxf3aizxppmcfmz2mg7uad.onion/vendor-list/ Vendor List – Cash Cow
http://hssza6r6fbui4x452ayv3dkeynvjlkzllezxf3aizxppmcfmz2mg7uad.onion/product/6000-american-express/ $6000 – American Express – Cash Cow
http://hssza6r6fbui4x452ayv3dkeynvjlkzllezxf3aizxppmcfmz2mg7uad.onion/safety-tips/ Safety Tips – Cash Cow
http://hssza6r6fbui4x452ayv3dkeynvjlkzllezxf3aizxppmcfmz2mg7uad.onion/support/ Support – Cash Cow
http://archiveiya74codqgiixo33q62qlrqtkgmcitqx5u2oeqnmn5bpcbiyd.onion/2014.06.26/https://www.google.com/maps/@-12.1858563,96.8293918,366m/data=!3m1!1e3 Google Maps
http://hssza6r6fbui4x452ayv3dkeynvjlkzllezxf3aizxppmcfmz2mg7uad.onion/product/1500-mastercard-cloned/ $1500 MasterCard – cloned – Cash Cow
http://hssza6r6fbui4x452ayv3dkeynvjlkzllezxf3aizxppmcfmz2mg7uad.onion/product/10-000/ $10.000 – Cash Cow
http://hssza6r6fbui4x452ayv3dkeynvjlkzllezxf3aizxppmcfmz2mg7uad.onion/product/oxy-m30-oxycodone-100-pills/ Oxy M30 (Oxycodone) – 100 Pills – Cash Cow
https://account.protonmailrmez3lotccipshtkleegetolb73fuirgj7r4o4vfu7ozyd.onion/login?product=generic&language=en Sign in | Proton Account - Access Proton Mail, Drive, and more
http://hssza6r6fbui4x452ayv3dkeynvjlkzllezxf3aizxppmcfmz2mg7uad.onion/product/3000-usd-skrill-transfer/ 3000 USD Skrill transfer – Cash Cow
http://lldan5gahapx5k7iafb3s4ikijc4ni7gx5iywdflkba5y2ezyg6sjgyd.onion 🧅 OnionShare
http://docs.lldan5gahapx5k7iafb3s4ikijc4ni7gx5iywdflkba5y2ezyg6sjgyd.onion/2.6/en/install.html#verifying-pgp-signatures Installation — OnionShare 2.6 documentation
http://forums.kaizushih5iec2mxohpvbt5uaapqdnbluaasa2cmsrrjtwrbx46cnaid.onion/index.php KLOS Community Forum - Index
http://forums.kaizushih5iec2mxohpvbt5uaapqdnbluaasa2cmsrrjtwrbx46cnaid.onion KLOS Community Forum - Index
http://docs.lldan5gahapx5k7iafb3s4ikijc4ni7gx5iywdflkba5y2ezyg6sjgyd.onion/2.6/en/install.html#install-in-linux Installation — OnionShare 2.6 documentation
https://facebookwkhpilnemxj7asaniu7vnjjbiltxjqhye3mhbshg7kx5tfyd.onion/ Facebook - log in or sign up
https://facebookwkhpilnemxj7asaniu7vnjjbiltxjqhye3mhbshg7kx5tfyd.onion Facebook - log in or sign up
http://archiveiya74codqgiixo33q62qlrqtkgmcitqx5u2oeqnmn5bpcbiyd.onion/http://twitter.com/burgerking http://twitter.com/burgerking: Burger King (@BurgerKing) / Twitter
http://archiveiya74codqgiixo33q62qlrqtkgmcitqx5u2oeqnmn5bpcbiyd.onion/2020.04.21/https://rt.live/ Rt: Effective Reproduction Number
https://www.facebookwkhpilnemxj7asaniu7vnjjbiltxjqhye3mhbshg7kx5tfyd.onion/Central.Intelligence.Agency Central Intelligence Agency (CIA)
http://nehdddktmhvqklsnkjqcbpmb63htee2iznpcbs5tgzctipxykpj6yrid.onion/nojs/captcha LocalMonero
http://hssza6r6fbui4x452ayv3dkeynvjlkzllezxf3aizxppmcfmz2mg7uad.onion/store/enzymatic Enzymatic Shop – Products – Cash Cow
http://hssza6r6fbui4x452ayv3dkeynvjlkzllezxf3aizxppmcfmz2mg7uad.onion/store/paper-judge Paper Judge – Products – Cash Cow
http://hssza6r6fbui4x452ayv3dkeynvjlkzllezxf3aizxppmcfmz2mg7uad.onion/store/wwdungeon W.W.Dungeon – Products – Cash Cow
http://jgwe5cjqdbyvudjqskaajbfibfewew4pndx52dye7ug3mt3jimmktkid.onion The Dark Web Pug
http://hssza6r6fbui4x452ayv3dkeynvjlkzllezxf3aizxppmcfmz2mg7uad.onion/store/superior SUPERIOR – Products – Cash Cow
http://cuba4ikm4jakjgmkezytyawtdgr2xymvy6nvzgw5cglswg3si76icnqd.onion Cuba
http://4usoivrpy52lmc4mgn2h34cmfiltslesthr56yttv2pxudd3dapqciyd.onion/">http://4usoivrpy52lmc4mgn2h34cmfiltslesthr56yttv2pxudd3dapqciyd.onion Block bypass
http://strongerw2ise74v3duebgsvug4mehyhlpa7f6kfwnas7zofs3kov7yd.onion/all Stronghold Paste
http://strongerw2ise74v3duebgsvug4mehyhlpa7f6kfwnas7zofs3kov7yd.onion/user/login Stronghold Paste
http://strongerw2ise74v3duebgsvug4mehyhlpa7f6kfwnas7zofs3kov7yd.onion/trending Stronghold Paste
http://juvenilezskkwc2gu7j5c4akppjnr3kzlgljjeodd5psn6fwcnloplid.onion Juvenile - No Cashirc Communications
http://juvenilezskkwc2gu7j5c4akppjnr3kzlgljjeodd5psn6fwcnloplid.onion/ Juvenile - No Cashirc Communications
http://juvenilezskkwc2gu7j5c4akppjnr3kzlgljjeodd5psn6fwcnloplid.onion/links.html Juvenile - No Rules Communications
http://cardedstpc2w3yundoap56eniappn45ll6hfxj2iadmcklc4kldjv4yd.onion/ CardedStore – The original carded store
http://cardedstpc2w3yundoap56eniappn45ll6hfxj2iadmcklc4kldjv4yd.onion CardedStore – The original carded store
http://onionamev33r7w4zckyttobq3vrt725iuyr6xessihxifhxrhupixqad.onion OnionName: Obtain your vanity .onion domain name in Tor network without much hassle!
http://refuge3noitqegmmjericvur54ihyj7tsfyfwdblitaeaqu2koi7iuqd.onion/index.php?board=21.0 Log in
http://onionamev33r7w4zckyttobq3vrt725iuyr6xessihxifhxrhupixqad.onion/order.php Create your order
http://zqktlwiuavvvqqt4ybvgvi7tyo4hjl5xgfuvpdf6otjiycgwqbym2qad.onion/wiki/Contest2022 Contest2022 - The Hidden Wiki
http://jhi4v5rjly75ggha26cu2eeyfhwvgbde4w6d75vepwxt2zht5sqfhuqd.onion Bitcoin Investment Trust - earn 5-9% per week!
http://anygif23titsbw6xzloyjbwkjehfvnuejfkwl2ctbkjb2hqkudzplqid.onion anyGIF - Uncensored GIF Board
http://zqktlwiuavvvqqt4ybvgvi7tyo4hjl5xgfuvpdf6otjiycgwqbym2qad.onion/wiki/Main_Page The Hidden Wiki
http://xh6liiypqffzwnu5734ucwps37tn2g6npthvugz3gdoqpikujju525yd.onion/index.php/user/Faw Usuário Faw - Respostas Ocultas
http://tordoge35c5krfwoghekqpe6zlbdgfafn5byppmgnthktzmtk4rjahqd.onion/torlinks.html Scam List of Tor
http://deep2v63hwfsupagnmzxyal6jxhtcxdennvcsekkji7qqic4jmjcj3yd.onion/ DEEP WEB PAYPAL AND CREDIT CARD MARKET - FRESH ONION LINK
http://tomjejezyhisqf4cqzhtjoqtwdf7slb46eprudl4dyt2gmbpvsqmzkyd.onion/ TOM & JERRY 🍎 | Drugs store, LSD, Cocaine, Weed, Ketamine, MDMA, Crack, Hash, Heroin.
http://vw5vzi62xqhihghvonatid7imut2rkgiudl3xomj4jftlmanuwh4r2qd.onion/ $$ The Green Machine $$ - Error 
http://meynethaffeecapsvfphrcnfrx44w2nskgls2juwitibvqctk2plvhqd.onion MayVaneDay Studios
http://2a2a2abbjsjcjwfuozip6idfxsxyowoi3ajqyehqzfqyxezhacur7oyd.onion/ DARK empire MARKET ✅ – Best Tor darknet market |       Credit Card Cloned Carding Hacking Drugs Dumps Paypal Hack Free Bitcoin Money Counterfeit Cash Buy Gun Gift Passport Visa Mastercard Amex Verified Trusted Bitcoins Escrow Top Hidden Wiki Onion Links Forum
http://ej3kv4ebuugcmuwxctx5ic7zxh73rnxt42soi3tdneu2c2em55thufqd.onion/ SecureDrop | Protecting Journalists and Sources
http://pppppppppnuuh5amu6ez7lfgjod2b54c4sgh25aygj56xq4d2zvuv5ad.onion/ Cash Cards — Financial Market
http://y3uqa5umvziqedr6ox3io7qx4o5kf635s5qnhdbmzi2ws3s5eaitwvid.onion/ TOR GUNS AND AMMO – Pistol, Rifle, Revolver, Ammo, Gun, Silencer
http://zvvtba2a37mcydnntjkzy26lrv3y5elfyotr4glujkaaanyz5a4uerqd.onion/ New money | The Way
http://2jwcnprqbugvyi6ok2h2h7u26qc6j5wxm7feh3znlh2qu3h6hjld4kyd.onion Another Hidden Wiki
http://futwqy7piipxp657mlyryefwepkoiy6mbuvwgve7pcqwn55ouu3k23yd.onion French Links Empire - Annuaire de liens
http://elfqv3zjfegus3bgg5d7pv62eqght4h6sl6yjjhe7kjpi2s56bzgk2yd.onion/darkelf_tor_onion_tails_config.php How to configure TOR and Tails for better Security and Comfort - ElfQrin
http://elfqv3zjfegus3bgg5d7pv62eqght4h6sl6yjjhe7kjpi2s56bzgk2yd.onion/donate.php Donations
http://elfqv3zjfegus3bgg5d7pv62eqght4h6sl6yjjhe7kjpi2s56bzgk2yd.onion/fakeid.php?gender=m Fake Identity ID Name Generator - ElfQrin
http://elfqv3zjfegus3bgg5d7pv62eqght4h6sl6yjjhe7kjpi2s56bzgk2yd.onion/fakeid.php?gender=r Fake Identity ID Name Generator - ElfQrin
http://chatorcvcl25nskltysozugy36pplnrwpbgwovh6mbwwzy2bzgq2hkyd.onion/login.php Login | ChaTor
http://elfqv3zjfegus3bgg5d7pv62eqght4h6sl6yjjhe7kjpi2s56bzgk2yd.onion/fakeid.php?gender=f Fake Identity ID Name Generator - ElfQrin
http://dnmx.anonblogd4pcarck2ff6qlseyawjljaatp6wjq6rqpet2wfuoom42kyd.onion DNMX Updated
http://dnmx.anonblogd4pcarck2ff6qlseyawjljaatp6wjq6rqpet2wfuoom42kyd.onion/ DNMX Updated
http://chatorcvcl25nskltysozugy36pplnrwpbgwovh6mbwwzy2bzgq2hkyd.onion/advertise.php Advertise | ChaTor
http://tordexu73joywapk2txdr54jed4imqledpcvcuf75qsas2gwdgksvnyd.onion The Uncensored Index of Tor Onion Sites - TorDex
http://njallalafimoej5i4eg7vlnqjvmb6zhdh27qxcatdn647jtwwwui3nad.onion Njalla — Worlds most notorious privacy provider for domains, VPS' and VPNs.
http://njallalafimoej5i4eg7vlnqjvmb6zhdh27qxcatdn647jtwwwui3nad.onion/ Njalla — Worlds most notorious privacy provider for domains, VPS' and VPNs.
http://tordexpmg4xy32rfp4ovnz7zq5ujoejwq2u26uxxtkscgo5u3losmeid.onion The Uncensored Index of Tor Onion Sites - TorDex
http://5gdvpfoh6kb2iqbizb37lzk2ddzrwa47m6rpdueg2m656fovmbhoptqd.onion mail.riseup.net :: Welcome to mail.riseup.net
http://amster4mdi4ls27irjhe3ul6hzha5itf6naifanpfbdbfybclbnqipyd.onion Home - WeAreAMSTERDAM Shop
http://irc.fwfwqtpi2ofmehzdxe3e2htqfmhwfciwivpnsztv7dvpuamhr72ktlqd.onion irc.fuwafuwa.moe
http://irc.fwfwqtpi2ofmehzdxe3e2htqfmhwfciwivpnsztv7dvpuamhr72ktlqd.onion/ irc.fuwafuwa.moe
http://git.fwfwqtpi2ofmehzdxe3e2htqfmhwfciwivpnsztv7dvpuamhr72ktlqd.onion/lesderid/pastethingy lesderid/pastethingy: A simple paste web application made with Laravel and Pygments - pastethingy - git.fuwafuwa.moe
http://git.fwfwqtpi2ofmehzdxe3e2htqfmhwfciwivpnsztv7dvpuamhr72ktlqd.onion/ git.fuwafuwa.moe
http://git.fwfwqtpi2ofmehzdxe3e2htqfmhwfciwivpnsztv7dvpuamhr72ktlqd.onion/lesderid/pollthingy lesderid/pollthingy: A simple (straw) poll web application made with Laravel - pollthingy - git.fuwafuwa.moe
http://fwfwqtpi2ofmehzdxe3e2htqfmhwfciwivpnsztv7dvpuamhr72ktlqd.onion fuwafuwa.moe
http://git.fwfwqtpi2ofmehzdxe3e2htqfmhwfciwivpnsztv7dvpuamhr72ktlqd.onion git.fuwafuwa.moe
http://paavlaytlfsqyvkg3yqj7hflfg5jw2jdg2fgkza5ruf6lplwseeqtvyd.onion/wiki/index.php?title=Main_Page&action=edit&section=1 The Hidden Wiki
http://www.qubesosfasa4zl44o4tws22di6kepyzfeqv3tg4e3ztknltfxqrymdad.onion 
http://danielas3rtn54uwmofdo3x2bsdifr47huasnmbgqzfrec5ubupvtpid.onion/about.php Daniel - About
http://4f56dbv33j4meld3s5tnuzu5sapjzc2a5mmn2rwpgzsiwum6kvn7kcad.onion  Onion Bitcoin wallets
http://4f56dbv33j4meld3s5tnuzu5sapjzc2a5mmn2rwpgzsiwum6kvn7kcad.onion/  Onion Bitcoin wallets
http://danielas3rtn54uwmofdo3x2bsdifr47huasnmbgqzfrec5ubupvtpid.onion/faq.php Daniel - FAQ - Frequently Asked Questions
http://danielas3rtn54uwmofdo3x2bsdifr47huasnmbgqzfrec5ubupvtpid.onion/tutorials/ Daniel - Tutorials
http://danielas3rtn54uwmofdo3x2bsdifr47huasnmbgqzfrec5ubupvtpid.onion/github-ipv6-proxy.php GitHub IPv6 proxy
http://danielas3rtn54uwmofdo3x2bsdifr47huasnmbgqzfrec5ubupvtpid.onion/chat/ Daniel - Chat
http://danielas3rtn54uwmofdo3x2bsdifr47huasnmbgqzfrec5ubupvtpid.onion/mail/ E-Mail and XMPP
http://zsxjtsgzborzdllyp64c6pwnjz5eic76bsksbxzqefzogwcydnkjy3yd.onion Home - Shadow Wiki
http://danielas3rtn54uwmofdo3x2bsdifr47huasnmbgqzfrec5ubupvtpid.onion/contact.php Daniel - Contact
http://xdkriz6cn2avvcr2vks5lvvtmfojz2ohjzj4fhyuka55mvljeso2ztqd.onion Cockmail :: Welcome to Cockmail
http://danielas3rtn54uwmofdo3x2bsdifr47huasnmbgqzfrec5ubupvtpid.onion/imprint.php Daniel - Imprint
http://danielas3rtn54uwmofdo3x2bsdifr47huasnmbgqzfrec5ubupvtpid.onion/privacy.php Daniel - Privacy policy
http://nehdddktmhvqklsnkjqcbpmb63htee2iznpcbs5tgzctipxykpj6yrid.onion LocalMonero
http://w27irt6ldaydjoacyovepuzlethuoypazhhbot6tljuywy52emetn7qd.onion/infocon.org-css/infocon-about.html InfoCon Collection: Hacking Conference Audio and Video Archive
http://w27irt6ldaydjoacyovepuzlethuoypazhhbot6tljuywy52emetn7qd.onion/infocon.org-css/infocon-supporters.html InfoCon Supporters
http://theendgtso35ir6ngdtyhgtjhhbbprmkzl74gt5nyeu3ocr34sfa67yd.onion / T H E E N D /
http://paavlaytlfsqyvkg3yqj7hflfg5jw2jdg2fgkza5ruf6lplwseeqtvyd.onion The Hidden Wiki
http://paavlaytlfsqyvkg3yqj7hflfg5jw2jdg2fgkza5ruf6lplwseeqtvyd.onion/wiki/index.php?title=Main_Page&oldid=123367 The Hidden Wiki
http://suprbaydvdcaynfo4dgdzgxb4zuso7rftlil5yg5kqjefnw4wq4ulcad.onion/search.php SuprBay: The PirateBay Forum - Search
