http://suprbaydvdcaynfo4dgdzgxb4zuso7rftlil5yg5kqjefnw4wq4ulcad.onion/index.php SuprBay: The PirateBay Forum
http://suprbaydvdcaynfo4dgdzgxb4zuso7rftlil5yg5kqjefnw4wq4ulcad.onion/member.php?action=lostpw SuprBay: The PirateBay Forum - Lost Account Password
http://suprbaydvdcaynfo4dgdzgxb4zuso7rftlil5yg5kqjefnw4wq4ulcad.onion/Thread-FAQs-Frequently-Asked-Questions FAQs (Frequently Asked Questions)
http://suprbaydvdcaynfo4dgdzgxb4zuso7rftlil5yg5kqjefnw4wq4ulcad.onion/member.php?action=login SuprBay: The PirateBay Forum - Login
http://suprbaydvdcaynfo4dgdzgxb4zuso7rftlil5yg5kqjefnw4wq4ulcad.onion/status TPB Site Status - SuprBay: The PirateBay Forum
http://paavlaytlfsqyvkg3yqj7hflfg5jw2jdg2fgkza5ruf6lplwseeqtvyd.onion/wiki/index.php?title=Main_Page&amp;oldid=123367">http://paavlaytlfsqyvkg3yqj7hflfg5jw2jdg2fgkza5ruf6lplwseeqtvyd.onion The Hidden Wiki
http://hzwjmjimhr7bdmfv2doll4upibt5ojjmpo3pbp5ctwcg37n3hyk7qzid.onion Ablative Hosting - Short Term Pause
http://airvpn3epnw2fnsbx5x2ppzjs6vxtdarldas7wjyqvhscj7x43fxylqd.onion AirVPN - The air to breathe the real Internet - AirVPN
http://wasabiukrxmkdgve5kynjztuovbg43uxcbcxn6y2okcrsg7gb6jdmbad.onion Wasabi Wallet - Bitcoin privacy wallet with built-in coinjoin
https://duckduckgo.com/duckduckgogg42xjoc72x3sjasowoarfbgcmvfimaftt6twagswzczad.onion DuckDuckGo
http://duckduckgogg42xjoc72x3sjasowoarfbgcmvfimaftt6twagswzczad.onion/ DuckDuckGo
https://svobod7mjzb3hwxhgcnx7ui2ffd4p5zulftzkzdlmpaztuuoxnlpwhyd.onion/ Радио Свобода
http://stormwayszuh4juycoy4kwoww5gvcu2c4tdtpkup667pdwe4qenzwayd.onion/configs/ Index of /configs
https://severr375roaznysslbu4joiu2snztzwucsm46gghi34xglhh5w4cmyd.onion Север Реалии
https://svobod7mjzb3hwxhgcnx7ui2ffd4p5zulftzkzdlmpaztuuoxnlpwhyd.onion Радио Свобода
https://sibrealr32niwsfksyycn6dyci3wnssnq5xhg3g7kpkddyrzfh2fd4qd.onion/ Сибирь.Реалии
https://severr375roaznysslbu4joiu2snztzwucsm46gghi34xglhh5w4cmyd.onion/ Север Реалии
http://stormwayszuh4juycoy4kwoww5gvcu2c4tdtpkup667pdwe4qenzwayd.onion/windows cryptostorm
https://sibrealr32niwsfksyycn6dyci3wnssnq5xhg3g7kpkddyrzfh2fd4qd.onion Сибирь.Реалии
https://es.wikipedia.org/wiki/.onion .onion - Wikipedia, la enciclopedia libre
https://cs.wikipedia.org/wiki/.onion .onion – Wikipedie
https://be.wikipedia.org/wiki/.onion .onion — Вікіпедыя
https://de.wikipedia.org/wiki/.onion .onion – Wikipedia
http://stormwayszuh4juycoy4kwoww5gvcu2c4tdtpkup667pdwe4qenzwayd.onion/pfsense cryptostorm
http://stormwayszuh4juycoy4kwoww5gvcu2c4tdtpkup667pdwe4qenzwayd.onion/openwrt cryptostorm
https://eo.wikipedia.org/wiki/.onion .onion - Vikipedio
https://ca.wikipedia.org/wiki/.onion .onion - Viquipèdia, l'enciclopèdia lliure
http://stormwayszuh4juycoy4kwoww5gvcu2c4tdtpkup667pdwe4qenzwayd.onion/#section6" target="_blank">http://stormwayszuh4juycoy4kwoww5gvcu2c4tdtpkup667pdwe4qenzwayd.onion cryptostorm
https://fr.wikipedia.org/wiki/.onion .onion — Wikipédia
https://fa.wikipedia.org/wiki/.onion .onion - ویکی‌پدیا، دانشنامهٔ آزاد
https://gl.wikipedia.org/wiki/.onion .onion - Wikipedia, a enciclopedia libre
https://ar.wikipedia.org/wiki/%D9%86%D8%B7%D8%A7%D9%82_%D8%A3%D9%86%D9%8A%D9%88%D9%86_(.onion) نطاق أنيون (.onion) - ويكيبيديا
http://explorerzydxu5ecjrkwceayqybizmpjjznk5izmitf2modhcusuqlid.onion Bitcoin Explorer - Blockstream.info
http://forums.dds6qkxpwdeubwucdiaord2xgbbeyds25rbsgr73tbfpqpt4a6vjwsyd.onion Whonix Forum
https://da.wikipedia.org/wiki/.onion .onion - Wikipedia, den frie encyklopædi
http://stormwayszuh4juycoy4kwoww5gvcu2c4tdtpkup667pdwe4qenzwayd.onion/blog/multitun Tunneling tunnels within tunnels (inside of tunnels) | cryptostorm blog
https://gitweb.torproject.org/torspec.git?a=blob_plain;hb=HEAD;f=rend-spec.txt">&#34;Tor Rendezvous Specification&#34;</a>. Tor Project.</cite><span title="ctx_ver=Z39.88-2004&amp;rft_val_fmt=info%3Aofi%2Ffmt%3Akev%3Amtx%3Abook&amp;rft.genre=unknown&amp;rft.btitle=Tor+Rendezvous+Specification&amp;rft.pub=Tor+Project&amp;rft_id=https%3A%2F%2Fgitweb.torproject.org%2Ftorspec.git%3Fa%3Dblob_plain%3Bhb%3DHEAD%3Bf%3Drend-spec.txt&amp;rfr_id=info%3Asid%2Fen.wikipedia.org%3A.onion torspec - Tor's protocol specifications
http://www.dds6qkxpwdeubwucdiaord2xgbbeyds25rbsgr73tbfpqpt4a6vjwsyd.onion Whonix - Superior Internet Privacy
http://forums.dds6qkxpwdeubwucdiaord2xgbbeyds25rbsgr73tbfpqpt4a6vjwsyd.onion/about About - Whonix Forum
https://el.wikipedia.org/wiki/.onion .onion - Βικιπαίδεια
https://www.torproject.org/docs/onion-services" target="_blank">Tor hidden service</a> at<br/><a href="http://stormwayszuh4juycoy4kwoww5gvcu2c4tdtpkup667pdwe4qenzwayd.onion">stormwayszuh4juycoy4kwoww5gvcu2c4tdtpkup667pdwe4qenzwayd.onion How can we help?   | Tor Project | Support
https://zh.wikipedia.org/wiki/.onion .onion - 维基百科，自由的百科全书
http://stormwayszuh4juycoy4kwoww5gvcu2c4tdtpkup667pdwe4qenzwayd.onion/#section2 cryptostorm
https://az.wikipedia.org/wiki/.onion .onion — Vikipediya
http://stormwayszuh4juycoy4kwoww5gvcu2c4tdtpkup667pdwe4qenzwayd.onion/blog/port-striping-v2 Port striping v2 | cryptostorm blog
http://deepmehruhlkmelzffkpcxathectjtnanzkgk7xw7ibuj6qieubpecqd.onion/?tracking=627bcdd7ba01f DeepMarketplace Access Queue
http://deepmehruhlkmelzffkpcxathectjtnanzkgk7xw7ibuj6qieubpecqd.onion DeepMarketplace Access Queue
https://www.torproject.org/projects/torbrowser.html.en">&#34;Tor Browser&#34;</a>. <a href="/wiki/Tor_Project" class="mw-redirect" title="Tor Project">Tor Project</a>. <q>Anonymous browsing via Tor, used to access .onion sites</q></cite><span title="ctx_ver=Z39.88-2004&amp;rft_val_fmt=info%3Aofi%2Ffmt%3Akev%3Amtx%3Abook&amp;rft.genre=unknown&amp;rft.btitle=Tor+Browser&amp;rft.pub=Tor+Project&amp;rft_id=https%3A%2F%2Fwww.torproject.org%2Fprojects%2Ftorbrowser.html.en&amp;rfr_id=info%3Asid%2Fen.wikipedia.org%3A.onion Tor Project | Download
http://stormwayszuh4juycoy4kwoww5gvcu2c4tdtpkup667pdwe4qenzwayd.onion/#section6 cryptostorm
http://forums.dds6qkxpwdeubwucdiaord2xgbbeyds25rbsgr73tbfpqpt4a6vjwsyd.onion/c/news.rss Whonix XFCE for VirtualBox users prior build version 15.0.1.7.3: Storage Controller Setting Change Required (Failed to open a session for the virtual machine) (NS_ERROR_FAILURE (0x80004005))
http://venus7rnkrbtdctbdtmvydn5kvjiaqmf2kgtzfup4muavc6wx4clwyqd.onion Venus Market
https://reddittorjg6rue252oqsxryoxengawnmo46qy4kyii5wtqnwfj4ooad.onion Reddit - Dive into anything
http://venus7rnkrbtdctbdtmvydn5kvjiaqmf2kgtzfup4muavc6wx4clwyqd.onion/?tracking=630cc19a9c716 Venus Market
https://www.facebookwkhpilnemxj7asaniu7vnjjbiltxjqhye3mhbshg7kx5tfyd.onion/recover/initiate/?privacy_mutation_token=eyJ0eXBlIjowLCJjcmVhdGlvbl90aW1lIjoxNjgyMDI0MTM4LCJjYWxsc2l0ZV9pZCI6MzgxMjI5MDc5NTc1OTQ2fQ%3D%3D&ars=facebook_login Forgot password | Can't log in | Facebook
http://stormwayszuh4juycoy4kwoww5gvcu2c4tdtpkup667pdwe4qenzwayd.onion/blog/tlscryptv2 tls-crypt-v2: electric boogaloo | cryptostorm blog
http://ciisqbg45nggykdl6rjdrq3wc64csga4vkphu66qsi65mypeitqedoad.onion cryptostorm
https://reddittorjg6rue252oqsxryoxengawnmo46qy4kyii5wtqnwfj4ooad.onion/ Reddit - Dive into anything
http://stormwayszuh4juycoy4kwoww5gvcu2c4tdtpkup667pdwe4qenzwayd.onion/blog/wireguard-privacy-concerns WireGuard privacy concerns | cryptostorm blog
http://eux4gt4qcaiesps5w5rppxcenoe5shapwycums5yuiikmc4mpc74gpyd.onion/profile.php?15,364 AnonGTS :: Manga and Hentai
http://eux4gt4qcaiesps5w5rppxcenoe5shapwycums5yuiikmc4mpc74gpyd.onion/login.php?15 AnonGTS :: Manga and Hentai
http://eux4gt4qcaiesps5w5rppxcenoe5shapwycums5yuiikmc4mpc74gpyd.onion/register.php?15 AnonGTS :: Manga and Hentai
http://eux4gt4qcaiesps5w5rppxcenoe5shapwycums5yuiikmc4mpc74gpyd.onion/read.php?5,76,page=1 ZZZ - (150+ comics | updated 2021/07/28)
http://eux4gt4qcaiesps5w5rppxcenoe5shapwycums5yuiikmc4mpc74gpyd.onion/register.php?5 AnonGTS :: Drawings and Comics
http://eux4gt4qcaiesps5w5rppxcenoe5shapwycums5yuiikmc4mpc74gpyd.onion/login.php?10 AnonGTS :: Announcements
http://eux4gt4qcaiesps5w5rppxcenoe5shapwycums5yuiikmc4mpc74gpyd.onion/read.php?5,11472 Aliessa - (10+ files | updated 2021/01/20)
http://eux4gt4qcaiesps5w5rppxcenoe5shapwycums5yuiikmc4mpc74gpyd.onion/profile.php?5,3239 AnonGTS :: Drawings and Comics
http://eux4gt4qcaiesps5w5rppxcenoe5shapwycums5yuiikmc4mpc74gpyd.onion/register.php?7 AnonGTS :: Other Forums
http://eux4gt4qcaiesps5w5rppxcenoe5shapwycums5yuiikmc4mpc74gpyd.onion/index.php?7">Other Forums</a></th><th>Topics</th><th>Posts</th><th align="left">Last Post</th></tr><tr><td width="55%"><h3><a href="http://eux4gt4qcaiesps5w5rppxcenoe5shapwycums5yuiikmc4mpc74gpyd.onion/list.php?11">Requests</a></h3><p>Requests for links and/or uploads</p></td><td align="center" width="12%" nowrap="nowrap">1,597</td><td align="center" width="12%" nowrap="nowrap">5,108</td><td width="21%" nowrap="nowrap">April 08, 2023 12:12</td></tr><tr><td width="55%"><h3><a href="http://eux4gt4qcaiesps5w5rppxcenoe5shapwycums5yuiikmc4mpc74gpyd.onion AnonGTS
http://eux4gt4qcaiesps5w5rppxcenoe5shapwycums5yuiikmc4mpc74gpyd.onion/login.php?8 AnonGTS :: Unsorted
http://eux4gt4qcaiesps5w5rppxcenoe5shapwycums5yuiikmc4mpc74gpyd.onion/login.php?23 AnonGTS :: Non-GTS/FMG Art
http://eux4gt4qcaiesps5w5rppxcenoe5shapwycums5yuiikmc4mpc74gpyd.onion/index.php?23">Non-GTS/FMG Art</a></th><th>Topics</th><th>Posts</th><th align="left">Last Post</th></tr><tr><td width="55%"><h3><a href="http://eux4gt4qcaiesps5w5rppxcenoe5shapwycums5yuiikmc4mpc74gpyd.onion/list.php?24">Breast/Hourglass Expansion</a></h3><p>Breast and/or butt focused expansion art</p></td><td align="center" width="12%" nowrap="nowrap">38</td><td align="center" width="12%" nowrap="nowrap">500</td><td width="21%" nowrap="nowrap">February 04, 2022 12:12</td></tr><tr><td width="55%"><h3><a href="http://eux4gt4qcaiesps5w5rppxcenoe5shapwycums5yuiikmc4mpc74gpyd.onion/list.php?25">Weight Gain/Inflation</a></h3><p>BBW, non-hourglass inflation, belly-focused art</p></td><td align="center" width="12%" nowrap="nowrap">42</td><td align="center" width="12%" nowrap="nowrap">529</td><td width="21%" nowrap="nowrap">September 13, 2022 22:22</td></tr><tr><td width="55%"><h3><a href="http://eux4gt4qcaiesps5w5rppxcenoe5shapwycums5yuiikmc4mpc74gpyd.onion AnonGTS
http://eux4gt4qcaiesps5w5rppxcenoe5shapwycums5yuiikmc4mpc74gpyd.onion/profile.php?11,335 AnonGTS :: Requests
http://eux4gt4qcaiesps5w5rppxcenoe5shapwycums5yuiikmc4mpc74gpyd.onion/login.php?7 AnonGTS :: Other Forums
http://eux4gt4qcaiesps5w5rppxcenoe5shapwycums5yuiikmc4mpc74gpyd.onion/register.php?23 AnonGTS :: Non-GTS/FMG Art
http://eux4gt4qcaiesps5w5rppxcenoe5shapwycums5yuiikmc4mpc74gpyd.onion/profile.php?11,27968 AnonGTS :: Requests
http://eux4gt4qcaiesps5w5rppxcenoe5shapwycums5yuiikmc4mpc74gpyd.onion/read.php?11,14648 voluptuosdvour paid content
http://eux4gt4qcaiesps5w5rppxcenoe5shapwycums5yuiikmc4mpc74gpyd.onion/login.php?4 AnonGTS :: GTS, FMG and related art
http://eux4gt4qcaiesps5w5rppxcenoe5shapwycums5yuiikmc4mpc74gpyd.onion/index.php?4">GTS, FMG and related art</a></th><th>Topics</th><th>Posts</th><th align="left">Last Post</th></tr><tr><td width="55%"><h3><a href="http://eux4gt4qcaiesps5w5rppxcenoe5shapwycums5yuiikmc4mpc74gpyd.onion/list.php?6">3D Rendering</a></h3><p>GTS/FMG 3D-rendered comics and images</p></td><td align="center" width="12%" nowrap="nowrap">66</td><td align="center" width="12%" nowrap="nowrap">822</td><td width="21%" nowrap="nowrap">March 27, 2022 18:18</td></tr><tr><td width="55%"><h3><a href="http://eux4gt4qcaiesps5w5rppxcenoe5shapwycums5yuiikmc4mpc74gpyd.onion/list.php?5">Drawings and Comics</a></h3><p>GTS/FMG drawings and comics</p></td><td align="center" width="12%" nowrap="nowrap">61</td><td align="center" width="12%" nowrap="nowrap">907</td><td width="21%" nowrap="nowrap">October 17, 2022 17:17</td></tr><tr><td width="55%"><h3><a href="http://eux4gt4qcaiesps5w5rppxcenoe5shapwycums5yuiikmc4mpc74gpyd.onion AnonGTS :: GTS, FMG and related art
http://eux4gt4qcaiesps5w5rppxcenoe5shapwycums5yuiikmc4mpc74gpyd.onion/register.php?4 AnonGTS :: GTS, FMG and related art
http://eux4gt4qcaiesps5w5rppxcenoe5shapwycums5yuiikmc4mpc74gpyd.onion/register.php?8 AnonGTS :: Unsorted
http://eux4gt4qcaiesps5w5rppxcenoe5shapwycums5yuiikmc4mpc74gpyd.onion/read.php?8,13076,13076#msg-13076 Music videos
http://eux4gt4qcaiesps5w5rppxcenoe5shapwycums5yuiikmc4mpc74gpyd.onion/read.php?15,2248 Kanaisei Jitenshasougyou (4 comics)
http://eux4gt4qcaiesps5w5rppxcenoe5shapwycums5yuiikmc4mpc74gpyd.onion/read.php?11,14648,14648#msg-14648 voluptuosdvour paid content
http://eux4gt4qcaiesps5w5rppxcenoe5shapwycums5yuiikmc4mpc74gpyd.onion/read.php?11,14635 EMK3d
http://eux4gt4qcaiesps5w5rppxcenoe5shapwycums5yuiikmc4mpc74gpyd.onion/profile.php?8,1 AnonGTS :: Unsorted
http://eux4gt4qcaiesps5w5rppxcenoe5shapwycums5yuiikmc4mpc74gpyd.onion/profile.php?5,2309 AnonGTS :: Drawings and Comics
http://eux4gt4qcaiesps5w5rppxcenoe5shapwycums5yuiikmc4mpc74gpyd.onion/profile.php?25,3239 AnonGTS :: Weight Gain/Inflation
http://eux4gt4qcaiesps5w5rppxcenoe5shapwycums5yuiikmc4mpc74gpyd.onion/profile.php?11,5278 AnonGTS :: Requests
http://eux4gt4qcaiesps5w5rppxcenoe5shapwycums5yuiikmc4mpc74gpyd.onion/posting.php?15 AnonGTS :: Manga and Hentai
http://eux4gt4qcaiesps5w5rppxcenoe5shapwycums5yuiikmc4mpc74gpyd.onion/search.php?15 AnonGTS :: Manga and Hentai :: Search
http://eux4gt4qcaiesps5w5rppxcenoe5shapwycums5yuiikmc4mpc74gpyd.onion/read.php?11,14645 Dinner-kun's Slobs Eat Snobs
http://eux4gt4qcaiesps5w5rppxcenoe5shapwycums5yuiikmc4mpc74gpyd.onion/read.php?26,9615 Anthroanim - (2 packs | updated 2018/02/11)
http://bbzzzsvqcrqtki6umym6itiixfhni37ybtt7mkbjyxn2pgllzxf2qgyd.onion Breaking Bad
http://eux4gt4qcaiesps5w5rppxcenoe5shapwycums5yuiikmc4mpc74gpyd.onion/read.php?5,1582 [READ BEFORE POSTING] Drawn GTS/FMG Forum Rules (revised 2020/03/06)
http://stormwayszuh4juycoy4kwoww5gvcu2c4tdtpkup667pdwe4qenzwayd.onion/blog/obfs4 obfs4 support added! | cryptostorm blog
http://eux4gt4qcaiesps5w5rppxcenoe5shapwycums5yuiikmc4mpc74gpyd.onion/read.php?25,13315,13315#msg-13315 [READ BEFORE POSTING] Weight Gain/Inflation Forum Rules (revised 2020/03/11)
http://eux4gt4qcaiesps5w5rppxcenoe5shapwycums5yuiikmc4mpc74gpyd.onion/read.php?11,14611 Request for Varu's Patreon Content
http://eux4gt4qcaiesps5w5rppxcenoe5shapwycums5yuiikmc4mpc74gpyd.onion/read.php?26,14289,14289#msg-14289 Peachbreeze - (10+ files | updated 2021/08/18)
http://eux4gt4qcaiesps5w5rppxcenoe5shapwycums5yuiikmc4mpc74gpyd.onion/register.php?6 AnonGTS :: 3D Rendering
http://eux4gt4qcaiesps5w5rppxcenoe5shapwycums5yuiikmc4mpc74gpyd.onion/read.php?26,10698,13162#msg-13162 Pedverse - (20 files | updated 2020/01/21)
