http://forums.kaizushih5iec2mxohpvbt5uaapqdnbluaasa2cmsrrjtwrbx46cnaid.onion/index.php?topic=6.msg33#new" title="Re: Please turn this forum into a DN version of LinkedIn">Re: Please turn this for...</a> by <a href="http://forums.kaizushih5iec2mxohpvbt5uaapqdnbluaasa2cmsrrjtwrbx46cnaid.onion Please turn this forum into a DN version of LinkedIn
http://eux4gt4qcaiesps5w5rppxcenoe5shapwycums5yuiikmc4mpc74gpyd.onion/read.php?25,6396,page=1 Jag27/Otto Maddox (30+ files | updated 2020/03/21)
http://kaizushih5iec2mxohpvbt5uaapqdnbluaasa2cmsrrjtwrbx46cnaid.onion/page.php?q=contact Contact :: Kaizushi's Little Onion Server
http://forums.kaizushih5iec2mxohpvbt5uaapqdnbluaasa2cmsrrjtwrbx46cnaid.onion/index.php?board=6.0 Kaizu's Corner
http://forums.kaizushih5iec2mxohpvbt5uaapqdnbluaasa2cmsrrjtwrbx46cnaid.onion/index.php?action=search Set Search Parameters
http://c5xoy22aadb2rqgw3jh2m2irmu563evukqqddu5zjandunaimzaye5id.onion TomAndJerry - Extremely stealth shipping from the netherlands! 
http://gch3dyxo5zuqbrrtd64zlvzwxden4jkikyqk3ikjhggqzoxixcmq2fid.onion ccPal - CCs, CVV2s, PayPals, Ebay accounts and more - buy stolen creditcards with bitcoin
http://refuge3noitqegmmjericvur54ihyj7tsfyfwdblitaeaqu2koi7iuqd.onion Refuge Forum - Index
http://eux4gt4qcaiesps5w5rppxcenoe5shapwycums5yuiikmc4mpc74gpyd.onion/read.php?26,10698 Pedverse - (20 files | updated 2020/01/21)
http://rbcxodz4socx3rupvmhan2d7pvik4dpqmf4kexz6acyxbucf36a6ggid.onion 420prime - Cannabis in dispensary quality from the UK
http://refuge3noitqegmmjericvur54ihyj7tsfyfwdblitaeaqu2koi7iuqd.onion/index.php?action=login Log in
http://escrowkwttyhfyab3clkln7lfveyg7pfdwsv5vner35mhg7oaqz5uiid.onion The Escrow - Dark Web Escrow Service
http://72typmu5edrjmcdkzuzmv2i4zqru7rjlrcxwtod4nu6qtfsqegngzead.onion/ Samourai Wallet - Home
http://pliy7tiq6jf77gkg2sezlx7ljynkysxq6ptmfbfcdyrvihp7i6imyyqd.onion Counterfeit USD - High quality USD Counterfeits - Best USD counterfeits on the market - buy fake USD banknotes with Bitcoin
http://csmail3thcskmzvjicww3qdkvrhb6pb5s7zjqtb3gdst6guby2stsiqd.onion/ ✉ disposable e-mail
http://metagerv65pwclop2rsfzg4jwowpavpwd6grhhlvdgsswvo6ii4akgyd.onion MetaGer - Mehr als eine Suchmaschine
http://eux4gt4qcaiesps5w5rppxcenoe5shapwycums5yuiikmc4mpc74gpyd.onion/read.php?5,8494 Sheela and Cyanide (Monster Gang) - (10+ comics | updated 2021/01/20)
http://eux4gt4qcaiesps5w5rppxcenoe5shapwycums5yuiikmc4mpc74gpyd.onion/read.php?26,4157 JaehTheBird - Expansion (7 files | updated 2019/05/07)
http://c32zjeghcp5tj3kb72pltz56piei66drc63vkhn5yixiyk4cmerrjtid.onion Raddle
http://wosc4noitfscyywccasl3c4yu3lftpl2adxuvprp6sbg4fud6mkrwqqd.onion UK Passports - Buy real UK passports, become a UK citizen now. Our passports are no fake passports, they are real passports.
http://sazyr2ntihjqpjtruxbn2z7kingj6hfgysiy5lzgo2aqduqpa3gfgmyd.onion Dark Mining - Bitcoin mining with real profits
http://sa3ut5u4qdw7yiunpdieypzsrdylhbtafyhymd75syjcn46yb5ulttid.onion HQER - High Quality Euro Counterfeits - best counterfeit bank notes in europe
http://eux4gt4qcaiesps5w5rppxcenoe5shapwycums5yuiikmc4mpc74gpyd.onion/read.php?25,6396 Jag27/Otto Maddox (30+ files | updated 2020/03/21)
http://2yldcptk56shc7lwieozoglw3t5ghty7m6mf2faysvfnzccqavbu2mad.onion Tor Project | People
http://m6rqq6kocsyugo2laitup5nn32bwm3lh677chuodjfmggczoafzwfcad.onion/media.defcon.org-css/media-faq.html DEF CON Media Server
http://ransomocmou6mnbquqz44ewosbkjk3o5qjsl3orawojexfook2j7esad.onion/nrg-innovations-database-leak/ NRG Innovations DataBase Leak – Everest Ransomware Group
http://xsglq2kdl72b2wmtn5b2b7lodjmemnmcct37owlz5inrhzvyfdnryqid.onion The Hidden Wiki
https://www.reddittorjg6rue252oqsxryoxengawnmo46qy4kyii5wtqnwfj4ooad.onion/login/?dest=https%3A%2F%2Fwww.reddittorjg6rue252oqsxryoxengawnmo46qy4kyii5wtqnwfj4ooad.onion%2Fr%2Fdefcon%3Frdt%3D55840 
https://it-it.facebookwkhpilnemxj7asaniu7vnjjbiltxjqhye3mhbshg7kx5tfyd.onion/ Facebook: accedi o iscriviti
http://gkcns4d3453llqjrksxdijfmmdjpqsykt6misgojxlhsnpivtl3uwhqd.onion DrChronic - Weed straight from the source.
http://cardzilevs4j4nj6uswfwf35oxnp64yrrtazjgap2w3vgoz2pwkp6sqd.onion Cardzilla - Best Financial Market
http://wms5y25kttgihs4rt2sifsbwsjqjrx3vtc42tsu2obksqkj7y666fgid.onion DCdutchconnectionUK - The original dutch connection
http://eux4gt4qcaiesps5w5rppxcenoe5shapwycums5yuiikmc4mpc74gpyd.onion/read.php?26,12667,12667#msg-12667 Platamatina - (2 files | updated 2019/08/17)
http://5wvugn3zqfbianszhldcqz2u7ulj3xex6i3ha3c5znpgdcnqzn24nnid.onion/wiki/index.php?title=Main_Page&action=edit&section=1 The Hidden Wiki
http://oniondxjxs2mzjkbz7ldlflenh6huksestjsisc3usxht3wqgk6a62yd.onion Onion Index - Search the Deep Web
http://psyshopshweetovp4em654waimmcjsf7eqifwe2d4qhnluk2b24r6dqd.onion PSY SHOP - Drugs Portal
http://5wvugn3zqfbianszhldcqz2u7ulj3xex6i3ha3c5znpgdcnqzn24nnid.onion The Hidden Wiki
http://hssza6r6fbui4x452ayv3dkeynvjlkzllezxf3aizxppmcfmz2mg7uad.onion/product-category/drugs-2/ Drugs – Cash Cow
http://c32zjeghcp5tj3kb72pltz56piei66drc63vkhn5yixiyk4cmerrjtid.onion/?next%5Branking%5D=1681916114&next%5Bid%5D=153679 Raddle
http://qrtitjevs5nxq6jvrnrjyz5dasi3nbzx24mzmfxnuk2dnzhpphcmgoyd.onion The Dark Web Pug
http://hssza6r6fbui4x452ayv3dkeynvjlkzllezxf3aizxppmcfmz2mg7uad.onion/product/ddos-attacks/ DDoS Attacks – Cash Cow
http://eux4gt4qcaiesps5w5rppxcenoe5shapwycums5yuiikmc4mpc74gpyd.onion/read.php?5,3819,page=3 Muscle Fan - (110+ files | updated 2021/01/20)
http://3wymlmcsvxiaqzmbepsdawqpk6o2qsk65jhms72qqjulk5u4bgmvs3qd.onion/magic magic [Wizardry and Steamworks]
http://2a2a2abbjsjcjwfuozip6idfxsxyowoi3ajqyehqzfqyxezhacur7oyd.onion/become-a-vendor/ Become a vendor – DARK empire MARKET ✅
http://2a2a2abbjsjcjwfuozip6idfxsxyowoi3ajqyehqzfqyxezhacur7oyd.onion/escrow/ Escrow – DARK empire MARKET ✅
http://2a2a2abbjsjcjwfuozip6idfxsxyowoi3ajqyehqzfqyxezhacur7oyd.onion/cart/ Cart – DARK empire MARKET ✅
http://onionamev33r7w4zckyttobq3vrt725iuyr6xessihxifhxrhupixqad.onion/checkout.php Waiting for payment
http://hssza6r6fbui4x452ayv3dkeynvjlkzllezxf3aizxppmcfmz2mg7uad.onion/product-tag/money/ money – Cash Cow
http://hssza6r6fbui4x452ayv3dkeynvjlkzllezxf3aizxppmcfmz2mg7uad.onion/product/5000-usd-mastercard-platinum-prepaid/ 5000 USD MasterCard Platinum – prepaid – Cash Cow
http://hssza6r6fbui4x452ayv3dkeynvjlkzllezxf3aizxppmcfmz2mg7uad.onion/market/page/4/ Marketplace – Page 4 – Cash Cow
http://zkj7mzglnrbvu3elepazau7ol26cmq7acryvsqxvh4sreoydhzin7zid.onion Dark Web Hackers
http://facebookwkhpilnemxj7asaniu7vnjjbiltxjqhye3mhbshg7kx5tfyd.onion Facebook - log in or sign up
http://vvedndyt433kopnhv6vejxnut54y5752vpxshjaqmj7ftwiu6quiv2ad.onion PsychonautWiki
http://pz5uprzhnzeotviraa2fogkua5nlnmu75pbnnqu4fnwgfffldwxog7ad.onion USA Citizenship - Become a citizen of the USA today, possible for everyone. Payment with bitcoin.
http://facebookwkhpilnemxj7asaniu7vnjjbiltxjqhye3mhbshg7kx5tfyd.onion/ Facebook - log in or sign up
http://5kpq325ecpcncl4o2xksvaso5tuydwj2kuqmpgtmu3vzfxkpiwsqpfid.onion VirginBitcoins
http://onili244aue7jkvzn2bgaszcb7nznkpyihdhh7evflp3iskfq7vhlzid.onion UK Guns and Ammo Store - Buy guns and ammo in the UK for Bitcoin.
https://njallalafimoej5i4eg7vlnqjvmb6zhdh27qxcatdn647jtwwwui3nad.onion/ Njalla — Worlds most notorious privacy provider for domains, VPS' and VPNs.
http://ransomocmou6mnbquqz44ewosbkjk3o5qjsl3orawojexfook2j7esad.onion/ Everest Ransomware Group
http://xh6liiypqffzwnu5734ucwps37tn2g6npthvugz3gdoqpikujju525yd.onion/index.php/109330/o-que-voc%C3%AAs-acham-de-chans#a109370 O que vocês acham de chans? - Respostas Ocultas
http://2ezyofc26j73hv3xxvsrnbc23dqxhgxqtk5ogcc7y6j5t6rlqquvhzid.onion Bitcoin Investment Trust - earn 5-9% per week!
http://kdpunfuwpqcbwyawxnuliov7yzj5zucw7gremfii4fgzbtbmfnrk46yd.onion cocaine, ecstasy, speed, MDMA, methamphetamine, hashish, LSD, ketamine,adderall, fentanyl-
http://kdpunfuwpqcbwyawxnuliov7yzj5zucw7gremfii4fgzbtbmfnrk46yd.onion/p/instant-western-union-transfers-bank-transfers-cloned-cards INSTANT WESTERN UNION TRANSFERS| BANK TRANSFERS|CLONED CARDS-
http://kdpunfuwpqcbwyawxnuliov7yzj5zucw7gremfii4fgzbtbmfnrk46yd.onion/p/explosives-for-sale-firearms-for-sale-germany-guns-for-sale-guns-for-sale-online explosives for sale, firearms for sale, Germany, guns for sale, Guns for sale online-
http://5ecey6oe4rocdsfoigr4idu42cecm2j7zfogc3xc7kfn4uriehwrs6qd.onion Tor Project | Anonymity Online
http://xh6liiypqffzwnu5734ucwps37tn2g6npthvugz3gdoqpikujju525yd.onion/index.php/46939/alguem-sabe-sites-hacking-carders-programa%C3%A7%C3%A3o-para-aprenzado Alguem sabe sites de hacking/carders/programação para aprenzado ? - Respostas Ocultas
http://2a2a2abbjsjcjwfuozip6idfxsxyowoi3ajqyehqzfqyxezhacur7oyd.onion/product-category/counterfeits/ Counterfeits – DARK empire MARKET ✅
http://xh6liiypqffzwnu5734ucwps37tn2g6npthvugz3gdoqpikujju525yd.onion/index.php/131539/bate-papo-com-slackjeff Bate papo com SlackJeff - Respostas Ocultas
http://xh6liiypqffzwnu5734ucwps37tn2g6npthvugz3gdoqpikujju525yd.onion/index.php/112090/darkmode-e-atualiza%C3%A7%C3%B5es-futuras Darkmode e Atualizações Futuras - Respostas Ocultas
http://2a2a2abbjsjcjwfuozip6idfxsxyowoi3ajqyehqzfqyxezhacur7oyd.onion DARK empire MARKET ✅ – Best Tor darknet market |       Credit Card Cloned Carding Hacking Drugs Dumps Paypal Hack Free Bitcoin Money Counterfeit Cash Buy Gun Gift Passport Visa Mastercard Amex Verified Trusted Bitcoins Escrow Top Hidden Wiki Onion Links Forum
http://2a2a2abbjsjcjwfuozip6idfxsxyowoi3ajqyehqzfqyxezhacur7oyd.onion/faq/ FAQ – DARK empire MARKET ✅
http://hssza6r6fbui4x452ayv3dkeynvjlkzllezxf3aizxppmcfmz2mg7uad.onion/store/paper-judge//#tab_links_area Paper Judge – Products – Cash Cow
http://hssza6r6fbui4x452ayv3dkeynvjlkzllezxf3aizxppmcfmz2mg7uad.onion/store/paper-judge/about/#tab_links_area Paper Judge – About – Cash Cow
http://hssza6r6fbui4x452ayv3dkeynvjlkzllezxf3aizxppmcfmz2mg7uad.onion/store/paper-judge/policies/#tab_links_area Paper Judge – Policies – Cash Cow
https://ar-ar.facebookwkhpilnemxj7asaniu7vnjjbiltxjqhye3mhbshg7kx5tfyd.onion/ فيسبوك - تسجيل الدخول أو الاشتراك
http://ransomocmou6mnbquqz44ewosbkjk3o5qjsl3orawojexfook2j7esad.onion/about/ About – Everest Ransomware Group
http://hssza6r6fbui4x452ayv3dkeynvjlkzllezxf3aizxppmcfmz2mg7uad.onion/product/5000-usd-visa-gold-prepaid/ 5000 USD Visa Gold – prepaid – Cash Cow
http://3wymlmcsvxiaqzmbepsdawqpk6o2qsk65jhms72qqjulk5u4bgmvs3qd.onion/opensim opensim [Wizardry and Steamworks]
http://xh6liiypqffzwnu5734ucwps37tn2g6npthvugz3gdoqpikujju525yd.onion/index.php/33309/estou-de-volta#a33320 ESTOU DE VOLTA - Respostas Ocultas
http://blackma333zetynnrblc7uidfp2tewhtwpojxxvmty3n4cdsc7iyukad.onion BlackMart - Products 
http://xh6liiypqffzwnu5734ucwps37tn2g6npthvugz3gdoqpikujju525yd.onion/index.php/28780/respostas-ocultas-javascript-p%C3%A1ginas-desencorajado-comunidade#a28825 Porque o site Respostas Ocultas usa javascript em suas páginas quando o uso é desencorajado pela comunidade Tor em geral? - Respostas Ocultas
https://hi-in.facebookwkhpilnemxj7asaniu7vnjjbiltxjqhye3mhbshg7kx5tfyd.onion/ Facebook - लॉग इन या साइन अप करें
http://xh6liiypqffzwnu5734ucwps37tn2g6npthvugz3gdoqpikujju525yd.onion/index.php/130395/o-que-voc%C3%AA-pensou-que-nunca-faria#a130428 O que você pensou que nunca faria? - Respostas Ocultas
https://zh-cn.facebookwkhpilnemxj7asaniu7vnjjbiltxjqhye3mhbshg7kx5tfyd.onion/ Facebook - 登录或注册
https://www.facebookwkhpilnemxj7asaniu7vnjjbiltxjqhye3mhbshg7kx5tfyd.onion/recover/initiate/?privacy_mutation_token=eyJ0eXBlIjowLCJjcmVhdGlvbl90aW1lIjoxNjgyMDI0MjU1LCJjYWxsc2l0ZV9pZCI6MzgxMjI5MDc5NTc1OTQ2fQ%3D%3D&ars=facebook_login Forgot password | Can't log in | Facebook
https://developers.facebookwkhpilnemxj7asaniu7vnjjbiltxjqhye3mhbshg7kx5tfyd.onion/?ref=pf Meta for Developers
http://5ajw6aqf3ep7sijnscdzw77t7xq4xjpsy335yb2wiwgouo7yfxtjlmid.onion Debian -- Security Information 
http://cw4obbxygyiafjgkuzxdq5swmaa74c5eqla5kxbdl2nbd2npt6non5qd.onion/p/buy-weed-buy-drugs-buy-canabis Online Drugs Guns Store - Buy Weed, Buy Drugs Buy Canabis
https://en.wikipedia.org/wiki/Backdoor_(computing)#Compiler_backdoors">compiler backdoors</a>. The <a href="http://rbzfp7h25zcnmxu4wnxhespe64addpopah5ckfpdfyy4qetpziitp5qd.onion/">project’s homepage</a> is hosted on Tor (<a href="https://www.zq1.de/~bernhard/mirror/rbzfp7h25zcnmxu4wnxhespe64addpopah5ckfpdfyy4qetpziitp5qd.onion Backdoor (computing) - Wikipedia
http://ransomocmou6mnbquqz44ewosbkjk3o5qjsl3orawojexfook2j7esad.onion/rundle-eye-care-database-leak/ Rundle Eye Care DataBase Leak – Everest Ransomware Group
http://z7s2w5vruxbp2wzts3snxs24yggbtdcdj5kp2f6z5gimouyh3wiaf7id.onion AccMarket - Premium Paypal - Ebay and Bank Accounts
http://suprbaydvdcaynfo4dgdzgxb4zuso7rftlil5yg5kqjefnw4wq4ulcad.onion/misc.php?action=syndication SuprBay: The PirateBay Forum - Latest Thread Syndication
http://suprbaydvdcaynfo4dgdzgxb4zuso7rftlil5yg5kqjefnw4wq4ulcad.onion/archive/index.php SuprBay: The PirateBay Forum
http://ransomocmou6mnbquqz44ewosbkjk3o5qjsl3orawojexfook2j7esad.onion/stages-pediatric-care-new-250-personal-records/ Stages Pediatric Care New 250 personal records – Everest Ransomware Group
http://ransomocmou6mnbquqz44ewosbkjk3o5qjsl3orawojexfook2j7esad.onion/stages-pediatric-care-new-40-personal-records/ Stages Pediatric Care New 40 personal records – Everest Ransomware Group
http://ransomocmou6mnbquqz44ewosbkjk3o5qjsl3orawojexfook2j7esad.onion/us-district-court-on-sale/ US District Court IL / On sale – Everest Ransomware Group
http://2a2a2abbjsjcjwfuozip6idfxsxyowoi3ajqyehqzfqyxezhacur7oyd.onion/news/ News – DARK empire MARKET ✅
http://2a2a2abbjsjcjwfuozip6idfxsxyowoi3ajqyehqzfqyxezhacur7oyd.onion/shop/guns/wpa-custom-multicam-ak47-rifle/comment-page-1/#comment-32347 WPA Custom Multicam AK47 Rifle – DARK empire MARKET ✅
https://www.facebookwkhpilnemxj7asaniu7vnjjbiltxjqhye3mhbshg7kx5tfyd.onion/radiosvoboda Radio Svoboda - Радио Свобода - Home
http://2a2a2abbjsjcjwfuozip6idfxsxyowoi3ajqyehqzfqyxezhacur7oyd.onion/product-category/credit-cards/ Credit Cards – DARK empire MARKET ✅
